[2024-11-06T17:21:45.361+0000] {local_task_job_runner.py:123} INFO - ::group::Pre task execution logs
[2024-11-06T17:21:45.375+0000] {taskinstance.py:2612} INFO - Dependencies all met for dep_context=non-requeueable deps ti=<TaskInstance: etl_reddit_pipeline.reddit_extraction manual__2024-11-06T17:21:43.755130+00:00 [queued]>
[2024-11-06T17:21:45.382+0000] {taskinstance.py:2612} INFO - Dependencies all met for dep_context=requeueable deps ti=<TaskInstance: etl_reddit_pipeline.reddit_extraction manual__2024-11-06T17:21:43.755130+00:00 [queued]>
[2024-11-06T17:21:45.383+0000] {taskinstance.py:2865} INFO - Starting attempt 1 of 1
[2024-11-06T17:21:45.397+0000] {taskinstance.py:2888} INFO - Executing <Task(PythonOperator): reddit_extraction> on 2024-11-06 17:21:43.755130+00:00
[2024-11-06T17:21:45.402+0000] {standard_task_runner.py:72} INFO - Started process 94 to run task
[2024-11-06T17:21:45.404+0000] {standard_task_runner.py:104} INFO - Running: ['airflow', 'tasks', 'run', 'etl_reddit_pipeline', 'reddit_extraction', 'manual__2024-11-06T17:21:43.755130+00:00', '--job-id', '22', '--raw', '--subdir', 'DAGS_FOLDER/reddit_dag.py', '--cfg-path', '/tmp/tmp9pk5lgj2']
[2024-11-06T17:21:45.407+0000] {standard_task_runner.py:105} INFO - Job 22: Subtask reddit_extraction
[2024-11-06T17:21:45.453+0000] {task_command.py:467} INFO - Running <TaskInstance: etl_reddit_pipeline.reddit_extraction manual__2024-11-06T17:21:43.755130+00:00 [running]> on host 3a2fdfeb3856
[2024-11-06T17:21:45.645+0000] {taskinstance.py:3131} INFO - Exporting env vars: AIRFLOW_CTX_DAG_OWNER='Swapnil Deshpande' AIRFLOW_CTX_DAG_ID='etl_reddit_pipeline' AIRFLOW_CTX_TASK_ID='reddit_extraction' AIRFLOW_CTX_EXECUTION_DATE='2024-11-06T17:21:43.755130+00:00' AIRFLOW_CTX_TRY_NUMBER='1' AIRFLOW_CTX_DAG_RUN_ID='manual__2024-11-06T17:21:43.755130+00:00'
[2024-11-06T17:21:45.647+0000] {taskinstance.py:731} INFO - ::endgroup::
[2024-11-06T17:21:45.660+0000] {logging_mixin.py:190} WARNING - Version 7.8.0 of praw is outdated. Version 7.8.1 was released Friday October 25, 2024.
[2024-11-06T17:21:45.662+0000] {logging_mixin.py:190} INFO - connected to reddit!
[2024-11-06T17:21:45.663+0000] {logging_mixin.py:190} INFO - <praw.reddit.Reddit object at 0x7f2f98501180>
[2024-11-06T17:21:45.663+0000] {logging_mixin.py:190} INFO - Extracting posts from Soccer, attempt 1
[2024-11-06T17:21:47.243+0000] {logging_mixin.py:190} INFO - Posts extracted: 1
[2024-11-06T17:21:47.244+0000] {logging_mixin.py:190} INFO - Posts extracted: 2
[2024-11-06T17:21:47.245+0000] {logging_mixin.py:190} INFO - Posts extracted: 3
[2024-11-06T17:21:47.246+0000] {logging_mixin.py:190} INFO - Posts extracted: 4
[2024-11-06T17:21:47.247+0000] {logging_mixin.py:190} INFO - Posts extracted: 5
[2024-11-06T17:21:47.248+0000] {logging_mixin.py:190} INFO - Posts extracted: 6
[2024-11-06T17:21:47.248+0000] {logging_mixin.py:190} INFO - Posts extracted: 7
[2024-11-06T17:21:47.249+0000] {logging_mixin.py:190} INFO - Posts extracted: 8
[2024-11-06T17:21:47.250+0000] {logging_mixin.py:190} INFO - Posts extracted: 9
[2024-11-06T17:21:47.251+0000] {logging_mixin.py:190} INFO - Posts extracted: 10
[2024-11-06T17:21:47.252+0000] {logging_mixin.py:190} INFO - Posts extracted: 11
[2024-11-06T17:21:47.253+0000] {logging_mixin.py:190} INFO - Posts extracted: 12
[2024-11-06T17:21:47.254+0000] {logging_mixin.py:190} INFO - Posts extracted: 13
[2024-11-06T17:21:47.260+0000] {logging_mixin.py:190} INFO - Posts extracted: 14
[2024-11-06T17:21:47.260+0000] {logging_mixin.py:190} INFO - Posts extracted: 15
[2024-11-06T17:21:47.261+0000] {logging_mixin.py:190} INFO - Posts extracted: 16
[2024-11-06T17:21:47.262+0000] {logging_mixin.py:190} INFO - Posts extracted: 17
[2024-11-06T17:21:47.263+0000] {logging_mixin.py:190} INFO - Posts extracted: 18
[2024-11-06T17:21:47.263+0000] {logging_mixin.py:190} INFO - Posts extracted: 19
[2024-11-06T17:21:47.264+0000] {logging_mixin.py:190} INFO - Posts extracted: 20
[2024-11-06T17:21:47.265+0000] {logging_mixin.py:190} INFO - Posts extracted: 21
[2024-11-06T17:21:47.266+0000] {logging_mixin.py:190} INFO - Posts extracted: 22
[2024-11-06T17:21:47.267+0000] {logging_mixin.py:190} INFO - Posts extracted: 23
[2024-11-06T17:21:47.268+0000] {logging_mixin.py:190} INFO - Posts extracted: 24
[2024-11-06T17:21:47.269+0000] {logging_mixin.py:190} INFO - Posts extracted: 25
[2024-11-06T17:21:47.275+0000] {logging_mixin.py:190} INFO - Posts extracted: 26
[2024-11-06T17:21:47.276+0000] {logging_mixin.py:190} INFO - Posts extracted: 27
[2024-11-06T17:21:47.277+0000] {logging_mixin.py:190} INFO - Posts extracted: 28
[2024-11-06T17:21:47.278+0000] {logging_mixin.py:190} INFO - Posts extracted: 29
[2024-11-06T17:21:47.279+0000] {logging_mixin.py:190} INFO - Posts extracted: 30
[2024-11-06T17:21:47.280+0000] {logging_mixin.py:190} INFO - Posts extracted: 31
[2024-11-06T17:21:47.281+0000] {logging_mixin.py:190} INFO - Posts extracted: 32
[2024-11-06T17:21:47.282+0000] {logging_mixin.py:190} INFO - Posts extracted: 33
[2024-11-06T17:21:47.283+0000] {logging_mixin.py:190} INFO - Posts extracted: 34
[2024-11-06T17:21:47.283+0000] {logging_mixin.py:190} INFO - Posts extracted: 35
[2024-11-06T17:21:47.285+0000] {logging_mixin.py:190} INFO - Posts extracted: 36
[2024-11-06T17:21:47.285+0000] {logging_mixin.py:190} INFO - Posts extracted: 37
[2024-11-06T17:21:47.286+0000] {logging_mixin.py:190} INFO - Posts extracted: 38
[2024-11-06T17:21:47.291+0000] {logging_mixin.py:190} INFO - Posts extracted: 39
[2024-11-06T17:21:47.292+0000] {logging_mixin.py:190} INFO - Posts extracted: 40
[2024-11-06T17:21:47.293+0000] {logging_mixin.py:190} INFO - Posts extracted: 41
[2024-11-06T17:21:47.293+0000] {logging_mixin.py:190} INFO - Posts extracted: 42
[2024-11-06T17:21:47.294+0000] {logging_mixin.py:190} INFO - Posts extracted: 43
[2024-11-06T17:21:47.295+0000] {logging_mixin.py:190} INFO - Posts extracted: 44
[2024-11-06T17:21:47.295+0000] {logging_mixin.py:190} INFO - Posts extracted: 45
[2024-11-06T17:21:47.296+0000] {logging_mixin.py:190} INFO - Posts extracted: 46
[2024-11-06T17:21:47.297+0000] {logging_mixin.py:190} INFO - Posts extracted: 47
[2024-11-06T17:21:47.298+0000] {logging_mixin.py:190} INFO - Posts extracted: 48
[2024-11-06T17:21:47.298+0000] {logging_mixin.py:190} INFO - Posts extracted: 49
[2024-11-06T17:21:47.299+0000] {logging_mixin.py:190} INFO - Posts extracted: 50
[2024-11-06T17:21:47.300+0000] {logging_mixin.py:190} INFO - Posts extracted: 51
[2024-11-06T17:21:47.301+0000] {logging_mixin.py:190} INFO - Posts extracted: 52
[2024-11-06T17:21:47.302+0000] {logging_mixin.py:190} INFO - Posts extracted: 53
[2024-11-06T17:21:47.307+0000] {logging_mixin.py:190} INFO - Posts extracted: 54
[2024-11-06T17:21:47.308+0000] {logging_mixin.py:190} INFO - Posts extracted: 55
[2024-11-06T17:21:47.309+0000] {logging_mixin.py:190} INFO - Posts extracted: 56
[2024-11-06T17:21:47.310+0000] {logging_mixin.py:190} INFO - Posts extracted: 57
[2024-11-06T17:21:47.311+0000] {logging_mixin.py:190} INFO - Posts extracted: 58
[2024-11-06T17:21:47.312+0000] {logging_mixin.py:190} INFO - Posts extracted: 59
[2024-11-06T17:21:47.312+0000] {logging_mixin.py:190} INFO - Posts extracted: 60
[2024-11-06T17:21:47.313+0000] {logging_mixin.py:190} INFO - Posts extracted: 61
[2024-11-06T17:21:47.314+0000] {logging_mixin.py:190} INFO - Posts extracted: 62
[2024-11-06T17:21:47.315+0000] {logging_mixin.py:190} INFO - Posts extracted: 63
[2024-11-06T17:21:47.316+0000] {logging_mixin.py:190} INFO - Posts extracted: 64
[2024-11-06T17:21:47.317+0000] {logging_mixin.py:190} INFO - Posts extracted: 65
[2024-11-06T17:21:47.318+0000] {logging_mixin.py:190} INFO - Posts extracted: 66
[2024-11-06T17:21:47.319+0000] {logging_mixin.py:190} INFO - Posts extracted: 67
[2024-11-06T17:21:47.320+0000] {logging_mixin.py:190} INFO - Posts extracted: 68
[2024-11-06T17:21:47.320+0000] {logging_mixin.py:190} INFO - Posts extracted: 69
[2024-11-06T17:21:47.321+0000] {logging_mixin.py:190} INFO - Posts extracted: 70
[2024-11-06T17:21:47.322+0000] {logging_mixin.py:190} INFO - Posts extracted: 71
[2024-11-06T17:21:47.323+0000] {logging_mixin.py:190} INFO - Posts extracted: 72
[2024-11-06T17:21:47.324+0000] {logging_mixin.py:190} INFO - Posts extracted: 73
[2024-11-06T17:21:47.325+0000] {logging_mixin.py:190} INFO - Posts extracted: 74
[2024-11-06T17:21:47.325+0000] {logging_mixin.py:190} INFO - Posts extracted: 75
[2024-11-06T17:21:47.326+0000] {logging_mixin.py:190} INFO - Posts extracted: 76
[2024-11-06T17:21:47.327+0000] {logging_mixin.py:190} INFO - Posts extracted: 77
[2024-11-06T17:21:47.327+0000] {logging_mixin.py:190} INFO - Posts extracted: 78
[2024-11-06T17:21:47.331+0000] {logging_mixin.py:190} INFO - Posts extracted: 79
[2024-11-06T17:21:47.332+0000] {logging_mixin.py:190} INFO - Posts extracted: 80
[2024-11-06T17:21:47.333+0000] {logging_mixin.py:190} INFO - Posts extracted: 81
[2024-11-06T17:21:47.334+0000] {logging_mixin.py:190} INFO - Posts extracted: 82
[2024-11-06T17:21:47.335+0000] {logging_mixin.py:190} INFO - Posts extracted: 83
[2024-11-06T17:21:47.336+0000] {logging_mixin.py:190} INFO - Posts extracted: 84
[2024-11-06T17:21:47.337+0000] {logging_mixin.py:190} INFO - Posts extracted: 85
[2024-11-06T17:21:47.337+0000] {logging_mixin.py:190} INFO - Posts extracted: 86
[2024-11-06T17:21:47.338+0000] {logging_mixin.py:190} INFO - Posts extracted: 87
[2024-11-06T17:21:47.339+0000] {logging_mixin.py:190} INFO - Posts extracted: 88
[2024-11-06T17:21:47.340+0000] {logging_mixin.py:190} INFO - Posts extracted: 89
[2024-11-06T17:21:47.340+0000] {logging_mixin.py:190} INFO - Posts extracted: 90
[2024-11-06T17:21:47.341+0000] {logging_mixin.py:190} INFO - Posts extracted: 91
[2024-11-06T17:21:47.342+0000] {logging_mixin.py:190} INFO - Posts extracted: 92
[2024-11-06T17:21:47.343+0000] {logging_mixin.py:190} INFO - Posts extracted: 93
[2024-11-06T17:21:47.343+0000] {logging_mixin.py:190} INFO - Posts extracted: 94
[2024-11-06T17:21:47.346+0000] {logging_mixin.py:190} INFO - Posts extracted: 95
[2024-11-06T17:21:47.347+0000] {logging_mixin.py:190} INFO - Posts extracted: 96
[2024-11-06T17:21:47.348+0000] {logging_mixin.py:190} INFO - Posts extracted: 97
[2024-11-06T17:21:47.349+0000] {logging_mixin.py:190} INFO - Posts extracted: 98
[2024-11-06T17:21:47.350+0000] {logging_mixin.py:190} INFO - Posts extracted: 99
[2024-11-06T17:21:47.351+0000] {logging_mixin.py:190} INFO - Posts extracted: 100
[2024-11-06T17:21:48.428+0000] {logging_mixin.py:190} INFO - Posts extracted: 101
[2024-11-06T17:21:48.429+0000] {logging_mixin.py:190} INFO - Posts extracted: 102
[2024-11-06T17:21:48.430+0000] {logging_mixin.py:190} INFO - Posts extracted: 103
[2024-11-06T17:21:48.431+0000] {logging_mixin.py:190} INFO - Posts extracted: 104
[2024-11-06T17:21:48.431+0000] {logging_mixin.py:190} INFO - Posts extracted: 105
[2024-11-06T17:21:48.432+0000] {logging_mixin.py:190} INFO - Posts extracted: 106
[2024-11-06T17:21:48.432+0000] {logging_mixin.py:190} INFO - Posts extracted: 107
[2024-11-06T17:21:48.433+0000] {logging_mixin.py:190} INFO - Posts extracted: 108
[2024-11-06T17:21:48.433+0000] {logging_mixin.py:190} INFO - Posts extracted: 109
[2024-11-06T17:21:48.434+0000] {logging_mixin.py:190} INFO - Posts extracted: 110
[2024-11-06T17:21:48.435+0000] {logging_mixin.py:190} INFO - Posts extracted: 111
[2024-11-06T17:21:48.436+0000] {logging_mixin.py:190} INFO - Posts extracted: 112
[2024-11-06T17:21:48.436+0000] {logging_mixin.py:190} INFO - Posts extracted: 113
[2024-11-06T17:21:48.437+0000] {logging_mixin.py:190} INFO - Posts extracted: 114
[2024-11-06T17:21:48.437+0000] {logging_mixin.py:190} INFO - Posts extracted: 115
[2024-11-06T17:21:48.438+0000] {logging_mixin.py:190} INFO - Posts extracted: 116
[2024-11-06T17:21:48.438+0000] {logging_mixin.py:190} INFO - Posts extracted: 117
[2024-11-06T17:21:48.439+0000] {logging_mixin.py:190} INFO - Posts extracted: 118
[2024-11-06T17:21:48.439+0000] {logging_mixin.py:190} INFO - Posts extracted: 119
[2024-11-06T17:21:48.440+0000] {logging_mixin.py:190} INFO - Posts extracted: 120
[2024-11-06T17:21:48.440+0000] {logging_mixin.py:190} INFO - Posts extracted: 121
[2024-11-06T17:21:48.441+0000] {logging_mixin.py:190} INFO - Posts extracted: 122
[2024-11-06T17:21:48.442+0000] {logging_mixin.py:190} INFO - Posts extracted: 123
[2024-11-06T17:21:48.443+0000] {logging_mixin.py:190} INFO - Posts extracted: 124
[2024-11-06T17:21:48.443+0000] {logging_mixin.py:190} INFO - Posts extracted: 125
[2024-11-06T17:21:48.444+0000] {logging_mixin.py:190} INFO - Posts extracted: 126
[2024-11-06T17:21:48.445+0000] {logging_mixin.py:190} INFO - Posts extracted: 127
[2024-11-06T17:21:48.446+0000] {logging_mixin.py:190} INFO - Posts extracted: 128
[2024-11-06T17:21:48.447+0000] {logging_mixin.py:190} INFO - Posts extracted: 129
[2024-11-06T17:21:48.447+0000] {logging_mixin.py:190} INFO - Posts extracted: 130
[2024-11-06T17:21:48.448+0000] {logging_mixin.py:190} INFO - Posts extracted: 131
[2024-11-06T17:21:48.449+0000] {logging_mixin.py:190} INFO - Posts extracted: 132
[2024-11-06T17:21:48.449+0000] {logging_mixin.py:190} INFO - Posts extracted: 133
[2024-11-06T17:21:48.450+0000] {logging_mixin.py:190} INFO - Posts extracted: 134
[2024-11-06T17:21:48.451+0000] {logging_mixin.py:190} INFO - Posts extracted: 135
[2024-11-06T17:21:48.452+0000] {logging_mixin.py:190} INFO - Posts extracted: 136
[2024-11-06T17:21:48.452+0000] {logging_mixin.py:190} INFO - Posts extracted: 137
[2024-11-06T17:21:48.453+0000] {logging_mixin.py:190} INFO - Posts extracted: 138
[2024-11-06T17:21:48.453+0000] {logging_mixin.py:190} INFO - Posts extracted: 139
[2024-11-06T17:21:48.454+0000] {logging_mixin.py:190} INFO - Posts extracted: 140
[2024-11-06T17:21:48.455+0000] {logging_mixin.py:190} INFO - Posts extracted: 141
[2024-11-06T17:21:48.455+0000] {logging_mixin.py:190} INFO - Posts extracted: 142
[2024-11-06T17:21:48.456+0000] {logging_mixin.py:190} INFO - Posts extracted: 143
[2024-11-06T17:21:48.457+0000] {logging_mixin.py:190} INFO - Posts extracted: 144
[2024-11-06T17:21:48.458+0000] {logging_mixin.py:190} INFO - Posts extracted: 145
[2024-11-06T17:21:48.459+0000] {logging_mixin.py:190} INFO - Posts extracted: 146
[2024-11-06T17:21:48.460+0000] {logging_mixin.py:190} INFO - Posts extracted: 147
[2024-11-06T17:21:48.460+0000] {logging_mixin.py:190} INFO - Posts extracted: 148
[2024-11-06T17:21:48.461+0000] {logging_mixin.py:190} INFO - Posts extracted: 149
[2024-11-06T17:21:48.462+0000] {logging_mixin.py:190} INFO - Posts extracted: 150
[2024-11-06T17:21:48.463+0000] {logging_mixin.py:190} INFO - Posts extracted: 151
[2024-11-06T17:21:48.463+0000] {logging_mixin.py:190} INFO - Posts extracted: 152
[2024-11-06T17:21:48.464+0000] {logging_mixin.py:190} INFO - Posts extracted: 153
[2024-11-06T17:21:48.465+0000] {logging_mixin.py:190} INFO - Posts extracted: 154
[2024-11-06T17:21:48.466+0000] {logging_mixin.py:190} INFO - Posts extracted: 155
[2024-11-06T17:21:48.467+0000] {logging_mixin.py:190} INFO - Posts extracted: 156
[2024-11-06T17:21:48.467+0000] {logging_mixin.py:190} INFO - Posts extracted: 157
[2024-11-06T17:21:48.468+0000] {logging_mixin.py:190} INFO - Posts extracted: 158
[2024-11-06T17:21:48.469+0000] {logging_mixin.py:190} INFO - Posts extracted: 159
[2024-11-06T17:21:48.470+0000] {logging_mixin.py:190} INFO - Posts extracted: 160
[2024-11-06T17:21:48.470+0000] {logging_mixin.py:190} INFO - Posts extracted: 161
[2024-11-06T17:21:48.471+0000] {logging_mixin.py:190} INFO - Posts extracted: 162
[2024-11-06T17:21:48.472+0000] {logging_mixin.py:190} INFO - Posts extracted: 163
[2024-11-06T17:21:48.472+0000] {logging_mixin.py:190} INFO - Posts extracted: 164
[2024-11-06T17:21:48.473+0000] {logging_mixin.py:190} INFO - Posts extracted: 165
[2024-11-06T17:21:48.473+0000] {logging_mixin.py:190} INFO - Posts extracted: 166
[2024-11-06T17:21:48.474+0000] {logging_mixin.py:190} INFO - Posts extracted: 167
[2024-11-06T17:21:48.475+0000] {logging_mixin.py:190} INFO - Posts extracted: 168
[2024-11-06T17:21:48.476+0000] {logging_mixin.py:190} INFO - Posts extracted: 169
[2024-11-06T17:21:48.476+0000] {logging_mixin.py:190} INFO - Posts extracted: 170
[2024-11-06T17:21:48.477+0000] {logging_mixin.py:190} INFO - Posts extracted: 171
[2024-11-06T17:21:48.477+0000] {logging_mixin.py:190} INFO - Posts extracted: 172
[2024-11-06T17:21:48.478+0000] {logging_mixin.py:190} INFO - Posts extracted: 173
[2024-11-06T17:21:48.479+0000] {logging_mixin.py:190} INFO - Posts extracted: 174
[2024-11-06T17:21:48.479+0000] {logging_mixin.py:190} INFO - Posts extracted: 175
[2024-11-06T17:21:48.480+0000] {logging_mixin.py:190} INFO - Posts extracted: 176
[2024-11-06T17:21:48.480+0000] {logging_mixin.py:190} INFO - Posts extracted: 177
[2024-11-06T17:21:48.481+0000] {logging_mixin.py:190} INFO - Posts extracted: 178
[2024-11-06T17:21:48.481+0000] {logging_mixin.py:190} INFO - Posts extracted: 179
[2024-11-06T17:21:48.482+0000] {logging_mixin.py:190} INFO - Posts extracted: 180
[2024-11-06T17:21:48.482+0000] {logging_mixin.py:190} INFO - Posts extracted: 181
[2024-11-06T17:21:48.483+0000] {logging_mixin.py:190} INFO - Posts extracted: 182
[2024-11-06T17:21:48.484+0000] {logging_mixin.py:190} INFO - Posts extracted: 183
[2024-11-06T17:21:48.484+0000] {logging_mixin.py:190} INFO - Posts extracted: 184
[2024-11-06T17:21:48.485+0000] {logging_mixin.py:190} INFO - Posts extracted: 185
[2024-11-06T17:21:48.485+0000] {logging_mixin.py:190} INFO - Posts extracted: 186
[2024-11-06T17:21:48.486+0000] {logging_mixin.py:190} INFO - Posts extracted: 187
[2024-11-06T17:21:48.487+0000] {logging_mixin.py:190} INFO - Posts extracted: 188
[2024-11-06T17:21:48.488+0000] {logging_mixin.py:190} INFO - Posts extracted: 189
[2024-11-06T17:21:48.488+0000] {logging_mixin.py:190} INFO - Posts extracted: 190
[2024-11-06T17:21:48.489+0000] {logging_mixin.py:190} INFO - Posts extracted: 191
[2024-11-06T17:21:48.489+0000] {logging_mixin.py:190} INFO - Posts extracted: 192
[2024-11-06T17:21:48.490+0000] {logging_mixin.py:190} INFO - Posts extracted: 193
[2024-11-06T17:21:48.490+0000] {logging_mixin.py:190} INFO - Posts extracted: 194
[2024-11-06T17:21:48.491+0000] {logging_mixin.py:190} INFO - Posts extracted: 195
[2024-11-06T17:21:48.492+0000] {logging_mixin.py:190} INFO - Posts extracted: 196
[2024-11-06T17:21:48.492+0000] {logging_mixin.py:190} INFO - Posts extracted: 197
[2024-11-06T17:21:48.493+0000] {logging_mixin.py:190} INFO - Posts extracted: 198
[2024-11-06T17:21:48.493+0000] {logging_mixin.py:190} INFO - Posts extracted: 199
[2024-11-06T17:21:48.494+0000] {logging_mixin.py:190} INFO - Posts extracted: 200
[2024-11-06T17:21:49.634+0000] {logging_mixin.py:190} INFO - Posts extracted: 201
[2024-11-06T17:21:49.636+0000] {logging_mixin.py:190} INFO - Posts extracted: 202
[2024-11-06T17:21:49.636+0000] {logging_mixin.py:190} INFO - Posts extracted: 203
[2024-11-06T17:21:49.637+0000] {logging_mixin.py:190} INFO - Posts extracted: 204
[2024-11-06T17:21:49.638+0000] {logging_mixin.py:190} INFO - Posts extracted: 205
[2024-11-06T17:21:49.638+0000] {logging_mixin.py:190} INFO - Posts extracted: 206
[2024-11-06T17:21:49.638+0000] {logging_mixin.py:190} INFO - Posts extracted: 207
[2024-11-06T17:21:49.639+0000] {logging_mixin.py:190} INFO - Posts extracted: 208
[2024-11-06T17:21:49.639+0000] {logging_mixin.py:190} INFO - Posts extracted: 209
[2024-11-06T17:21:49.640+0000] {logging_mixin.py:190} INFO - Posts extracted: 210
[2024-11-06T17:21:49.640+0000] {logging_mixin.py:190} INFO - Posts extracted: 211
[2024-11-06T17:21:49.641+0000] {logging_mixin.py:190} INFO - Posts extracted: 212
[2024-11-06T17:21:49.641+0000] {logging_mixin.py:190} INFO - Posts extracted: 213
[2024-11-06T17:21:49.642+0000] {logging_mixin.py:190} INFO - Posts extracted: 214
[2024-11-06T17:21:49.642+0000] {logging_mixin.py:190} INFO - Posts extracted: 215
[2024-11-06T17:21:49.643+0000] {logging_mixin.py:190} INFO - Posts extracted: 216
[2024-11-06T17:21:49.643+0000] {logging_mixin.py:190} INFO - Posts extracted: 217
[2024-11-06T17:21:49.643+0000] {logging_mixin.py:190} INFO - Posts extracted: 218
[2024-11-06T17:21:49.644+0000] {logging_mixin.py:190} INFO - Posts extracted: 219
[2024-11-06T17:21:49.644+0000] {logging_mixin.py:190} INFO - Posts extracted: 220
[2024-11-06T17:21:49.645+0000] {logging_mixin.py:190} INFO - Posts extracted: 221
[2024-11-06T17:21:49.645+0000] {logging_mixin.py:190} INFO - Posts extracted: 222
[2024-11-06T17:21:49.646+0000] {logging_mixin.py:190} INFO - Posts extracted: 223
[2024-11-06T17:21:49.646+0000] {logging_mixin.py:190} INFO - Posts extracted: 224
[2024-11-06T17:21:49.647+0000] {logging_mixin.py:190} INFO - Posts extracted: 225
[2024-11-06T17:21:49.647+0000] {logging_mixin.py:190} INFO - Posts extracted: 226
[2024-11-06T17:21:49.648+0000] {logging_mixin.py:190} INFO - Posts extracted: 227
[2024-11-06T17:21:49.648+0000] {logging_mixin.py:190} INFO - Posts extracted: 228
[2024-11-06T17:21:49.649+0000] {logging_mixin.py:190} INFO - Posts extracted: 229
[2024-11-06T17:21:49.649+0000] {logging_mixin.py:190} INFO - Posts extracted: 230
[2024-11-06T17:21:49.649+0000] {logging_mixin.py:190} INFO - Posts extracted: 231
[2024-11-06T17:21:49.650+0000] {logging_mixin.py:190} INFO - Posts extracted: 232
[2024-11-06T17:21:49.651+0000] {logging_mixin.py:190} INFO - Posts extracted: 233
[2024-11-06T17:21:49.651+0000] {logging_mixin.py:190} INFO - Posts extracted: 234
[2024-11-06T17:21:49.652+0000] {logging_mixin.py:190} INFO - Posts extracted: 235
[2024-11-06T17:21:49.652+0000] {logging_mixin.py:190} INFO - Posts extracted: 236
[2024-11-06T17:21:49.653+0000] {logging_mixin.py:190} INFO - Posts extracted: 237
[2024-11-06T17:21:49.653+0000] {logging_mixin.py:190} INFO - Posts extracted: 238
[2024-11-06T17:21:49.654+0000] {logging_mixin.py:190} INFO - Posts extracted: 239
[2024-11-06T17:21:49.654+0000] {logging_mixin.py:190} INFO - Posts extracted: 240
[2024-11-06T17:21:49.655+0000] {logging_mixin.py:190} INFO - Posts extracted: 241
[2024-11-06T17:21:49.655+0000] {logging_mixin.py:190} INFO - Posts extracted: 242
[2024-11-06T17:21:49.655+0000] {logging_mixin.py:190} INFO - Posts extracted: 243
[2024-11-06T17:21:49.656+0000] {logging_mixin.py:190} INFO - Posts extracted: 244
[2024-11-06T17:21:49.656+0000] {logging_mixin.py:190} INFO - Posts extracted: 245
[2024-11-06T17:21:49.657+0000] {logging_mixin.py:190} INFO - Posts extracted: 246
[2024-11-06T17:21:49.657+0000] {logging_mixin.py:190} INFO - Posts extracted: 247
[2024-11-06T17:21:49.658+0000] {logging_mixin.py:190} INFO - Posts extracted: 248
[2024-11-06T17:21:49.658+0000] {logging_mixin.py:190} INFO - Posts extracted: 249
[2024-11-06T17:21:49.659+0000] {logging_mixin.py:190} INFO - Posts extracted: 250
[2024-11-06T17:21:49.659+0000] {logging_mixin.py:190} INFO - Posts extracted: 251
[2024-11-06T17:21:49.660+0000] {logging_mixin.py:190} INFO - Posts extracted: 252
[2024-11-06T17:21:49.660+0000] {logging_mixin.py:190} INFO - Posts extracted: 253
[2024-11-06T17:21:49.660+0000] {logging_mixin.py:190} INFO - Posts extracted: 254
[2024-11-06T17:21:49.661+0000] {logging_mixin.py:190} INFO - Posts extracted: 255
[2024-11-06T17:21:49.661+0000] {logging_mixin.py:190} INFO - Posts extracted: 256
[2024-11-06T17:21:49.662+0000] {logging_mixin.py:190} INFO - Posts extracted: 257
[2024-11-06T17:21:49.662+0000] {logging_mixin.py:190} INFO - Posts extracted: 258
[2024-11-06T17:21:49.663+0000] {logging_mixin.py:190} INFO - Posts extracted: 259
[2024-11-06T17:21:49.663+0000] {logging_mixin.py:190} INFO - Posts extracted: 260
[2024-11-06T17:21:49.664+0000] {logging_mixin.py:190} INFO - Posts extracted: 261
[2024-11-06T17:21:49.664+0000] {logging_mixin.py:190} INFO - Posts extracted: 262
[2024-11-06T17:21:49.665+0000] {logging_mixin.py:190} INFO - Posts extracted: 263
[2024-11-06T17:21:49.665+0000] {logging_mixin.py:190} INFO - Posts extracted: 264
[2024-11-06T17:21:49.666+0000] {logging_mixin.py:190} INFO - Posts extracted: 265
[2024-11-06T17:21:49.666+0000] {logging_mixin.py:190} INFO - Posts extracted: 266
[2024-11-06T17:21:49.667+0000] {logging_mixin.py:190} INFO - Posts extracted: 267
[2024-11-06T17:21:49.667+0000] {logging_mixin.py:190} INFO - Posts extracted: 268
[2024-11-06T17:21:49.668+0000] {logging_mixin.py:190} INFO - Posts extracted: 269
[2024-11-06T17:21:49.668+0000] {logging_mixin.py:190} INFO - Posts extracted: 270
[2024-11-06T17:21:49.669+0000] {logging_mixin.py:190} INFO - Posts extracted: 271
[2024-11-06T17:21:49.669+0000] {logging_mixin.py:190} INFO - Posts extracted: 272
[2024-11-06T17:21:49.670+0000] {logging_mixin.py:190} INFO - Posts extracted: 273
[2024-11-06T17:21:49.670+0000] {logging_mixin.py:190} INFO - Posts extracted: 274
[2024-11-06T17:21:49.671+0000] {logging_mixin.py:190} INFO - Posts extracted: 275
[2024-11-06T17:21:49.671+0000] {logging_mixin.py:190} INFO - Posts extracted: 276
[2024-11-06T17:21:49.672+0000] {logging_mixin.py:190} INFO - Posts extracted: 277
[2024-11-06T17:21:49.672+0000] {logging_mixin.py:190} INFO - Posts extracted: 278
[2024-11-06T17:21:49.673+0000] {logging_mixin.py:190} INFO - Posts extracted: 279
[2024-11-06T17:21:49.673+0000] {logging_mixin.py:190} INFO - Posts extracted: 280
[2024-11-06T17:21:49.673+0000] {logging_mixin.py:190} INFO - Posts extracted: 281
[2024-11-06T17:21:49.674+0000] {logging_mixin.py:190} INFO - Posts extracted: 282
[2024-11-06T17:21:49.674+0000] {logging_mixin.py:190} INFO - Posts extracted: 283
[2024-11-06T17:21:49.675+0000] {logging_mixin.py:190} INFO - Posts extracted: 284
[2024-11-06T17:21:49.675+0000] {logging_mixin.py:190} INFO - Posts extracted: 285
[2024-11-06T17:21:49.676+0000] {logging_mixin.py:190} INFO - Posts extracted: 286
[2024-11-06T17:21:49.676+0000] {logging_mixin.py:190} INFO - Posts extracted: 287
[2024-11-06T17:21:49.677+0000] {logging_mixin.py:190} INFO - Posts extracted: 288
[2024-11-06T17:21:49.677+0000] {logging_mixin.py:190} INFO - Posts extracted: 289
[2024-11-06T17:21:49.678+0000] {logging_mixin.py:190} INFO - Posts extracted: 290
[2024-11-06T17:21:49.678+0000] {logging_mixin.py:190} INFO - Posts extracted: 291
[2024-11-06T17:21:49.679+0000] {logging_mixin.py:190} INFO - Posts extracted: 292
[2024-11-06T17:21:49.679+0000] {logging_mixin.py:190} INFO - Posts extracted: 293
[2024-11-06T17:21:49.679+0000] {logging_mixin.py:190} INFO - Posts extracted: 294
[2024-11-06T17:21:49.680+0000] {logging_mixin.py:190} INFO - Posts extracted: 295
[2024-11-06T17:21:49.680+0000] {logging_mixin.py:190} INFO - Posts extracted: 296
[2024-11-06T17:21:49.681+0000] {logging_mixin.py:190} INFO - Posts extracted: 297
[2024-11-06T17:21:49.681+0000] {logging_mixin.py:190} INFO - Posts extracted: 298
[2024-11-06T17:21:49.682+0000] {logging_mixin.py:190} INFO - Posts extracted: 299
[2024-11-06T17:21:49.682+0000] {logging_mixin.py:190} INFO - Posts extracted: 300
[2024-11-06T17:21:51.012+0000] {logging_mixin.py:190} INFO - Posts extracted: 301
[2024-11-06T17:21:51.016+0000] {logging_mixin.py:190} INFO - Posts extracted: 302
[2024-11-06T17:21:51.016+0000] {logging_mixin.py:190} INFO - Posts extracted: 303
[2024-11-06T17:21:51.017+0000] {logging_mixin.py:190} INFO - Posts extracted: 304
[2024-11-06T17:21:51.019+0000] {logging_mixin.py:190} INFO - Posts extracted: 305
[2024-11-06T17:21:51.020+0000] {logging_mixin.py:190} INFO - Posts extracted: 306
[2024-11-06T17:21:51.021+0000] {logging_mixin.py:190} INFO - Posts extracted: 307
[2024-11-06T17:21:51.022+0000] {logging_mixin.py:190} INFO - Posts extracted: 308
[2024-11-06T17:21:51.022+0000] {logging_mixin.py:190} INFO - Posts extracted: 309
[2024-11-06T17:21:51.023+0000] {logging_mixin.py:190} INFO - Posts extracted: 310
[2024-11-06T17:21:51.024+0000] {logging_mixin.py:190} INFO - Posts extracted: 311
[2024-11-06T17:21:51.024+0000] {logging_mixin.py:190} INFO - Posts extracted: 312
[2024-11-06T17:21:51.025+0000] {logging_mixin.py:190} INFO - Posts extracted: 313
[2024-11-06T17:21:51.025+0000] {logging_mixin.py:190} INFO - Posts extracted: 314
[2024-11-06T17:21:51.027+0000] {logging_mixin.py:190} INFO - Posts extracted: 315
[2024-11-06T17:21:51.027+0000] {logging_mixin.py:190} INFO - Posts extracted: 316
[2024-11-06T17:21:51.028+0000] {logging_mixin.py:190} INFO - Posts extracted: 317
[2024-11-06T17:21:51.029+0000] {logging_mixin.py:190} INFO - Posts extracted: 318
[2024-11-06T17:21:51.029+0000] {logging_mixin.py:190} INFO - Posts extracted: 319
[2024-11-06T17:21:51.030+0000] {logging_mixin.py:190} INFO - Posts extracted: 320
[2024-11-06T17:21:51.030+0000] {logging_mixin.py:190} INFO - Posts extracted: 321
[2024-11-06T17:21:51.031+0000] {logging_mixin.py:190} INFO - Posts extracted: 322
[2024-11-06T17:21:51.031+0000] {logging_mixin.py:190} INFO - Posts extracted: 323
[2024-11-06T17:21:51.032+0000] {logging_mixin.py:190} INFO - Posts extracted: 324
[2024-11-06T17:21:51.032+0000] {logging_mixin.py:190} INFO - Posts extracted: 325
[2024-11-06T17:21:51.032+0000] {logging_mixin.py:190} INFO - Posts extracted: 326
[2024-11-06T17:21:51.033+0000] {logging_mixin.py:190} INFO - Posts extracted: 327
[2024-11-06T17:21:51.033+0000] {logging_mixin.py:190} INFO - Posts extracted: 328
[2024-11-06T17:21:51.034+0000] {logging_mixin.py:190} INFO - Posts extracted: 329
[2024-11-06T17:21:51.035+0000] {logging_mixin.py:190} INFO - Posts extracted: 330
[2024-11-06T17:21:51.035+0000] {logging_mixin.py:190} INFO - Posts extracted: 331
[2024-11-06T17:21:51.036+0000] {logging_mixin.py:190} INFO - Posts extracted: 332
[2024-11-06T17:21:51.037+0000] {logging_mixin.py:190} INFO - Posts extracted: 333
[2024-11-06T17:21:51.037+0000] {logging_mixin.py:190} INFO - Posts extracted: 334
[2024-11-06T17:21:51.038+0000] {logging_mixin.py:190} INFO - Posts extracted: 335
[2024-11-06T17:21:51.038+0000] {logging_mixin.py:190} INFO - Posts extracted: 336
[2024-11-06T17:21:51.039+0000] {logging_mixin.py:190} INFO - Posts extracted: 337
[2024-11-06T17:21:51.039+0000] {logging_mixin.py:190} INFO - Posts extracted: 338
[2024-11-06T17:21:51.040+0000] {logging_mixin.py:190} INFO - Posts extracted: 339
[2024-11-06T17:21:51.040+0000] {logging_mixin.py:190} INFO - Posts extracted: 340
[2024-11-06T17:21:51.041+0000] {logging_mixin.py:190} INFO - Posts extracted: 341
[2024-11-06T17:21:51.041+0000] {logging_mixin.py:190} INFO - Posts extracted: 342
[2024-11-06T17:21:51.042+0000] {logging_mixin.py:190} INFO - Posts extracted: 343
[2024-11-06T17:21:51.042+0000] {logging_mixin.py:190} INFO - Posts extracted: 344
[2024-11-06T17:21:51.043+0000] {logging_mixin.py:190} INFO - Posts extracted: 345
[2024-11-06T17:21:51.043+0000] {logging_mixin.py:190} INFO - Posts extracted: 346
[2024-11-06T17:21:51.044+0000] {logging_mixin.py:190} INFO - Posts extracted: 347
[2024-11-06T17:21:51.044+0000] {logging_mixin.py:190} INFO - Posts extracted: 348
[2024-11-06T17:21:51.045+0000] {logging_mixin.py:190} INFO - Posts extracted: 349
[2024-11-06T17:21:51.045+0000] {logging_mixin.py:190} INFO - Posts extracted: 350
[2024-11-06T17:21:51.045+0000] {logging_mixin.py:190} INFO - Posts extracted: 351
[2024-11-06T17:21:51.046+0000] {logging_mixin.py:190} INFO - Posts extracted: 352
[2024-11-06T17:21:51.046+0000] {logging_mixin.py:190} INFO - Posts extracted: 353
[2024-11-06T17:21:51.047+0000] {logging_mixin.py:190} INFO - Posts extracted: 354
[2024-11-06T17:21:51.047+0000] {logging_mixin.py:190} INFO - Posts extracted: 355
[2024-11-06T17:21:51.048+0000] {logging_mixin.py:190} INFO - Posts extracted: 356
[2024-11-06T17:21:51.048+0000] {logging_mixin.py:190} INFO - Posts extracted: 357
[2024-11-06T17:21:51.049+0000] {logging_mixin.py:190} INFO - Posts extracted: 358
[2024-11-06T17:21:51.049+0000] {logging_mixin.py:190} INFO - Posts extracted: 359
[2024-11-06T17:21:51.050+0000] {logging_mixin.py:190} INFO - Posts extracted: 360
[2024-11-06T17:21:51.050+0000] {logging_mixin.py:190} INFO - Posts extracted: 361
[2024-11-06T17:21:51.051+0000] {logging_mixin.py:190} INFO - Posts extracted: 362
[2024-11-06T17:21:51.051+0000] {logging_mixin.py:190} INFO - Posts extracted: 363
[2024-11-06T17:21:51.052+0000] {logging_mixin.py:190} INFO - Posts extracted: 364
[2024-11-06T17:21:51.052+0000] {logging_mixin.py:190} INFO - Posts extracted: 365
[2024-11-06T17:21:51.053+0000] {logging_mixin.py:190} INFO - Posts extracted: 366
[2024-11-06T17:21:51.053+0000] {logging_mixin.py:190} INFO - Posts extracted: 367
[2024-11-06T17:21:51.054+0000] {logging_mixin.py:190} INFO - Posts extracted: 368
[2024-11-06T17:21:51.054+0000] {logging_mixin.py:190} INFO - Posts extracted: 369
[2024-11-06T17:21:51.055+0000] {logging_mixin.py:190} INFO - Posts extracted: 370
[2024-11-06T17:21:51.055+0000] {logging_mixin.py:190} INFO - Posts extracted: 371
[2024-11-06T17:21:51.056+0000] {logging_mixin.py:190} INFO - Posts extracted: 372
[2024-11-06T17:21:51.056+0000] {logging_mixin.py:190} INFO - Posts extracted: 373
[2024-11-06T17:21:51.056+0000] {logging_mixin.py:190} INFO - Posts extracted: 374
[2024-11-06T17:21:51.057+0000] {logging_mixin.py:190} INFO - Posts extracted: 375
[2024-11-06T17:21:51.057+0000] {logging_mixin.py:190} INFO - Posts extracted: 376
[2024-11-06T17:21:51.058+0000] {logging_mixin.py:190} INFO - Posts extracted: 377
[2024-11-06T17:21:51.058+0000] {logging_mixin.py:190} INFO - Posts extracted: 378
[2024-11-06T17:21:51.059+0000] {logging_mixin.py:190} INFO - Posts extracted: 379
[2024-11-06T17:21:51.059+0000] {logging_mixin.py:190} INFO - Posts extracted: 380
[2024-11-06T17:21:51.060+0000] {logging_mixin.py:190} INFO - Posts extracted: 381
[2024-11-06T17:21:51.060+0000] {logging_mixin.py:190} INFO - Posts extracted: 382
[2024-11-06T17:21:51.060+0000] {logging_mixin.py:190} INFO - Posts extracted: 383
[2024-11-06T17:21:51.061+0000] {logging_mixin.py:190} INFO - Posts extracted: 384
[2024-11-06T17:21:51.061+0000] {logging_mixin.py:190} INFO - Posts extracted: 385
[2024-11-06T17:21:51.062+0000] {logging_mixin.py:190} INFO - Posts extracted: 386
[2024-11-06T17:21:51.062+0000] {logging_mixin.py:190} INFO - Posts extracted: 387
[2024-11-06T17:21:51.063+0000] {logging_mixin.py:190} INFO - Posts extracted: 388
[2024-11-06T17:21:51.063+0000] {logging_mixin.py:190} INFO - Posts extracted: 389
[2024-11-06T17:21:51.064+0000] {logging_mixin.py:190} INFO - Posts extracted: 390
[2024-11-06T17:21:51.064+0000] {logging_mixin.py:190} INFO - Posts extracted: 391
[2024-11-06T17:21:51.065+0000] {logging_mixin.py:190} INFO - Posts extracted: 392
[2024-11-06T17:21:51.065+0000] {logging_mixin.py:190} INFO - Posts extracted: 393
[2024-11-06T17:21:51.065+0000] {logging_mixin.py:190} INFO - Posts extracted: 394
[2024-11-06T17:21:51.066+0000] {logging_mixin.py:190} INFO - Posts extracted: 395
[2024-11-06T17:21:51.066+0000] {logging_mixin.py:190} INFO - Posts extracted: 396
[2024-11-06T17:21:51.067+0000] {logging_mixin.py:190} INFO - Posts extracted: 397
[2024-11-06T17:21:51.068+0000] {logging_mixin.py:190} INFO - Posts extracted: 398
[2024-11-06T17:21:51.068+0000] {logging_mixin.py:190} INFO - Posts extracted: 399
[2024-11-06T17:21:51.069+0000] {logging_mixin.py:190} INFO - Posts extracted: 400
[2024-11-06T17:21:52.379+0000] {logging_mixin.py:190} INFO - Posts extracted: 401
[2024-11-06T17:21:52.381+0000] {logging_mixin.py:190} INFO - Posts extracted: 402
[2024-11-06T17:21:52.381+0000] {logging_mixin.py:190} INFO - Posts extracted: 403
[2024-11-06T17:21:52.382+0000] {logging_mixin.py:190} INFO - Posts extracted: 404
[2024-11-06T17:21:52.383+0000] {logging_mixin.py:190} INFO - Posts extracted: 405
[2024-11-06T17:21:52.383+0000] {logging_mixin.py:190} INFO - Posts extracted: 406
[2024-11-06T17:21:52.384+0000] {logging_mixin.py:190} INFO - Posts extracted: 407
[2024-11-06T17:21:52.385+0000] {logging_mixin.py:190} INFO - Posts extracted: 408
[2024-11-06T17:21:52.385+0000] {logging_mixin.py:190} INFO - Posts extracted: 409
[2024-11-06T17:21:52.386+0000] {logging_mixin.py:190} INFO - Posts extracted: 410
[2024-11-06T17:21:52.386+0000] {logging_mixin.py:190} INFO - Posts extracted: 411
[2024-11-06T17:21:52.387+0000] {logging_mixin.py:190} INFO - Posts extracted: 412
[2024-11-06T17:21:52.387+0000] {logging_mixin.py:190} INFO - Posts extracted: 413
[2024-11-06T17:21:52.388+0000] {logging_mixin.py:190} INFO - Posts extracted: 414
[2024-11-06T17:21:52.388+0000] {logging_mixin.py:190} INFO - Posts extracted: 415
[2024-11-06T17:21:52.389+0000] {logging_mixin.py:190} INFO - Posts extracted: 416
[2024-11-06T17:21:52.389+0000] {logging_mixin.py:190} INFO - Posts extracted: 417
[2024-11-06T17:21:52.390+0000] {logging_mixin.py:190} INFO - Posts extracted: 418
[2024-11-06T17:21:52.390+0000] {logging_mixin.py:190} INFO - Posts extracted: 419
[2024-11-06T17:21:52.391+0000] {logging_mixin.py:190} INFO - Posts extracted: 420
[2024-11-06T17:21:52.391+0000] {logging_mixin.py:190} INFO - Posts extracted: 421
[2024-11-06T17:21:52.392+0000] {logging_mixin.py:190} INFO - Posts extracted: 422
[2024-11-06T17:21:52.392+0000] {logging_mixin.py:190} INFO - Posts extracted: 423
[2024-11-06T17:21:52.392+0000] {logging_mixin.py:190} INFO - Posts extracted: 424
[2024-11-06T17:21:52.393+0000] {logging_mixin.py:190} INFO - Posts extracted: 425
[2024-11-06T17:21:52.393+0000] {logging_mixin.py:190} INFO - Posts extracted: 426
[2024-11-06T17:21:52.394+0000] {logging_mixin.py:190} INFO - Posts extracted: 427
[2024-11-06T17:21:52.394+0000] {logging_mixin.py:190} INFO - Posts extracted: 428
[2024-11-06T17:21:52.395+0000] {logging_mixin.py:190} INFO - Posts extracted: 429
[2024-11-06T17:21:52.395+0000] {logging_mixin.py:190} INFO - Posts extracted: 430
[2024-11-06T17:21:52.396+0000] {logging_mixin.py:190} INFO - Posts extracted: 431
[2024-11-06T17:21:52.396+0000] {logging_mixin.py:190} INFO - Posts extracted: 432
[2024-11-06T17:21:52.397+0000] {logging_mixin.py:190} INFO - Posts extracted: 433
[2024-11-06T17:21:52.397+0000] {logging_mixin.py:190} INFO - Posts extracted: 434
[2024-11-06T17:21:52.398+0000] {logging_mixin.py:190} INFO - Posts extracted: 435
[2024-11-06T17:21:52.398+0000] {logging_mixin.py:190} INFO - Posts extracted: 436
[2024-11-06T17:21:52.398+0000] {logging_mixin.py:190} INFO - Posts extracted: 437
[2024-11-06T17:21:52.399+0000] {logging_mixin.py:190} INFO - Posts extracted: 438
[2024-11-06T17:21:52.399+0000] {logging_mixin.py:190} INFO - Posts extracted: 439
[2024-11-06T17:21:52.400+0000] {logging_mixin.py:190} INFO - Posts extracted: 440
[2024-11-06T17:21:52.400+0000] {logging_mixin.py:190} INFO - Posts extracted: 441
[2024-11-06T17:21:52.401+0000] {logging_mixin.py:190} INFO - Posts extracted: 442
[2024-11-06T17:21:52.401+0000] {logging_mixin.py:190} INFO - Posts extracted: 443
[2024-11-06T17:21:52.402+0000] {logging_mixin.py:190} INFO - Posts extracted: 444
[2024-11-06T17:21:52.402+0000] {logging_mixin.py:190} INFO - Posts extracted: 445
[2024-11-06T17:21:52.403+0000] {logging_mixin.py:190} INFO - Posts extracted: 446
[2024-11-06T17:21:52.403+0000] {logging_mixin.py:190} INFO - Posts extracted: 447
[2024-11-06T17:21:52.404+0000] {logging_mixin.py:190} INFO - Posts extracted: 448
[2024-11-06T17:21:52.404+0000] {logging_mixin.py:190} INFO - Posts extracted: 449
[2024-11-06T17:21:52.405+0000] {logging_mixin.py:190} INFO - Posts extracted: 450
[2024-11-06T17:21:52.405+0000] {logging_mixin.py:190} INFO - Posts extracted: 451
[2024-11-06T17:21:52.406+0000] {logging_mixin.py:190} INFO - Posts extracted: 452
[2024-11-06T17:21:52.406+0000] {logging_mixin.py:190} INFO - Posts extracted: 453
[2024-11-06T17:21:52.407+0000] {logging_mixin.py:190} INFO - Posts extracted: 454
[2024-11-06T17:21:52.407+0000] {logging_mixin.py:190} INFO - Posts extracted: 455
[2024-11-06T17:21:52.408+0000] {logging_mixin.py:190} INFO - Posts extracted: 456
[2024-11-06T17:21:52.408+0000] {logging_mixin.py:190} INFO - Posts extracted: 457
[2024-11-06T17:21:52.408+0000] {logging_mixin.py:190} INFO - Posts extracted: 458
[2024-11-06T17:21:52.409+0000] {logging_mixin.py:190} INFO - Posts extracted: 459
[2024-11-06T17:21:52.409+0000] {logging_mixin.py:190} INFO - Posts extracted: 460
[2024-11-06T17:21:52.410+0000] {logging_mixin.py:190} INFO - Posts extracted: 461
[2024-11-06T17:21:52.410+0000] {logging_mixin.py:190} INFO - Posts extracted: 462
[2024-11-06T17:21:52.411+0000] {logging_mixin.py:190} INFO - Posts extracted: 463
[2024-11-06T17:21:52.411+0000] {logging_mixin.py:190} INFO - Posts extracted: 464
[2024-11-06T17:21:52.412+0000] {logging_mixin.py:190} INFO - Posts extracted: 465
[2024-11-06T17:21:52.412+0000] {logging_mixin.py:190} INFO - Posts extracted: 466
[2024-11-06T17:21:52.413+0000] {logging_mixin.py:190} INFO - Posts extracted: 467
[2024-11-06T17:21:52.413+0000] {logging_mixin.py:190} INFO - Posts extracted: 468
[2024-11-06T17:21:52.413+0000] {logging_mixin.py:190} INFO - Posts extracted: 469
[2024-11-06T17:21:52.414+0000] {logging_mixin.py:190} INFO - Posts extracted: 470
[2024-11-06T17:21:52.414+0000] {logging_mixin.py:190} INFO - Posts extracted: 471
[2024-11-06T17:21:52.415+0000] {logging_mixin.py:190} INFO - Posts extracted: 472
[2024-11-06T17:21:52.415+0000] {logging_mixin.py:190} INFO - Posts extracted: 473
[2024-11-06T17:21:52.416+0000] {logging_mixin.py:190} INFO - Posts extracted: 474
[2024-11-06T17:21:52.416+0000] {logging_mixin.py:190} INFO - Posts extracted: 475
[2024-11-06T17:21:52.417+0000] {logging_mixin.py:190} INFO - Posts extracted: 476
[2024-11-06T17:21:52.417+0000] {logging_mixin.py:190} INFO - Posts extracted: 477
[2024-11-06T17:21:52.418+0000] {logging_mixin.py:190} INFO - Posts extracted: 478
[2024-11-06T17:21:52.419+0000] {logging_mixin.py:190} INFO - Posts extracted: 479
[2024-11-06T17:21:52.419+0000] {logging_mixin.py:190} INFO - Posts extracted: 480
[2024-11-06T17:21:52.420+0000] {logging_mixin.py:190} INFO - Posts extracted: 481
[2024-11-06T17:21:52.420+0000] {logging_mixin.py:190} INFO - Posts extracted: 482
[2024-11-06T17:21:52.420+0000] {logging_mixin.py:190} INFO - Posts extracted: 483
[2024-11-06T17:21:52.421+0000] {logging_mixin.py:190} INFO - Posts extracted: 484
[2024-11-06T17:21:52.421+0000] {logging_mixin.py:190} INFO - Posts extracted: 485
[2024-11-06T17:21:52.422+0000] {logging_mixin.py:190} INFO - Posts extracted: 486
[2024-11-06T17:21:52.422+0000] {logging_mixin.py:190} INFO - Posts extracted: 487
[2024-11-06T17:21:52.423+0000] {logging_mixin.py:190} INFO - Posts extracted: 488
[2024-11-06T17:21:52.423+0000] {logging_mixin.py:190} INFO - Posts extracted: 489
[2024-11-06T17:21:52.424+0000] {logging_mixin.py:190} INFO - Posts extracted: 490
[2024-11-06T17:21:52.424+0000] {logging_mixin.py:190} INFO - Posts extracted: 491
[2024-11-06T17:21:52.425+0000] {logging_mixin.py:190} INFO - Posts extracted: 492
[2024-11-06T17:21:52.425+0000] {logging_mixin.py:190} INFO - Posts extracted: 493
[2024-11-06T17:21:52.426+0000] {logging_mixin.py:190} INFO - Posts extracted: 494
[2024-11-06T17:21:52.426+0000] {logging_mixin.py:190} INFO - Posts extracted: 495
[2024-11-06T17:21:52.427+0000] {logging_mixin.py:190} INFO - Posts extracted: 496
[2024-11-06T17:21:52.427+0000] {logging_mixin.py:190} INFO - Posts extracted: 497
[2024-11-06T17:21:52.427+0000] {logging_mixin.py:190} INFO - Posts extracted: 498
[2024-11-06T17:21:52.428+0000] {logging_mixin.py:190} INFO - Posts extracted: 499
[2024-11-06T17:21:52.428+0000] {logging_mixin.py:190} INFO - Posts extracted: 500
[2024-11-06T17:21:53.622+0000] {logging_mixin.py:190} INFO - Posts extracted: 501
[2024-11-06T17:21:53.623+0000] {logging_mixin.py:190} INFO - Posts extracted: 502
[2024-11-06T17:21:53.623+0000] {logging_mixin.py:190} INFO - Posts extracted: 503
[2024-11-06T17:21:53.624+0000] {logging_mixin.py:190} INFO - Posts extracted: 504
[2024-11-06T17:21:53.625+0000] {logging_mixin.py:190} INFO - Posts extracted: 505
[2024-11-06T17:21:53.625+0000] {logging_mixin.py:190} INFO - Posts extracted: 506
[2024-11-06T17:21:53.626+0000] {logging_mixin.py:190} INFO - Posts extracted: 507
[2024-11-06T17:21:53.626+0000] {logging_mixin.py:190} INFO - Posts extracted: 508
[2024-11-06T17:21:53.627+0000] {logging_mixin.py:190} INFO - Posts extracted: 509
[2024-11-06T17:21:53.627+0000] {logging_mixin.py:190} INFO - Posts extracted: 510
[2024-11-06T17:21:53.628+0000] {logging_mixin.py:190} INFO - Posts extracted: 511
[2024-11-06T17:21:53.628+0000] {logging_mixin.py:190} INFO - Posts extracted: 512
[2024-11-06T17:21:53.629+0000] {logging_mixin.py:190} INFO - Posts extracted: 513
[2024-11-06T17:21:53.629+0000] {logging_mixin.py:190} INFO - Posts extracted: 514
[2024-11-06T17:21:53.630+0000] {logging_mixin.py:190} INFO - Posts extracted: 515
[2024-11-06T17:21:53.630+0000] {logging_mixin.py:190} INFO - Posts extracted: 516
[2024-11-06T17:21:53.631+0000] {logging_mixin.py:190} INFO - Posts extracted: 517
[2024-11-06T17:21:53.631+0000] {logging_mixin.py:190} INFO - Posts extracted: 518
[2024-11-06T17:21:53.632+0000] {logging_mixin.py:190} INFO - Posts extracted: 519
[2024-11-06T17:21:53.632+0000] {logging_mixin.py:190} INFO - Posts extracted: 520
[2024-11-06T17:21:53.633+0000] {logging_mixin.py:190} INFO - Posts extracted: 521
[2024-11-06T17:21:53.633+0000] {logging_mixin.py:190} INFO - Posts extracted: 522
[2024-11-06T17:21:53.635+0000] {logging_mixin.py:190} INFO - Posts extracted: 523
[2024-11-06T17:21:53.635+0000] {logging_mixin.py:190} INFO - Posts extracted: 524
[2024-11-06T17:21:53.636+0000] {logging_mixin.py:190} INFO - Posts extracted: 525
[2024-11-06T17:21:53.636+0000] {logging_mixin.py:190} INFO - Posts extracted: 526
[2024-11-06T17:21:53.637+0000] {logging_mixin.py:190} INFO - Posts extracted: 527
[2024-11-06T17:21:53.637+0000] {logging_mixin.py:190} INFO - Posts extracted: 528
[2024-11-06T17:21:53.638+0000] {logging_mixin.py:190} INFO - Posts extracted: 529
[2024-11-06T17:21:53.638+0000] {logging_mixin.py:190} INFO - Posts extracted: 530
[2024-11-06T17:21:53.639+0000] {logging_mixin.py:190} INFO - Posts extracted: 531
[2024-11-06T17:21:53.639+0000] {logging_mixin.py:190} INFO - Posts extracted: 532
[2024-11-06T17:21:53.640+0000] {logging_mixin.py:190} INFO - Posts extracted: 533
[2024-11-06T17:21:53.640+0000] {logging_mixin.py:190} INFO - Posts extracted: 534
[2024-11-06T17:21:53.641+0000] {logging_mixin.py:190} INFO - Posts extracted: 535
[2024-11-06T17:21:53.641+0000] {logging_mixin.py:190} INFO - Posts extracted: 536
[2024-11-06T17:21:53.642+0000] {logging_mixin.py:190} INFO - Posts extracted: 537
[2024-11-06T17:21:53.642+0000] {logging_mixin.py:190} INFO - Posts extracted: 538
[2024-11-06T17:21:53.643+0000] {logging_mixin.py:190} INFO - Posts extracted: 539
[2024-11-06T17:21:53.643+0000] {logging_mixin.py:190} INFO - Posts extracted: 540
[2024-11-06T17:21:53.643+0000] {logging_mixin.py:190} INFO - Posts extracted: 541
[2024-11-06T17:21:53.644+0000] {logging_mixin.py:190} INFO - Posts extracted: 542
[2024-11-06T17:21:53.644+0000] {logging_mixin.py:190} INFO - Posts extracted: 543
[2024-11-06T17:21:53.645+0000] {logging_mixin.py:190} INFO - Posts extracted: 544
[2024-11-06T17:21:53.645+0000] {logging_mixin.py:190} INFO - Posts extracted: 545
[2024-11-06T17:21:53.646+0000] {logging_mixin.py:190} INFO - Posts extracted: 546
[2024-11-06T17:21:53.646+0000] {logging_mixin.py:190} INFO - Posts extracted: 547
[2024-11-06T17:21:53.647+0000] {logging_mixin.py:190} INFO - Posts extracted: 548
[2024-11-06T17:21:53.647+0000] {logging_mixin.py:190} INFO - Posts extracted: 549
[2024-11-06T17:21:53.648+0000] {logging_mixin.py:190} INFO - Posts extracted: 550
[2024-11-06T17:21:53.648+0000] {logging_mixin.py:190} INFO - Posts extracted: 551
[2024-11-06T17:21:53.648+0000] {logging_mixin.py:190} INFO - Posts extracted: 552
[2024-11-06T17:21:53.649+0000] {logging_mixin.py:190} INFO - Posts extracted: 553
[2024-11-06T17:21:53.649+0000] {logging_mixin.py:190} INFO - Posts extracted: 554
[2024-11-06T17:21:53.650+0000] {logging_mixin.py:190} INFO - Posts extracted: 555
[2024-11-06T17:21:53.650+0000] {logging_mixin.py:190} INFO - Posts extracted: 556
[2024-11-06T17:21:53.651+0000] {logging_mixin.py:190} INFO - Posts extracted: 557
[2024-11-06T17:21:53.651+0000] {logging_mixin.py:190} INFO - Posts extracted: 558
[2024-11-06T17:21:53.652+0000] {logging_mixin.py:190} INFO - Posts extracted: 559
[2024-11-06T17:21:53.653+0000] {logging_mixin.py:190} INFO - Posts extracted: 560
[2024-11-06T17:21:53.653+0000] {logging_mixin.py:190} INFO - Posts extracted: 561
[2024-11-06T17:21:53.653+0000] {logging_mixin.py:190} INFO - Posts extracted: 562
[2024-11-06T17:21:53.654+0000] {logging_mixin.py:190} INFO - Posts extracted: 563
[2024-11-06T17:21:53.655+0000] {logging_mixin.py:190} INFO - Posts extracted: 564
[2024-11-06T17:21:53.655+0000] {logging_mixin.py:190} INFO - Posts extracted: 565
[2024-11-06T17:21:53.655+0000] {logging_mixin.py:190} INFO - Posts extracted: 566
[2024-11-06T17:21:53.656+0000] {logging_mixin.py:190} INFO - Posts extracted: 567
[2024-11-06T17:21:53.656+0000] {logging_mixin.py:190} INFO - Posts extracted: 568
[2024-11-06T17:21:53.657+0000] {logging_mixin.py:190} INFO - Posts extracted: 569
[2024-11-06T17:21:53.657+0000] {logging_mixin.py:190} INFO - Posts extracted: 570
[2024-11-06T17:21:53.658+0000] {logging_mixin.py:190} INFO - Posts extracted: 571
[2024-11-06T17:21:53.658+0000] {logging_mixin.py:190} INFO - Posts extracted: 572
[2024-11-06T17:21:53.659+0000] {logging_mixin.py:190} INFO - Posts extracted: 573
[2024-11-06T17:21:53.659+0000] {logging_mixin.py:190} INFO - Posts extracted: 574
[2024-11-06T17:21:53.660+0000] {logging_mixin.py:190} INFO - Posts extracted: 575
[2024-11-06T17:21:53.660+0000] {logging_mixin.py:190} INFO - Posts extracted: 576
[2024-11-06T17:21:53.660+0000] {logging_mixin.py:190} INFO - Posts extracted: 577
[2024-11-06T17:21:53.661+0000] {logging_mixin.py:190} INFO - Posts extracted: 578
[2024-11-06T17:21:53.661+0000] {logging_mixin.py:190} INFO - Posts extracted: 579
[2024-11-06T17:21:53.662+0000] {logging_mixin.py:190} INFO - Posts extracted: 580
[2024-11-06T17:21:53.662+0000] {logging_mixin.py:190} INFO - Posts extracted: 581
[2024-11-06T17:21:53.663+0000] {logging_mixin.py:190} INFO - Posts extracted: 582
[2024-11-06T17:21:53.663+0000] {logging_mixin.py:190} INFO - Posts extracted: 583
[2024-11-06T17:21:53.664+0000] {logging_mixin.py:190} INFO - Posts extracted: 584
[2024-11-06T17:21:53.664+0000] {logging_mixin.py:190} INFO - Posts extracted: 585
[2024-11-06T17:21:53.665+0000] {logging_mixin.py:190} INFO - Posts extracted: 586
[2024-11-06T17:21:53.665+0000] {logging_mixin.py:190} INFO - Posts extracted: 587
[2024-11-06T17:21:53.666+0000] {logging_mixin.py:190} INFO - Posts extracted: 588
[2024-11-06T17:21:53.666+0000] {logging_mixin.py:190} INFO - Posts extracted: 589
[2024-11-06T17:21:53.667+0000] {logging_mixin.py:190} INFO - Posts extracted: 590
[2024-11-06T17:21:53.667+0000] {logging_mixin.py:190} INFO - Posts extracted: 591
[2024-11-06T17:21:53.668+0000] {logging_mixin.py:190} INFO - Posts extracted: 592
[2024-11-06T17:21:53.668+0000] {logging_mixin.py:190} INFO - Posts extracted: 593
[2024-11-06T17:21:53.669+0000] {logging_mixin.py:190} INFO - Posts extracted: 594
[2024-11-06T17:21:53.669+0000] {logging_mixin.py:190} INFO - Posts extracted: 595
[2024-11-06T17:21:53.670+0000] {logging_mixin.py:190} INFO - Posts extracted: 596
[2024-11-06T17:21:53.670+0000] {logging_mixin.py:190} INFO - Posts extracted: 597
[2024-11-06T17:21:53.671+0000] {logging_mixin.py:190} INFO - Posts extracted: 598
[2024-11-06T17:21:53.671+0000] {logging_mixin.py:190} INFO - Posts extracted: 599
[2024-11-06T17:21:53.672+0000] {logging_mixin.py:190} INFO - Posts extracted: 600
[2024-11-06T17:21:54.961+0000] {logging_mixin.py:190} INFO - Posts extracted: 601
[2024-11-06T17:21:54.962+0000] {logging_mixin.py:190} INFO - Posts extracted: 602
[2024-11-06T17:21:54.963+0000] {logging_mixin.py:190} INFO - Posts extracted: 603
[2024-11-06T17:21:54.963+0000] {logging_mixin.py:190} INFO - Posts extracted: 604
[2024-11-06T17:21:54.964+0000] {logging_mixin.py:190} INFO - Posts extracted: 605
[2024-11-06T17:21:54.964+0000] {logging_mixin.py:190} INFO - Posts extracted: 606
[2024-11-06T17:21:54.965+0000] {logging_mixin.py:190} INFO - Posts extracted: 607
[2024-11-06T17:21:54.965+0000] {logging_mixin.py:190} INFO - Posts extracted: 608
[2024-11-06T17:21:54.966+0000] {logging_mixin.py:190} INFO - Posts extracted: 609
[2024-11-06T17:21:54.966+0000] {logging_mixin.py:190} INFO - Posts extracted: 610
[2024-11-06T17:21:54.967+0000] {logging_mixin.py:190} INFO - Posts extracted: 611
[2024-11-06T17:21:54.967+0000] {logging_mixin.py:190} INFO - Posts extracted: 612
[2024-11-06T17:21:54.968+0000] {logging_mixin.py:190} INFO - Posts extracted: 613
[2024-11-06T17:21:54.968+0000] {logging_mixin.py:190} INFO - Posts extracted: 614
[2024-11-06T17:21:54.969+0000] {logging_mixin.py:190} INFO - Posts extracted: 615
[2024-11-06T17:21:54.969+0000] {logging_mixin.py:190} INFO - Posts extracted: 616
[2024-11-06T17:21:54.970+0000] {logging_mixin.py:190} INFO - Posts extracted: 617
[2024-11-06T17:21:54.970+0000] {logging_mixin.py:190} INFO - Posts extracted: 618
[2024-11-06T17:21:54.971+0000] {logging_mixin.py:190} INFO - Posts extracted: 619
[2024-11-06T17:21:54.971+0000] {logging_mixin.py:190} INFO - Posts extracted: 620
[2024-11-06T17:21:54.972+0000] {logging_mixin.py:190} INFO - Posts extracted: 621
[2024-11-06T17:21:54.972+0000] {logging_mixin.py:190} INFO - Posts extracted: 622
[2024-11-06T17:21:54.973+0000] {logging_mixin.py:190} INFO - Posts extracted: 623
[2024-11-06T17:21:54.973+0000] {logging_mixin.py:190} INFO - Posts extracted: 624
[2024-11-06T17:21:54.974+0000] {logging_mixin.py:190} INFO - Posts extracted: 625
[2024-11-06T17:21:54.974+0000] {logging_mixin.py:190} INFO - Posts extracted: 626
[2024-11-06T17:21:54.974+0000] {logging_mixin.py:190} INFO - Posts extracted: 627
[2024-11-06T17:21:54.975+0000] {logging_mixin.py:190} INFO - Posts extracted: 628
[2024-11-06T17:21:54.976+0000] {logging_mixin.py:190} INFO - Posts extracted: 629
[2024-11-06T17:21:54.976+0000] {logging_mixin.py:190} INFO - Posts extracted: 630
[2024-11-06T17:21:54.977+0000] {logging_mixin.py:190} INFO - Posts extracted: 631
[2024-11-06T17:21:54.977+0000] {logging_mixin.py:190} INFO - Posts extracted: 632
[2024-11-06T17:21:54.977+0000] {logging_mixin.py:190} INFO - Posts extracted: 633
[2024-11-06T17:21:54.978+0000] {logging_mixin.py:190} INFO - Posts extracted: 634
[2024-11-06T17:21:54.978+0000] {logging_mixin.py:190} INFO - Posts extracted: 635
[2024-11-06T17:21:54.979+0000] {logging_mixin.py:190} INFO - Posts extracted: 636
[2024-11-06T17:21:54.979+0000] {logging_mixin.py:190} INFO - Posts extracted: 637
[2024-11-06T17:21:54.980+0000] {logging_mixin.py:190} INFO - Posts extracted: 638
[2024-11-06T17:21:54.980+0000] {logging_mixin.py:190} INFO - Posts extracted: 639
[2024-11-06T17:21:54.981+0000] {logging_mixin.py:190} INFO - Posts extracted: 640
[2024-11-06T17:21:54.981+0000] {logging_mixin.py:190} INFO - Posts extracted: 641
[2024-11-06T17:21:54.981+0000] {logging_mixin.py:190} INFO - Posts extracted: 642
[2024-11-06T17:21:54.982+0000] {logging_mixin.py:190} INFO - Posts extracted: 643
[2024-11-06T17:21:54.982+0000] {logging_mixin.py:190} INFO - Posts extracted: 644
[2024-11-06T17:21:54.983+0000] {logging_mixin.py:190} INFO - Posts extracted: 645
[2024-11-06T17:21:54.983+0000] {logging_mixin.py:190} INFO - Posts extracted: 646
[2024-11-06T17:21:54.984+0000] {logging_mixin.py:190} INFO - Posts extracted: 647
[2024-11-06T17:21:54.984+0000] {logging_mixin.py:190} INFO - Posts extracted: 648
[2024-11-06T17:21:54.985+0000] {logging_mixin.py:190} INFO - Posts extracted: 649
[2024-11-06T17:21:54.985+0000] {logging_mixin.py:190} INFO - Posts extracted: 650
[2024-11-06T17:21:54.986+0000] {logging_mixin.py:190} INFO - Posts extracted: 651
[2024-11-06T17:21:54.986+0000] {logging_mixin.py:190} INFO - Posts extracted: 652
[2024-11-06T17:21:54.987+0000] {logging_mixin.py:190} INFO - Posts extracted: 653
[2024-11-06T17:21:54.987+0000] {logging_mixin.py:190} INFO - Posts extracted: 654
[2024-11-06T17:21:54.987+0000] {logging_mixin.py:190} INFO - Posts extracted: 655
[2024-11-06T17:21:54.988+0000] {logging_mixin.py:190} INFO - Posts extracted: 656
[2024-11-06T17:21:54.989+0000] {logging_mixin.py:190} INFO - Posts extracted: 657
[2024-11-06T17:21:54.989+0000] {logging_mixin.py:190} INFO - Posts extracted: 658
[2024-11-06T17:21:54.989+0000] {logging_mixin.py:190} INFO - Posts extracted: 659
[2024-11-06T17:21:54.990+0000] {logging_mixin.py:190} INFO - Posts extracted: 660
[2024-11-06T17:21:54.990+0000] {logging_mixin.py:190} INFO - Posts extracted: 661
[2024-11-06T17:21:54.991+0000] {logging_mixin.py:190} INFO - Posts extracted: 662
[2024-11-06T17:21:54.991+0000] {logging_mixin.py:190} INFO - Posts extracted: 663
[2024-11-06T17:21:54.992+0000] {logging_mixin.py:190} INFO - Posts extracted: 664
[2024-11-06T17:21:54.992+0000] {logging_mixin.py:190} INFO - Posts extracted: 665
[2024-11-06T17:21:54.993+0000] {logging_mixin.py:190} INFO - Posts extracted: 666
[2024-11-06T17:21:54.993+0000] {logging_mixin.py:190} INFO - Posts extracted: 667
[2024-11-06T17:21:54.993+0000] {logging_mixin.py:190} INFO - Posts extracted: 668
[2024-11-06T17:21:54.994+0000] {logging_mixin.py:190} INFO - Posts extracted: 669
[2024-11-06T17:21:54.994+0000] {logging_mixin.py:190} INFO - Posts extracted: 670
[2024-11-06T17:21:54.995+0000] {logging_mixin.py:190} INFO - Posts extracted: 671
[2024-11-06T17:21:54.995+0000] {logging_mixin.py:190} INFO - Posts extracted: 672
[2024-11-06T17:21:54.996+0000] {logging_mixin.py:190} INFO - Posts extracted: 673
[2024-11-06T17:21:54.996+0000] {logging_mixin.py:190} INFO - Posts extracted: 674
[2024-11-06T17:21:54.997+0000] {logging_mixin.py:190} INFO - Posts extracted: 675
[2024-11-06T17:21:54.997+0000] {logging_mixin.py:190} INFO - Posts extracted: 676
[2024-11-06T17:21:54.998+0000] {logging_mixin.py:190} INFO - Posts extracted: 677
[2024-11-06T17:21:54.998+0000] {logging_mixin.py:190} INFO - Posts extracted: 678
[2024-11-06T17:21:54.999+0000] {logging_mixin.py:190} INFO - Posts extracted: 679
[2024-11-06T17:21:54.999+0000] {logging_mixin.py:190} INFO - Posts extracted: 680
[2024-11-06T17:21:55.000+0000] {logging_mixin.py:190} INFO - Posts extracted: 681
[2024-11-06T17:21:55.000+0000] {logging_mixin.py:190} INFO - Posts extracted: 682
[2024-11-06T17:21:55.000+0000] {logging_mixin.py:190} INFO - Posts extracted: 683
[2024-11-06T17:21:55.001+0000] {logging_mixin.py:190} INFO - Posts extracted: 684
[2024-11-06T17:21:55.002+0000] {logging_mixin.py:190} INFO - Posts extracted: 685
[2024-11-06T17:21:55.002+0000] {logging_mixin.py:190} INFO - Posts extracted: 686
[2024-11-06T17:21:55.003+0000] {logging_mixin.py:190} INFO - Posts extracted: 687
[2024-11-06T17:21:55.003+0000] {logging_mixin.py:190} INFO - Posts extracted: 688
[2024-11-06T17:21:55.003+0000] {logging_mixin.py:190} INFO - Posts extracted: 689
[2024-11-06T17:21:55.004+0000] {logging_mixin.py:190} INFO - Posts extracted: 690
[2024-11-06T17:21:55.004+0000] {logging_mixin.py:190} INFO - Posts extracted: 691
[2024-11-06T17:21:55.005+0000] {logging_mixin.py:190} INFO - Posts extracted: 692
[2024-11-06T17:21:55.005+0000] {logging_mixin.py:190} INFO - Posts extracted: 693
[2024-11-06T17:21:55.006+0000] {logging_mixin.py:190} INFO - Posts extracted: 694
[2024-11-06T17:21:55.006+0000] {logging_mixin.py:190} INFO - Posts extracted: 695
[2024-11-06T17:21:55.007+0000] {logging_mixin.py:190} INFO - Posts extracted: 696
[2024-11-06T17:21:55.007+0000] {logging_mixin.py:190} INFO - Posts extracted: 697
[2024-11-06T17:21:55.008+0000] {logging_mixin.py:190} INFO - Posts extracted: 698
[2024-11-06T17:21:55.008+0000] {logging_mixin.py:190} INFO - Posts extracted: 699
[2024-11-06T17:21:55.008+0000] {logging_mixin.py:190} INFO - Posts extracted: 700
[2024-11-06T17:21:56.210+0000] {logging_mixin.py:190} INFO - Posts extracted: 701
[2024-11-06T17:21:56.211+0000] {logging_mixin.py:190} INFO - Posts extracted: 702
[2024-11-06T17:21:56.212+0000] {logging_mixin.py:190} INFO - Posts extracted: 703
[2024-11-06T17:21:56.213+0000] {logging_mixin.py:190} INFO - Posts extracted: 704
[2024-11-06T17:21:56.213+0000] {logging_mixin.py:190} INFO - Posts extracted: 705
[2024-11-06T17:21:56.214+0000] {logging_mixin.py:190} INFO - Posts extracted: 706
[2024-11-06T17:21:56.215+0000] {logging_mixin.py:190} INFO - Posts extracted: 707
[2024-11-06T17:21:56.215+0000] {logging_mixin.py:190} INFO - Posts extracted: 708
[2024-11-06T17:21:56.216+0000] {logging_mixin.py:190} INFO - Posts extracted: 709
[2024-11-06T17:21:56.217+0000] {logging_mixin.py:190} INFO - Posts extracted: 710
[2024-11-06T17:21:56.220+0000] {logging_mixin.py:190} INFO - Posts extracted: 711
[2024-11-06T17:21:56.221+0000] {logging_mixin.py:190} INFO - Posts extracted: 712
[2024-11-06T17:21:56.222+0000] {logging_mixin.py:190} INFO - Posts extracted: 713
[2024-11-06T17:21:56.222+0000] {logging_mixin.py:190} INFO - Posts extracted: 714
[2024-11-06T17:21:56.223+0000] {logging_mixin.py:190} INFO - Posts extracted: 715
[2024-11-06T17:21:56.224+0000] {logging_mixin.py:190} INFO - Posts extracted: 716
[2024-11-06T17:21:56.225+0000] {logging_mixin.py:190} INFO - Posts extracted: 717
[2024-11-06T17:21:56.225+0000] {logging_mixin.py:190} INFO - Posts extracted: 718
[2024-11-06T17:21:56.226+0000] {logging_mixin.py:190} INFO - Posts extracted: 719
[2024-11-06T17:21:56.227+0000] {logging_mixin.py:190} INFO - Posts extracted: 720
[2024-11-06T17:21:56.228+0000] {logging_mixin.py:190} INFO - Posts extracted: 721
[2024-11-06T17:21:56.228+0000] {logging_mixin.py:190} INFO - Posts extracted: 722
[2024-11-06T17:21:56.229+0000] {logging_mixin.py:190} INFO - Posts extracted: 723
[2024-11-06T17:21:56.230+0000] {logging_mixin.py:190} INFO - Posts extracted: 724
[2024-11-06T17:21:56.231+0000] {logging_mixin.py:190} INFO - Posts extracted: 725
[2024-11-06T17:21:56.231+0000] {logging_mixin.py:190} INFO - Posts extracted: 726
[2024-11-06T17:21:56.232+0000] {logging_mixin.py:190} INFO - Posts extracted: 727
[2024-11-06T17:21:56.233+0000] {logging_mixin.py:190} INFO - Posts extracted: 728
[2024-11-06T17:21:56.234+0000] {logging_mixin.py:190} INFO - Posts extracted: 729
[2024-11-06T17:21:56.237+0000] {logging_mixin.py:190} INFO - Posts extracted: 730
[2024-11-06T17:21:56.237+0000] {logging_mixin.py:190} INFO - Posts extracted: 731
[2024-11-06T17:21:56.238+0000] {logging_mixin.py:190} INFO - Posts extracted: 732
[2024-11-06T17:21:56.239+0000] {logging_mixin.py:190} INFO - Posts extracted: 733
[2024-11-06T17:21:56.240+0000] {logging_mixin.py:190} INFO - Posts extracted: 734
[2024-11-06T17:21:56.240+0000] {logging_mixin.py:190} INFO - Posts extracted: 735
[2024-11-06T17:21:56.241+0000] {logging_mixin.py:190} INFO - Posts extracted: 736
[2024-11-06T17:21:56.242+0000] {logging_mixin.py:190} INFO - Posts extracted: 737
[2024-11-06T17:21:56.243+0000] {logging_mixin.py:190} INFO - Posts extracted: 738
[2024-11-06T17:21:56.244+0000] {logging_mixin.py:190} INFO - Posts extracted: 739
[2024-11-06T17:21:56.245+0000] {logging_mixin.py:190} INFO - Posts extracted: 740
[2024-11-06T17:21:56.245+0000] {logging_mixin.py:190} INFO - Posts extracted: 741
[2024-11-06T17:21:56.246+0000] {logging_mixin.py:190} INFO - Posts extracted: 742
[2024-11-06T17:21:56.247+0000] {logging_mixin.py:190} INFO - Posts extracted: 743
[2024-11-06T17:21:56.248+0000] {logging_mixin.py:190} INFO - Posts extracted: 744
[2024-11-06T17:21:56.248+0000] {logging_mixin.py:190} INFO - Posts extracted: 745
[2024-11-06T17:21:56.249+0000] {logging_mixin.py:190} INFO - Posts extracted: 746
[2024-11-06T17:21:56.250+0000] {logging_mixin.py:190} INFO - Posts extracted: 747
[2024-11-06T17:21:56.251+0000] {logging_mixin.py:190} INFO - Posts extracted: 748
[2024-11-06T17:21:56.253+0000] {logging_mixin.py:190} INFO - Posts extracted: 749
[2024-11-06T17:21:56.254+0000] {logging_mixin.py:190} INFO - Posts extracted: 750
[2024-11-06T17:21:56.255+0000] {logging_mixin.py:190} INFO - Posts extracted: 751
[2024-11-06T17:21:56.255+0000] {logging_mixin.py:190} INFO - Posts extracted: 752
[2024-11-06T17:21:56.256+0000] {logging_mixin.py:190} INFO - Posts extracted: 753
[2024-11-06T17:21:56.257+0000] {logging_mixin.py:190} INFO - Posts extracted: 754
[2024-11-06T17:21:56.258+0000] {logging_mixin.py:190} INFO - Posts extracted: 755
[2024-11-06T17:21:56.258+0000] {logging_mixin.py:190} INFO - Posts extracted: 756
[2024-11-06T17:21:56.259+0000] {logging_mixin.py:190} INFO - Posts extracted: 757
[2024-11-06T17:21:56.260+0000] {logging_mixin.py:190} INFO - Posts extracted: 758
[2024-11-06T17:21:56.261+0000] {logging_mixin.py:190} INFO - Posts extracted: 759
[2024-11-06T17:21:56.262+0000] {logging_mixin.py:190} INFO - Posts extracted: 760
[2024-11-06T17:21:56.262+0000] {logging_mixin.py:190} INFO - Posts extracted: 761
[2024-11-06T17:21:56.263+0000] {logging_mixin.py:190} INFO - Posts extracted: 762
[2024-11-06T17:21:56.274+0000] {logging_mixin.py:190} INFO - Posts extracted: 763
[2024-11-06T17:21:56.296+0000] {logging_mixin.py:190} INFO - Posts extracted: 764
[2024-11-06T17:21:56.298+0000] {logging_mixin.py:190} INFO - Posts extracted: 765
[2024-11-06T17:21:56.299+0000] {logging_mixin.py:190} INFO - Posts extracted: 766
[2024-11-06T17:21:56.300+0000] {logging_mixin.py:190} INFO - Posts extracted: 767
[2024-11-06T17:21:56.301+0000] {logging_mixin.py:190} INFO - Posts extracted: 768
[2024-11-06T17:21:56.303+0000] {logging_mixin.py:190} INFO - Posts extracted: 769
[2024-11-06T17:21:56.304+0000] {logging_mixin.py:190} INFO - Posts extracted: 770
[2024-11-06T17:21:56.305+0000] {logging_mixin.py:190} INFO - Posts extracted: 771
[2024-11-06T17:21:56.306+0000] {logging_mixin.py:190} INFO - Posts extracted: 772
[2024-11-06T17:21:56.307+0000] {logging_mixin.py:190} INFO - Posts extracted: 773
[2024-11-06T17:21:56.307+0000] {logging_mixin.py:190} INFO - Posts extracted: 774
[2024-11-06T17:21:56.308+0000] {logging_mixin.py:190} INFO - Posts extracted: 775
[2024-11-06T17:21:56.309+0000] {logging_mixin.py:190} INFO - Posts extracted: 776
[2024-11-06T17:21:56.309+0000] {logging_mixin.py:190} INFO - Posts extracted: 777
[2024-11-06T17:21:56.310+0000] {logging_mixin.py:190} INFO - Posts extracted: 778
[2024-11-06T17:21:56.311+0000] {logging_mixin.py:190} INFO - Posts extracted: 779
[2024-11-06T17:21:56.312+0000] {logging_mixin.py:190} INFO - Posts extracted: 780
[2024-11-06T17:21:56.312+0000] {logging_mixin.py:190} INFO - Posts extracted: 781
[2024-11-06T17:21:56.313+0000] {logging_mixin.py:190} INFO - Posts extracted: 782
[2024-11-06T17:21:56.314+0000] {logging_mixin.py:190} INFO - Posts extracted: 783
[2024-11-06T17:21:56.315+0000] {logging_mixin.py:190} INFO - Posts extracted: 784
[2024-11-06T17:21:56.316+0000] {logging_mixin.py:190} INFO - Posts extracted: 785
[2024-11-06T17:21:56.317+0000] {logging_mixin.py:190} INFO - Posts extracted: 786
[2024-11-06T17:21:56.320+0000] {logging_mixin.py:190} INFO - Posts extracted: 787
[2024-11-06T17:21:56.321+0000] {logging_mixin.py:190} INFO - Posts extracted: 788
[2024-11-06T17:21:56.322+0000] {logging_mixin.py:190} INFO - Posts extracted: 789
[2024-11-06T17:21:56.322+0000] {logging_mixin.py:190} INFO - Posts extracted: 790
[2024-11-06T17:21:56.324+0000] {logging_mixin.py:190} INFO - Posts extracted: 791
[2024-11-06T17:21:56.324+0000] {logging_mixin.py:190} INFO - Posts extracted: 792
[2024-11-06T17:21:56.325+0000] {logging_mixin.py:190} INFO - Posts extracted: 793
[2024-11-06T17:21:56.326+0000] {logging_mixin.py:190} INFO - Posts extracted: 794
[2024-11-06T17:21:56.328+0000] {logging_mixin.py:190} INFO - Posts extracted: 795
[2024-11-06T17:21:56.336+0000] {logging_mixin.py:190} INFO - Posts extracted: 796
[2024-11-06T17:21:56.337+0000] {logging_mixin.py:190} INFO - Posts extracted: 797
[2024-11-06T17:21:56.338+0000] {logging_mixin.py:190} INFO - Posts extracted: 798
[2024-11-06T17:21:56.339+0000] {logging_mixin.py:190} INFO - Posts extracted: 799
[2024-11-06T17:21:56.339+0000] {logging_mixin.py:190} INFO - Posts extracted: 800
[2024-11-06T17:21:57.367+0000] {logging_mixin.py:190} INFO - Posts extracted: 801
[2024-11-06T17:21:57.369+0000] {logging_mixin.py:190} INFO - Posts extracted: 802
[2024-11-06T17:21:57.370+0000] {logging_mixin.py:190} INFO - Posts extracted: 803
[2024-11-06T17:21:57.371+0000] {logging_mixin.py:190} INFO - Posts extracted: 804
[2024-11-06T17:21:57.372+0000] {logging_mixin.py:190} INFO - Posts extracted: 805
[2024-11-06T17:21:57.372+0000] {logging_mixin.py:190} INFO - Posts extracted: 806
[2024-11-06T17:21:57.373+0000] {logging_mixin.py:190} INFO - Posts extracted: 807
[2024-11-06T17:21:57.374+0000] {logging_mixin.py:190} INFO - Posts extracted: 808
[2024-11-06T17:21:57.374+0000] {logging_mixin.py:190} INFO - Posts extracted: 809
[2024-11-06T17:21:57.375+0000] {logging_mixin.py:190} INFO - Posts extracted: 810
[2024-11-06T17:21:57.375+0000] {logging_mixin.py:190} INFO - Posts extracted: 811
[2024-11-06T17:21:57.376+0000] {logging_mixin.py:190} INFO - Posts extracted: 812
[2024-11-06T17:21:57.376+0000] {logging_mixin.py:190} INFO - Posts extracted: 813
[2024-11-06T17:21:57.377+0000] {logging_mixin.py:190} INFO - Posts extracted: 814
[2024-11-06T17:21:57.377+0000] {logging_mixin.py:190} INFO - Posts extracted: 815
[2024-11-06T17:21:57.378+0000] {logging_mixin.py:190} INFO - Posts extracted: 816
[2024-11-06T17:21:57.378+0000] {logging_mixin.py:190} INFO - Posts extracted: 817
[2024-11-06T17:21:57.379+0000] {logging_mixin.py:190} INFO - Posts extracted: 818
[2024-11-06T17:21:57.379+0000] {logging_mixin.py:190} INFO - Posts extracted: 819
[2024-11-06T17:21:57.380+0000] {logging_mixin.py:190} INFO - Posts extracted: 820
[2024-11-06T17:21:57.380+0000] {logging_mixin.py:190} INFO - Posts extracted: 821
[2024-11-06T17:21:57.381+0000] {logging_mixin.py:190} INFO - Posts extracted: 822
[2024-11-06T17:21:57.381+0000] {logging_mixin.py:190} INFO - Posts extracted: 823
[2024-11-06T17:21:57.382+0000] {logging_mixin.py:190} INFO - Posts extracted: 824
[2024-11-06T17:21:57.382+0000] {logging_mixin.py:190} INFO - Posts extracted: 825
[2024-11-06T17:21:57.383+0000] {logging_mixin.py:190} INFO - Posts extracted: 826
[2024-11-06T17:21:57.383+0000] {logging_mixin.py:190} INFO - Posts extracted: 827
[2024-11-06T17:21:57.384+0000] {logging_mixin.py:190} INFO - Posts extracted: 828
[2024-11-06T17:21:57.384+0000] {logging_mixin.py:190} INFO - Posts extracted: 829
[2024-11-06T17:21:57.385+0000] {logging_mixin.py:190} INFO - Posts extracted: 830
[2024-11-06T17:21:57.386+0000] {logging_mixin.py:190} INFO - Posts extracted: 831
[2024-11-06T17:21:57.386+0000] {logging_mixin.py:190} INFO - Posts extracted: 832
[2024-11-06T17:21:57.387+0000] {logging_mixin.py:190} INFO - Posts extracted: 833
[2024-11-06T17:21:57.387+0000] {logging_mixin.py:190} INFO - Posts extracted: 834
[2024-11-06T17:21:57.388+0000] {logging_mixin.py:190} INFO - Posts extracted: 835
[2024-11-06T17:21:57.388+0000] {logging_mixin.py:190} INFO - Posts extracted: 836
[2024-11-06T17:21:57.388+0000] {logging_mixin.py:190} INFO - Posts extracted: 837
[2024-11-06T17:21:57.389+0000] {logging_mixin.py:190} INFO - Posts extracted: 838
[2024-11-06T17:21:57.389+0000] {logging_mixin.py:190} INFO - Posts extracted: 839
[2024-11-06T17:21:57.390+0000] {logging_mixin.py:190} INFO - Posts extracted: 840
[2024-11-06T17:21:57.390+0000] {logging_mixin.py:190} INFO - Posts extracted: 841
[2024-11-06T17:21:57.391+0000] {logging_mixin.py:190} INFO - Posts extracted: 842
[2024-11-06T17:21:57.391+0000] {logging_mixin.py:190} INFO - Posts extracted: 843
[2024-11-06T17:21:57.392+0000] {logging_mixin.py:190} INFO - Posts extracted: 844
[2024-11-06T17:21:57.392+0000] {logging_mixin.py:190} INFO - Posts extracted: 845
[2024-11-06T17:21:57.392+0000] {logging_mixin.py:190} INFO - Posts extracted: 846
[2024-11-06T17:21:57.393+0000] {logging_mixin.py:190} INFO - Posts extracted: 847
[2024-11-06T17:21:57.393+0000] {logging_mixin.py:190} INFO - Posts extracted: 848
[2024-11-06T17:21:57.394+0000] {logging_mixin.py:190} INFO - Posts extracted: 849
[2024-11-06T17:21:57.394+0000] {logging_mixin.py:190} INFO - Posts extracted: 850
[2024-11-06T17:21:57.395+0000] {logging_mixin.py:190} INFO - Posts extracted: 851
[2024-11-06T17:21:57.395+0000] {logging_mixin.py:190} INFO - Posts extracted: 852
[2024-11-06T17:21:57.396+0000] {logging_mixin.py:190} INFO - Posts extracted: 853
[2024-11-06T17:21:57.396+0000] {logging_mixin.py:190} INFO - Posts extracted: 854
[2024-11-06T17:21:57.396+0000] {logging_mixin.py:190} INFO - Posts extracted: 855
[2024-11-06T17:21:57.397+0000] {logging_mixin.py:190} INFO - Posts extracted: 856
[2024-11-06T17:21:57.397+0000] {logging_mixin.py:190} INFO - Posts extracted: 857
[2024-11-06T17:21:57.398+0000] {logging_mixin.py:190} INFO - Posts extracted: 858
[2024-11-06T17:21:57.398+0000] {logging_mixin.py:190} INFO - Posts extracted: 859
[2024-11-06T17:21:57.399+0000] {logging_mixin.py:190} INFO - Posts extracted: 860
[2024-11-06T17:21:57.399+0000] {logging_mixin.py:190} INFO - Posts extracted: 861
[2024-11-06T17:21:57.400+0000] {logging_mixin.py:190} INFO - Posts extracted: 862
[2024-11-06T17:21:57.400+0000] {logging_mixin.py:190} INFO - Posts extracted: 863
[2024-11-06T17:21:57.401+0000] {logging_mixin.py:190} INFO - Posts extracted: 864
[2024-11-06T17:21:57.401+0000] {logging_mixin.py:190} INFO - Posts extracted: 865
[2024-11-06T17:21:57.402+0000] {logging_mixin.py:190} INFO - Posts extracted: 866
[2024-11-06T17:21:57.402+0000] {logging_mixin.py:190} INFO - Posts extracted: 867
[2024-11-06T17:21:57.403+0000] {logging_mixin.py:190} INFO - Posts extracted: 868
[2024-11-06T17:21:57.403+0000] {logging_mixin.py:190} INFO - Posts extracted: 869
[2024-11-06T17:21:57.404+0000] {logging_mixin.py:190} INFO - Posts extracted: 870
[2024-11-06T17:21:57.404+0000] {logging_mixin.py:190} INFO - Posts extracted: 871
[2024-11-06T17:21:57.405+0000] {logging_mixin.py:190} INFO - Posts extracted: 872
[2024-11-06T17:21:57.405+0000] {logging_mixin.py:190} INFO - Posts extracted: 873
[2024-11-06T17:21:57.406+0000] {logging_mixin.py:190} INFO - Posts extracted: 874
[2024-11-06T17:21:57.406+0000] {logging_mixin.py:190} INFO - Posts extracted: 875
[2024-11-06T17:21:57.406+0000] {logging_mixin.py:190} INFO - Posts extracted: 876
[2024-11-06T17:21:57.407+0000] {logging_mixin.py:190} INFO - Posts extracted: 877
[2024-11-06T17:21:57.407+0000] {logging_mixin.py:190} INFO - Posts extracted: 878
[2024-11-06T17:21:57.408+0000] {logging_mixin.py:190} INFO - Posts extracted: 879
[2024-11-06T17:21:57.408+0000] {logging_mixin.py:190} INFO - Posts extracted: 880
[2024-11-06T17:21:57.409+0000] {logging_mixin.py:190} INFO - Posts extracted: 881
[2024-11-06T17:21:57.410+0000] {logging_mixin.py:190} INFO - Posts extracted: 882
[2024-11-06T17:21:57.410+0000] {logging_mixin.py:190} INFO - Posts extracted: 883
[2024-11-06T17:21:57.411+0000] {logging_mixin.py:190} INFO - Posts extracted: 884
[2024-11-06T17:21:57.411+0000] {logging_mixin.py:190} INFO - Posts extracted: 885
[2024-11-06T17:21:57.412+0000] {logging_mixin.py:190} INFO - Posts extracted: 886
[2024-11-06T17:21:57.412+0000] {logging_mixin.py:190} INFO - Posts extracted: 887
[2024-11-06T17:21:57.413+0000] {logging_mixin.py:190} INFO - Posts extracted: 888
[2024-11-06T17:21:57.413+0000] {logging_mixin.py:190} INFO - Posts extracted: 889
[2024-11-06T17:21:57.414+0000] {logging_mixin.py:190} INFO - Posts extracted: 890
[2024-11-06T17:21:57.415+0000] {logging_mixin.py:190} INFO - Posts extracted: 891
[2024-11-06T17:21:57.415+0000] {logging_mixin.py:190} INFO - Posts extracted: 892
[2024-11-06T17:21:57.416+0000] {logging_mixin.py:190} INFO - Posts extracted: 893
[2024-11-06T17:21:57.416+0000] {logging_mixin.py:190} INFO - Posts extracted: 894
[2024-11-06T17:21:57.417+0000] {logging_mixin.py:190} INFO - Posts extracted: 895
[2024-11-06T17:21:57.417+0000] {logging_mixin.py:190} INFO - Posts extracted: 896
[2024-11-06T17:21:57.417+0000] {logging_mixin.py:190} INFO - Posts extracted: 897
[2024-11-06T17:21:57.418+0000] {logging_mixin.py:190} INFO - Posts extracted: 898
[2024-11-06T17:21:57.419+0000] {logging_mixin.py:190} INFO - Posts extracted: 899
[2024-11-06T17:21:57.419+0000] {logging_mixin.py:190} INFO - Posts extracted: 900
[2024-11-06T17:21:58.325+0000] {logging_mixin.py:190} INFO - Posts extracted: 901
[2024-11-06T17:21:58.325+0000] {logging_mixin.py:190} INFO - Posts extracted: 902
[2024-11-06T17:21:58.326+0000] {logging_mixin.py:190} INFO - Posts extracted: 903
[2024-11-06T17:21:58.327+0000] {logging_mixin.py:190} INFO - Posts extracted: 904
[2024-11-06T17:21:58.327+0000] {logging_mixin.py:190} INFO - Posts extracted: 905
[2024-11-06T17:21:58.328+0000] {logging_mixin.py:190} INFO - Posts extracted: 906
[2024-11-06T17:21:58.328+0000] {logging_mixin.py:190} INFO - Posts extracted: 907
[2024-11-06T17:21:58.329+0000] {logging_mixin.py:190} INFO - Posts extracted: 908
[2024-11-06T17:21:58.329+0000] {logging_mixin.py:190} INFO - Posts extracted: 909
[2024-11-06T17:21:58.329+0000] {logging_mixin.py:190} INFO - Posts extracted: 910
[2024-11-06T17:21:58.330+0000] {logging_mixin.py:190} INFO - Posts extracted: 911
[2024-11-06T17:21:58.330+0000] {logging_mixin.py:190} INFO - Posts extracted: 912
[2024-11-06T17:21:58.331+0000] {logging_mixin.py:190} INFO - Posts extracted: 913
[2024-11-06T17:21:58.331+0000] {logging_mixin.py:190} INFO - Posts extracted: 914
[2024-11-06T17:21:58.332+0000] {logging_mixin.py:190} INFO - Posts extracted: 915
[2024-11-06T17:21:58.332+0000] {logging_mixin.py:190} INFO - Posts extracted: 916
[2024-11-06T17:21:58.332+0000] {logging_mixin.py:190} INFO - Posts extracted: 917
[2024-11-06T17:21:58.333+0000] {logging_mixin.py:190} INFO - Posts extracted: 918
[2024-11-06T17:21:58.333+0000] {logging_mixin.py:190} INFO - Posts extracted: 919
[2024-11-06T17:21:58.334+0000] {logging_mixin.py:190} INFO - Posts extracted: 920
[2024-11-06T17:21:58.334+0000] {logging_mixin.py:190} INFO - Posts extracted: 921
[2024-11-06T17:21:58.334+0000] {logging_mixin.py:190} INFO - Posts extracted: 922
[2024-11-06T17:21:58.335+0000] {logging_mixin.py:190} INFO - Posts extracted: 923
[2024-11-06T17:21:58.335+0000] {logging_mixin.py:190} INFO - Posts extracted: 924
[2024-11-06T17:21:58.336+0000] {logging_mixin.py:190} INFO - Posts extracted: 925
[2024-11-06T17:21:58.336+0000] {logging_mixin.py:190} INFO - Posts extracted: 926
[2024-11-06T17:21:58.337+0000] {logging_mixin.py:190} INFO - Posts extracted: 927
[2024-11-06T17:21:58.337+0000] {logging_mixin.py:190} INFO - Posts extracted: 928
[2024-11-06T17:21:58.338+0000] {logging_mixin.py:190} INFO - Posts extracted: 929
[2024-11-06T17:21:58.338+0000] {logging_mixin.py:190} INFO - Posts extracted: 930
[2024-11-06T17:21:58.338+0000] {logging_mixin.py:190} INFO - Posts extracted: 931
[2024-11-06T17:21:58.339+0000] {logging_mixin.py:190} INFO - Posts extracted: 932
[2024-11-06T17:21:58.339+0000] {logging_mixin.py:190} INFO - Posts extracted: 933
[2024-11-06T17:21:58.340+0000] {logging_mixin.py:190} INFO - Posts extracted: 934
[2024-11-06T17:21:58.340+0000] {logging_mixin.py:190} INFO - Posts extracted: 935
[2024-11-06T17:21:58.340+0000] {logging_mixin.py:190} INFO - Posts extracted: 936
[2024-11-06T17:21:58.341+0000] {logging_mixin.py:190} INFO - Posts extracted: 937
[2024-11-06T17:21:58.341+0000] {logging_mixin.py:190} INFO - Posts extracted: 938
[2024-11-06T17:21:58.342+0000] {logging_mixin.py:190} INFO - Posts extracted: 939
[2024-11-06T17:21:58.342+0000] {logging_mixin.py:190} INFO - Posts extracted: 940
[2024-11-06T17:21:58.342+0000] {logging_mixin.py:190} INFO - Posts extracted: 941
[2024-11-06T17:21:58.343+0000] {logging_mixin.py:190} INFO - Posts extracted: 942
[2024-11-06T17:21:58.343+0000] {logging_mixin.py:190} INFO - Posts extracted: 943
[2024-11-06T17:21:58.344+0000] {logging_mixin.py:190} INFO - Posts extracted: 944
[2024-11-06T17:21:58.344+0000] {logging_mixin.py:190} INFO - Posts extracted: 945
[2024-11-06T17:21:58.345+0000] {logging_mixin.py:190} INFO - Posts extracted: 946
[2024-11-06T17:21:58.345+0000] {logging_mixin.py:190} INFO - Posts extracted: 947
[2024-11-06T17:21:58.345+0000] {logging_mixin.py:190} INFO - Posts extracted: 948
[2024-11-06T17:21:58.346+0000] {logging_mixin.py:190} INFO - Posts extracted: 949
[2024-11-06T17:21:58.346+0000] {logging_mixin.py:190} INFO - Posts extracted: 950
[2024-11-06T17:21:58.347+0000] {logging_mixin.py:190} INFO - Posts extracted: 951
[2024-11-06T17:21:58.347+0000] {logging_mixin.py:190} INFO - Posts extracted: 952
[2024-11-06T17:21:58.347+0000] {logging_mixin.py:190} INFO - Posts extracted: 953
[2024-11-06T17:21:58.348+0000] {logging_mixin.py:190} INFO - Posts extracted: 954
[2024-11-06T17:21:58.348+0000] {logging_mixin.py:190} INFO - Posts extracted: 955
[2024-11-06T17:21:58.349+0000] {logging_mixin.py:190} INFO - Posts extracted: 956
[2024-11-06T17:21:58.349+0000] {logging_mixin.py:190} INFO - Posts extracted: 957
[2024-11-06T17:21:58.349+0000] {logging_mixin.py:190} INFO - Posts extracted: 958
[2024-11-06T17:21:58.350+0000] {logging_mixin.py:190} INFO - Posts extracted: 959
[2024-11-06T17:21:58.350+0000] {logging_mixin.py:190} INFO - Posts extracted: 960
[2024-11-06T17:21:58.351+0000] {logging_mixin.py:190} INFO - Posts extracted: 961
[2024-11-06T17:21:58.351+0000] {logging_mixin.py:190} INFO - Posts extracted: 962
[2024-11-06T17:21:58.352+0000] {logging_mixin.py:190} INFO - Posts extracted: 963
[2024-11-06T17:21:58.352+0000] {logging_mixin.py:190} INFO - Posts extracted: 964
[2024-11-06T17:21:58.353+0000] {logging_mixin.py:190} INFO - Posts extracted: 965
[2024-11-06T17:21:58.353+0000] {logging_mixin.py:190} INFO - Posts extracted: 966
[2024-11-06T17:21:58.354+0000] {logging_mixin.py:190} INFO - Posts extracted: 967
[2024-11-06T17:21:58.354+0000] {logging_mixin.py:190} INFO - Posts extracted: 968
[2024-11-06T17:21:58.355+0000] {logging_mixin.py:190} INFO - Posts extracted: 969
[2024-11-06T17:21:58.355+0000] {logging_mixin.py:190} INFO - Posts extracted: 970
[2024-11-06T17:21:58.355+0000] {logging_mixin.py:190} INFO - Posts extracted: 971
[2024-11-06T17:21:58.356+0000] {logging_mixin.py:190} INFO - Posts extracted: 972
[2024-11-06T17:21:58.356+0000] {logging_mixin.py:190} INFO - Posts extracted: 973
[2024-11-06T17:21:58.357+0000] {logging_mixin.py:190} INFO - Posts extracted: 974
[2024-11-06T17:21:58.357+0000] {logging_mixin.py:190} INFO - Posts extracted: 975
[2024-11-06T17:21:58.357+0000] {logging_mixin.py:190} INFO - Posts extracted: 976
[2024-11-06T17:21:58.358+0000] {logging_mixin.py:190} INFO - Posts extracted: 977
[2024-11-06T17:21:58.358+0000] {logging_mixin.py:190} INFO - Posts extracted: 978
[2024-11-06T17:21:58.359+0000] {logging_mixin.py:190} INFO - Posts extracted: 979
[2024-11-06T17:21:58.359+0000] {logging_mixin.py:190} INFO - Posts extracted: 980
[2024-11-06T17:21:58.360+0000] {logging_mixin.py:190} INFO - Posts extracted: 981
[2024-11-06T17:21:58.360+0000] {logging_mixin.py:190} INFO - Posts extracted: 982
[2024-11-06T17:21:58.361+0000] {logging_mixin.py:190} INFO - Posts extracted: 983
[2024-11-06T17:21:58.361+0000] {logging_mixin.py:190} INFO - Posts extracted: 984
[2024-11-06T17:21:58.362+0000] {logging_mixin.py:190} INFO - Posts extracted: 985
[2024-11-06T17:21:58.362+0000] {logging_mixin.py:190} INFO - Posts extracted: 986
[2024-11-06T17:21:58.362+0000] {logging_mixin.py:190} INFO - Posts extracted: 987
[2024-11-06T17:21:58.363+0000] {logging_mixin.py:190} INFO - Posts extracted: 988
[2024-11-06T17:21:58.364+0000] {logging_mixin.py:190} INFO - Posts extracted: 989
[2024-11-06T17:21:58.364+0000] {logging_mixin.py:190} INFO - Posts extracted: 990
[2024-11-06T17:21:58.365+0000] {logging_mixin.py:190} INFO - Posts extracted: 991
[2024-11-06T17:21:58.365+0000] {logging_mixin.py:190} INFO - Posts extracted: 992
[2024-11-06T17:21:58.366+0000] {logging_mixin.py:190} INFO - Posts extracted: 993
[2024-11-06T17:21:58.366+0000] {logging_mixin.py:190} INFO - Posts extracted: 994
[2024-11-06T17:21:58.367+0000] {logging_mixin.py:190} INFO - Posts extracted: 995
[2024-11-06T17:21:58.367+0000] {logging_mixin.py:190} INFO - Posts extracted: 996
[2024-11-06T17:21:58.399+0000] {python.py:240} INFO - Done. Returned value was: /opt/airflow/data/output/reddit_20241106.csv
[2024-11-06T17:21:58.420+0000] {taskinstance.py:340} INFO - ::group::Post task execution logs
[2024-11-06T17:21:58.421+0000] {taskinstance.py:352} INFO - Marking task as SUCCESS. dag_id=etl_reddit_pipeline, task_id=reddit_extraction, run_id=manual__2024-11-06T17:21:43.755130+00:00, execution_date=20241106T172143, start_date=20241106T172145, end_date=20241106T172158
[2024-11-06T17:21:58.472+0000] {local_task_job_runner.py:266} INFO - Task exited with return code 0
[2024-11-06T17:21:58.487+0000] {taskinstance.py:3900} INFO - 1 downstream tasks scheduled from follow-on schedule check
[2024-11-06T17:21:58.491+0000] {local_task_job_runner.py:245} INFO - ::endgroup::
