[2024-10-29T16:24:13.978+0000] {local_task_job_runner.py:123} INFO - ::group::Pre task execution logs
[2024-10-29T16:24:13.992+0000] {taskinstance.py:2612} INFO - Dependencies all met for dep_context=non-requeueable deps ti=<TaskInstance: etl_reddit_pipeline.reddit_extraction manual__2024-10-29T16:24:11.242758+00:00 [queued]>
[2024-10-29T16:24:13.999+0000] {taskinstance.py:2612} INFO - Dependencies all met for dep_context=requeueable deps ti=<TaskInstance: etl_reddit_pipeline.reddit_extraction manual__2024-10-29T16:24:11.242758+00:00 [queued]>
[2024-10-29T16:24:14.001+0000] {taskinstance.py:2865} INFO - Starting attempt 1 of 1
[2024-10-29T16:24:14.016+0000] {taskinstance.py:2888} INFO - Executing <Task(PythonOperator): reddit_extraction> on 2024-10-29 16:24:11.242758+00:00
[2024-10-29T16:24:14.023+0000] {standard_task_runner.py:72} INFO - Started process 73 to run task
[2024-10-29T16:24:14.027+0000] {standard_task_runner.py:104} INFO - Running: ['airflow', 'tasks', 'run', 'etl_reddit_pipeline', 'reddit_extraction', 'manual__2024-10-29T16:24:11.242758+00:00', '--job-id', '8', '--raw', '--subdir', 'DAGS_FOLDER/reddit_dag.py', '--cfg-path', '/tmp/tmpikz0rcfb']
[2024-10-29T16:24:14.030+0000] {standard_task_runner.py:105} INFO - Job 8: Subtask reddit_extraction
[2024-10-29T16:24:14.078+0000] {task_command.py:467} INFO - Running <TaskInstance: etl_reddit_pipeline.reddit_extraction manual__2024-10-29T16:24:11.242758+00:00 [running]> on host 7b24bd777bb7
[2024-10-29T16:24:14.152+0000] {taskinstance.py:3131} INFO - Exporting env vars: AIRFLOW_CTX_DAG_OWNER='Swapnil Deshpande' AIRFLOW_CTX_DAG_ID='etl_reddit_pipeline' AIRFLOW_CTX_TASK_ID='reddit_extraction' AIRFLOW_CTX_EXECUTION_DATE='2024-10-29T16:24:11.242758+00:00' AIRFLOW_CTX_TRY_NUMBER='1' AIRFLOW_CTX_DAG_RUN_ID='manual__2024-10-29T16:24:11.242758+00:00'
[2024-10-29T16:24:14.154+0000] {taskinstance.py:731} INFO - ::endgroup::
[2024-10-29T16:24:14.167+0000] {logging_mixin.py:190} WARNING - Version 7.8.0 of praw is outdated. Version 7.8.1 was released 3 days ago.
[2024-10-29T16:24:14.170+0000] {logging_mixin.py:190} INFO - connected to reddit!
[2024-10-29T16:24:14.171+0000] {logging_mixin.py:190} INFO - <praw.models.listing.generator.ListingGenerator object at 0x7f0150db33a0>
[2024-10-29T16:24:14.175+0000] {python.py:240} INFO - Done. Returned value was: None
[2024-10-29T16:24:14.185+0000] {taskinstance.py:340} INFO - ::group::Post task execution logs
[2024-10-29T16:24:14.186+0000] {taskinstance.py:352} INFO - Marking task as SUCCESS. dag_id=etl_reddit_pipeline, task_id=reddit_extraction, run_id=manual__2024-10-29T16:24:11.242758+00:00, execution_date=20241029T162411, start_date=20241029T162413, end_date=20241029T162414
[2024-10-29T16:24:14.241+0000] {local_task_job_runner.py:266} INFO - Task exited with return code 0
[2024-10-29T16:24:14.256+0000] {taskinstance.py:3900} INFO - 0 downstream tasks scheduled from follow-on schedule check
[2024-10-29T16:24:14.261+0000] {local_task_job_runner.py:245} INFO - ::endgroup::
