[2024-10-31T17:53:01.171+0000] {local_task_job_runner.py:123} INFO - ::group::Pre task execution logs
[2024-10-31T17:53:01.184+0000] {taskinstance.py:2612} INFO - Dependencies all met for dep_context=non-requeueable deps ti=<TaskInstance: etl_reddit_pipeline.reddit_extraction manual__2024-10-31T17:53:00.067318+00:00 [queued]>
[2024-10-31T17:53:01.192+0000] {taskinstance.py:2612} INFO - Dependencies all met for dep_context=requeueable deps ti=<TaskInstance: etl_reddit_pipeline.reddit_extraction manual__2024-10-31T17:53:00.067318+00:00 [queued]>
[2024-10-31T17:53:01.194+0000] {taskinstance.py:2865} INFO - Starting attempt 1 of 1
[2024-10-31T17:53:01.210+0000] {taskinstance.py:2888} INFO - Executing <Task(PythonOperator): reddit_extraction> on 2024-10-31 17:53:00.067318+00:00
[2024-10-31T17:53:01.216+0000] {standard_task_runner.py:72} INFO - Started process 66 to run task
[2024-10-31T17:53:01.220+0000] {standard_task_runner.py:104} INFO - Running: ['airflow', 'tasks', 'run', 'etl_reddit_pipeline', 'reddit_extraction', 'manual__2024-10-31T17:53:00.067318+00:00', '--job-id', '15', '--raw', '--subdir', 'DAGS_FOLDER/reddit_dag.py', '--cfg-path', '/tmp/tmp53p1sjo1']
[2024-10-31T17:53:01.223+0000] {standard_task_runner.py:105} INFO - Job 15: Subtask reddit_extraction
[2024-10-31T17:53:01.270+0000] {task_command.py:467} INFO - Running <TaskInstance: etl_reddit_pipeline.reddit_extraction manual__2024-10-31T17:53:00.067318+00:00 [running]> on host 9736bc968700
[2024-10-31T17:53:01.378+0000] {taskinstance.py:3131} INFO - Exporting env vars: AIRFLOW_CTX_DAG_OWNER='Swapnil Deshpande' AIRFLOW_CTX_DAG_ID='etl_reddit_pipeline' AIRFLOW_CTX_TASK_ID='reddit_extraction' AIRFLOW_CTX_EXECUTION_DATE='2024-10-31T17:53:00.067318+00:00' AIRFLOW_CTX_TRY_NUMBER='1' AIRFLOW_CTX_DAG_RUN_ID='manual__2024-10-31T17:53:00.067318+00:00'
[2024-10-31T17:53:01.380+0000] {taskinstance.py:731} INFO - ::endgroup::
[2024-10-31T17:53:01.464+0000] {logging_mixin.py:190} WARNING - Version 7.8.0 of praw is outdated. Version 7.8.1 was released 5 days ago.
[2024-10-31T17:53:01.466+0000] {logging_mixin.py:190} INFO - connected to reddit!
[2024-10-31T17:53:01.467+0000] {logging_mixin.py:190} INFO - <praw.reddit.Reddit object at 0x7ff3c4c21300>
[2024-10-31T17:53:01.467+0000] {logging_mixin.py:190} INFO - Extracting posts from Python, attempt 1
[2024-10-31T17:53:03.883+0000] {logging_mixin.py:190} INFO - Posts extracted: 1
[2024-10-31T17:53:03.884+0000] {logging_mixin.py:190} INFO - Posts extracted: 2
[2024-10-31T17:53:03.885+0000] {logging_mixin.py:190} INFO - Posts extracted: 3
[2024-10-31T17:53:03.886+0000] {logging_mixin.py:190} INFO - Posts extracted: 4
[2024-10-31T17:53:03.886+0000] {logging_mixin.py:190} INFO - Posts extracted: 5
[2024-10-31T17:53:03.887+0000] {logging_mixin.py:190} INFO - Posts extracted: 6
[2024-10-31T17:53:03.887+0000] {logging_mixin.py:190} INFO - Posts extracted: 7
[2024-10-31T17:53:03.888+0000] {logging_mixin.py:190} INFO - Posts extracted: 8
[2024-10-31T17:53:03.888+0000] {logging_mixin.py:190} INFO - Posts extracted: 9
[2024-10-31T17:53:03.889+0000] {logging_mixin.py:190} INFO - Posts extracted: 10
[2024-10-31T17:53:03.889+0000] {logging_mixin.py:190} INFO - Posts extracted: 11
[2024-10-31T17:53:03.889+0000] {logging_mixin.py:190} INFO - Posts extracted: 12
[2024-10-31T17:53:03.890+0000] {logging_mixin.py:190} INFO - Posts extracted: 13
[2024-10-31T17:53:03.890+0000] {logging_mixin.py:190} INFO - Posts extracted: 14
[2024-10-31T17:53:03.891+0000] {logging_mixin.py:190} INFO - Posts extracted: 15
[2024-10-31T17:53:03.892+0000] {logging_mixin.py:190} INFO - Posts extracted: 16
[2024-10-31T17:53:03.892+0000] {logging_mixin.py:190} INFO - Posts extracted: 17
[2024-10-31T17:53:03.892+0000] {logging_mixin.py:190} INFO - Posts extracted: 18
[2024-10-31T17:53:03.893+0000] {logging_mixin.py:190} INFO - Posts extracted: 19
[2024-10-31T17:53:03.893+0000] {logging_mixin.py:190} INFO - Posts extracted: 20
[2024-10-31T17:53:03.894+0000] {logging_mixin.py:190} INFO - Posts extracted: 21
[2024-10-31T17:53:03.894+0000] {logging_mixin.py:190} INFO - Posts extracted: 22
[2024-10-31T17:53:03.895+0000] {logging_mixin.py:190} INFO - Posts extracted: 23
[2024-10-31T17:53:03.895+0000] {logging_mixin.py:190} INFO - Posts extracted: 24
[2024-10-31T17:53:03.896+0000] {logging_mixin.py:190} INFO - Posts extracted: 25
[2024-10-31T17:53:03.896+0000] {logging_mixin.py:190} INFO - Posts extracted: 26
[2024-10-31T17:53:03.897+0000] {logging_mixin.py:190} INFO - Posts extracted: 27
[2024-10-31T17:53:03.897+0000] {logging_mixin.py:190} INFO - Posts extracted: 28
[2024-10-31T17:53:03.898+0000] {logging_mixin.py:190} INFO - Posts extracted: 29
[2024-10-31T17:53:03.898+0000] {logging_mixin.py:190} INFO - Posts extracted: 30
[2024-10-31T17:53:03.899+0000] {logging_mixin.py:190} INFO - Posts extracted: 31
[2024-10-31T17:53:03.899+0000] {logging_mixin.py:190} INFO - Posts extracted: 32
[2024-10-31T17:53:03.900+0000] {logging_mixin.py:190} INFO - Posts extracted: 33
[2024-10-31T17:53:03.900+0000] {logging_mixin.py:190} INFO - Posts extracted: 34
[2024-10-31T17:53:03.901+0000] {logging_mixin.py:190} INFO - Posts extracted: 35
[2024-10-31T17:53:03.901+0000] {logging_mixin.py:190} INFO - Posts extracted: 36
[2024-10-31T17:53:03.901+0000] {logging_mixin.py:190} INFO - Posts extracted: 37
[2024-10-31T17:53:03.902+0000] {logging_mixin.py:190} INFO - Posts extracted: 38
[2024-10-31T17:53:03.902+0000] {logging_mixin.py:190} INFO - Posts extracted: 39
[2024-10-31T17:53:03.903+0000] {logging_mixin.py:190} INFO - Posts extracted: 40
[2024-10-31T17:53:03.903+0000] {logging_mixin.py:190} INFO - Posts extracted: 41
[2024-10-31T17:53:03.904+0000] {logging_mixin.py:190} INFO - Posts extracted: 42
[2024-10-31T17:53:03.904+0000] {logging_mixin.py:190} INFO - Posts extracted: 43
[2024-10-31T17:53:03.905+0000] {logging_mixin.py:190} INFO - Posts extracted: 44
[2024-10-31T17:53:03.905+0000] {logging_mixin.py:190} INFO - Posts extracted: 45
[2024-10-31T17:53:03.906+0000] {logging_mixin.py:190} INFO - Posts extracted: 46
[2024-10-31T17:53:03.906+0000] {logging_mixin.py:190} INFO - Posts extracted: 47
[2024-10-31T17:53:03.906+0000] {logging_mixin.py:190} INFO - Posts extracted: 48
[2024-10-31T17:53:03.907+0000] {logging_mixin.py:190} INFO - Posts extracted: 49
[2024-10-31T17:53:03.907+0000] {logging_mixin.py:190} INFO - Posts extracted: 50
[2024-10-31T17:53:03.908+0000] {logging_mixin.py:190} INFO - Posts extracted: 51
[2024-10-31T17:53:03.908+0000] {logging_mixin.py:190} INFO - Posts extracted: 52
[2024-10-31T17:53:03.909+0000] {logging_mixin.py:190} INFO - Posts extracted: 53
[2024-10-31T17:53:03.909+0000] {logging_mixin.py:190} INFO - Posts extracted: 54
[2024-10-31T17:53:03.910+0000] {logging_mixin.py:190} INFO - Posts extracted: 55
[2024-10-31T17:53:03.910+0000] {logging_mixin.py:190} INFO - Posts extracted: 56
[2024-10-31T17:53:03.911+0000] {logging_mixin.py:190} INFO - Posts extracted: 57
[2024-10-31T17:53:03.911+0000] {logging_mixin.py:190} INFO - Posts extracted: 58
[2024-10-31T17:53:03.912+0000] {logging_mixin.py:190} INFO - Posts extracted: 59
[2024-10-31T17:53:03.912+0000] {logging_mixin.py:190} INFO - Posts extracted: 60
[2024-10-31T17:53:03.913+0000] {logging_mixin.py:190} INFO - Posts extracted: 61
[2024-10-31T17:53:03.913+0000] {logging_mixin.py:190} INFO - Posts extracted: 62
[2024-10-31T17:53:03.913+0000] {logging_mixin.py:190} INFO - Posts extracted: 63
[2024-10-31T17:53:03.914+0000] {logging_mixin.py:190} INFO - Posts extracted: 64
[2024-10-31T17:53:03.914+0000] {logging_mixin.py:190} INFO - Posts extracted: 65
[2024-10-31T17:53:03.915+0000] {logging_mixin.py:190} INFO - Posts extracted: 66
[2024-10-31T17:53:03.915+0000] {logging_mixin.py:190} INFO - Posts extracted: 67
[2024-10-31T17:53:03.916+0000] {logging_mixin.py:190} INFO - Posts extracted: 68
[2024-10-31T17:53:03.916+0000] {logging_mixin.py:190} INFO - Posts extracted: 69
[2024-10-31T17:53:03.917+0000] {logging_mixin.py:190} INFO - Posts extracted: 70
[2024-10-31T17:53:03.917+0000] {logging_mixin.py:190} INFO - Posts extracted: 71
[2024-10-31T17:53:03.918+0000] {logging_mixin.py:190} INFO - Posts extracted: 72
[2024-10-31T17:53:03.918+0000] {logging_mixin.py:190} INFO - Posts extracted: 73
[2024-10-31T17:53:03.918+0000] {logging_mixin.py:190} INFO - Posts extracted: 74
[2024-10-31T17:53:03.919+0000] {logging_mixin.py:190} INFO - Posts extracted: 75
[2024-10-31T17:53:03.919+0000] {logging_mixin.py:190} INFO - Posts extracted: 76
[2024-10-31T17:53:03.920+0000] {logging_mixin.py:190} INFO - Posts extracted: 77
[2024-10-31T17:53:03.920+0000] {logging_mixin.py:190} INFO - Posts extracted: 78
[2024-10-31T17:53:03.921+0000] {logging_mixin.py:190} INFO - Posts extracted: 79
[2024-10-31T17:53:03.921+0000] {logging_mixin.py:190} INFO - Posts extracted: 80
[2024-10-31T17:53:03.922+0000] {logging_mixin.py:190} INFO - Posts extracted: 81
[2024-10-31T17:53:03.922+0000] {logging_mixin.py:190} INFO - Posts extracted: 82
[2024-10-31T17:53:03.923+0000] {logging_mixin.py:190} INFO - Posts extracted: 83
[2024-10-31T17:53:03.923+0000] {logging_mixin.py:190} INFO - Posts extracted: 84
[2024-10-31T17:53:03.924+0000] {logging_mixin.py:190} INFO - Posts extracted: 85
[2024-10-31T17:53:03.924+0000] {logging_mixin.py:190} INFO - Posts extracted: 86
[2024-10-31T17:53:03.925+0000] {logging_mixin.py:190} INFO - Posts extracted: 87
[2024-10-31T17:53:03.925+0000] {logging_mixin.py:190} INFO - Posts extracted: 88
[2024-10-31T17:53:03.926+0000] {logging_mixin.py:190} INFO - Posts extracted: 89
[2024-10-31T17:53:03.926+0000] {logging_mixin.py:190} INFO - Posts extracted: 90
[2024-10-31T17:53:03.927+0000] {logging_mixin.py:190} INFO - Posts extracted: 91
[2024-10-31T17:53:03.927+0000] {logging_mixin.py:190} INFO - Posts extracted: 92
[2024-10-31T17:53:03.927+0000] {logging_mixin.py:190} INFO - Posts extracted: 93
[2024-10-31T17:53:03.928+0000] {logging_mixin.py:190} INFO - Posts extracted: 94
[2024-10-31T17:53:03.928+0000] {logging_mixin.py:190} INFO - Posts extracted: 95
[2024-10-31T17:53:03.929+0000] {logging_mixin.py:190} INFO - Posts extracted: 96
[2024-10-31T17:53:03.929+0000] {logging_mixin.py:190} INFO - Posts extracted: 97
[2024-10-31T17:53:03.930+0000] {logging_mixin.py:190} INFO - Posts extracted: 98
[2024-10-31T17:53:03.930+0000] {logging_mixin.py:190} INFO - Posts extracted: 99
[2024-10-31T17:53:03.931+0000] {logging_mixin.py:190} INFO - Posts extracted: 100
[2024-10-31T17:53:06.091+0000] {logging_mixin.py:190} INFO - Posts extracted: 101
[2024-10-31T17:53:06.092+0000] {logging_mixin.py:190} INFO - Posts extracted: 102
[2024-10-31T17:53:06.093+0000] {logging_mixin.py:190} INFO - Posts extracted: 103
[2024-10-31T17:53:06.094+0000] {logging_mixin.py:190} INFO - Posts extracted: 104
[2024-10-31T17:53:06.095+0000] {logging_mixin.py:190} INFO - Posts extracted: 105
[2024-10-31T17:53:06.095+0000] {logging_mixin.py:190} INFO - Posts extracted: 106
[2024-10-31T17:53:06.096+0000] {logging_mixin.py:190} INFO - Posts extracted: 107
[2024-10-31T17:53:06.097+0000] {logging_mixin.py:190} INFO - Posts extracted: 108
[2024-10-31T17:53:06.097+0000] {logging_mixin.py:190} INFO - Posts extracted: 109
[2024-10-31T17:53:06.098+0000] {logging_mixin.py:190} INFO - Posts extracted: 110
[2024-10-31T17:53:06.098+0000] {logging_mixin.py:190} INFO - Posts extracted: 111
[2024-10-31T17:53:06.099+0000] {logging_mixin.py:190} INFO - Posts extracted: 112
[2024-10-31T17:53:06.099+0000] {logging_mixin.py:190} INFO - Posts extracted: 113
[2024-10-31T17:53:06.099+0000] {logging_mixin.py:190} INFO - Posts extracted: 114
[2024-10-31T17:53:06.100+0000] {logging_mixin.py:190} INFO - Posts extracted: 115
[2024-10-31T17:53:06.100+0000] {logging_mixin.py:190} INFO - Posts extracted: 116
[2024-10-31T17:53:06.101+0000] {logging_mixin.py:190} INFO - Posts extracted: 117
[2024-10-31T17:53:06.101+0000] {logging_mixin.py:190} INFO - Posts extracted: 118
[2024-10-31T17:53:06.102+0000] {logging_mixin.py:190} INFO - Posts extracted: 119
[2024-10-31T17:53:06.102+0000] {logging_mixin.py:190} INFO - Posts extracted: 120
[2024-10-31T17:53:06.103+0000] {logging_mixin.py:190} INFO - Posts extracted: 121
[2024-10-31T17:53:06.103+0000] {logging_mixin.py:190} INFO - Posts extracted: 122
[2024-10-31T17:53:06.103+0000] {logging_mixin.py:190} INFO - Posts extracted: 123
[2024-10-31T17:53:06.104+0000] {logging_mixin.py:190} INFO - Posts extracted: 124
[2024-10-31T17:53:06.104+0000] {logging_mixin.py:190} INFO - Posts extracted: 125
[2024-10-31T17:53:06.105+0000] {logging_mixin.py:190} INFO - Posts extracted: 126
[2024-10-31T17:53:06.105+0000] {logging_mixin.py:190} INFO - Posts extracted: 127
[2024-10-31T17:53:06.106+0000] {logging_mixin.py:190} INFO - Posts extracted: 128
[2024-10-31T17:53:06.106+0000] {logging_mixin.py:190} INFO - Posts extracted: 129
[2024-10-31T17:53:06.107+0000] {logging_mixin.py:190} INFO - Posts extracted: 130
[2024-10-31T17:53:06.107+0000] {logging_mixin.py:190} INFO - Posts extracted: 131
[2024-10-31T17:53:06.108+0000] {logging_mixin.py:190} INFO - Posts extracted: 132
[2024-10-31T17:53:06.108+0000] {logging_mixin.py:190} INFO - Posts extracted: 133
[2024-10-31T17:53:06.109+0000] {logging_mixin.py:190} INFO - Posts extracted: 134
[2024-10-31T17:53:06.109+0000] {logging_mixin.py:190} INFO - Posts extracted: 135
[2024-10-31T17:53:06.110+0000] {logging_mixin.py:190} INFO - Posts extracted: 136
[2024-10-31T17:53:06.110+0000] {logging_mixin.py:190} INFO - Posts extracted: 137
[2024-10-31T17:53:06.111+0000] {logging_mixin.py:190} INFO - Posts extracted: 138
[2024-10-31T17:53:06.111+0000] {logging_mixin.py:190} INFO - Posts extracted: 139
[2024-10-31T17:53:06.112+0000] {logging_mixin.py:190} INFO - Posts extracted: 140
[2024-10-31T17:53:06.112+0000] {logging_mixin.py:190} INFO - Posts extracted: 141
[2024-10-31T17:53:06.112+0000] {logging_mixin.py:190} INFO - Posts extracted: 142
[2024-10-31T17:53:06.113+0000] {logging_mixin.py:190} INFO - Posts extracted: 143
[2024-10-31T17:53:06.113+0000] {logging_mixin.py:190} INFO - Posts extracted: 144
[2024-10-31T17:53:06.114+0000] {logging_mixin.py:190} INFO - Posts extracted: 145
[2024-10-31T17:53:06.114+0000] {logging_mixin.py:190} INFO - Posts extracted: 146
[2024-10-31T17:53:06.115+0000] {logging_mixin.py:190} INFO - Posts extracted: 147
[2024-10-31T17:53:06.115+0000] {logging_mixin.py:190} INFO - Posts extracted: 148
[2024-10-31T17:53:06.116+0000] {logging_mixin.py:190} INFO - Posts extracted: 149
[2024-10-31T17:53:06.116+0000] {logging_mixin.py:190} INFO - Posts extracted: 150
[2024-10-31T17:53:06.117+0000] {logging_mixin.py:190} INFO - Posts extracted: 151
[2024-10-31T17:53:06.117+0000] {logging_mixin.py:190} INFO - Posts extracted: 152
[2024-10-31T17:53:06.117+0000] {logging_mixin.py:190} INFO - Posts extracted: 153
[2024-10-31T17:53:06.118+0000] {logging_mixin.py:190} INFO - Posts extracted: 154
[2024-10-31T17:53:06.118+0000] {logging_mixin.py:190} INFO - Posts extracted: 155
[2024-10-31T17:53:06.119+0000] {logging_mixin.py:190} INFO - Posts extracted: 156
[2024-10-31T17:53:06.119+0000] {logging_mixin.py:190} INFO - Posts extracted: 157
[2024-10-31T17:53:06.120+0000] {logging_mixin.py:190} INFO - Posts extracted: 158
[2024-10-31T17:53:06.120+0000] {logging_mixin.py:190} INFO - Posts extracted: 159
[2024-10-31T17:53:06.121+0000] {logging_mixin.py:190} INFO - Posts extracted: 160
[2024-10-31T17:53:06.121+0000] {logging_mixin.py:190} INFO - Posts extracted: 161
[2024-10-31T17:53:06.121+0000] {logging_mixin.py:190} INFO - Posts extracted: 162
[2024-10-31T17:53:06.122+0000] {logging_mixin.py:190} INFO - Posts extracted: 163
[2024-10-31T17:53:06.122+0000] {logging_mixin.py:190} INFO - Posts extracted: 164
[2024-10-31T17:53:06.123+0000] {logging_mixin.py:190} INFO - Posts extracted: 165
[2024-10-31T17:53:06.123+0000] {logging_mixin.py:190} INFO - Posts extracted: 166
[2024-10-31T17:53:06.124+0000] {logging_mixin.py:190} INFO - Posts extracted: 167
[2024-10-31T17:53:06.124+0000] {logging_mixin.py:190} INFO - Posts extracted: 168
[2024-10-31T17:53:06.125+0000] {logging_mixin.py:190} INFO - Posts extracted: 169
[2024-10-31T17:53:06.125+0000] {logging_mixin.py:190} INFO - Posts extracted: 170
[2024-10-31T17:53:06.126+0000] {logging_mixin.py:190} INFO - Posts extracted: 171
[2024-10-31T17:53:06.126+0000] {logging_mixin.py:190} INFO - Posts extracted: 172
[2024-10-31T17:53:06.127+0000] {logging_mixin.py:190} INFO - Posts extracted: 173
[2024-10-31T17:53:06.127+0000] {logging_mixin.py:190} INFO - Posts extracted: 174
[2024-10-31T17:53:06.128+0000] {logging_mixin.py:190} INFO - Posts extracted: 175
[2024-10-31T17:53:06.128+0000] {logging_mixin.py:190} INFO - Posts extracted: 176
[2024-10-31T17:53:06.129+0000] {logging_mixin.py:190} INFO - Posts extracted: 177
[2024-10-31T17:53:06.129+0000] {logging_mixin.py:190} INFO - Posts extracted: 178
[2024-10-31T17:53:06.130+0000] {logging_mixin.py:190} INFO - Posts extracted: 179
[2024-10-31T17:53:06.130+0000] {logging_mixin.py:190} INFO - Posts extracted: 180
[2024-10-31T17:53:06.131+0000] {logging_mixin.py:190} INFO - Posts extracted: 181
[2024-10-31T17:53:06.131+0000] {logging_mixin.py:190} INFO - Posts extracted: 182
[2024-10-31T17:53:06.132+0000] {logging_mixin.py:190} INFO - Posts extracted: 183
[2024-10-31T17:53:06.132+0000] {logging_mixin.py:190} INFO - Posts extracted: 184
[2024-10-31T17:53:06.132+0000] {logging_mixin.py:190} INFO - Posts extracted: 185
[2024-10-31T17:53:06.133+0000] {logging_mixin.py:190} INFO - Posts extracted: 186
[2024-10-31T17:53:06.133+0000] {logging_mixin.py:190} INFO - Posts extracted: 187
[2024-10-31T17:53:06.134+0000] {logging_mixin.py:190} INFO - Posts extracted: 188
[2024-10-31T17:53:06.134+0000] {logging_mixin.py:190} INFO - Posts extracted: 189
[2024-10-31T17:53:06.135+0000] {logging_mixin.py:190} INFO - Posts extracted: 190
[2024-10-31T17:53:06.135+0000] {logging_mixin.py:190} INFO - Posts extracted: 191
[2024-10-31T17:53:06.136+0000] {logging_mixin.py:190} INFO - Posts extracted: 192
[2024-10-31T17:53:06.136+0000] {logging_mixin.py:190} INFO - Posts extracted: 193
[2024-10-31T17:53:06.137+0000] {logging_mixin.py:190} INFO - Posts extracted: 194
[2024-10-31T17:53:06.137+0000] {logging_mixin.py:190} INFO - Posts extracted: 195
[2024-10-31T17:53:06.137+0000] {logging_mixin.py:190} INFO - Posts extracted: 196
[2024-10-31T17:53:06.138+0000] {logging_mixin.py:190} INFO - Posts extracted: 197
[2024-10-31T17:53:06.138+0000] {logging_mixin.py:190} INFO - Posts extracted: 198
[2024-10-31T17:53:06.139+0000] {logging_mixin.py:190} INFO - Posts extracted: 199
[2024-10-31T17:53:06.139+0000] {logging_mixin.py:190} INFO - Posts extracted: 200
[2024-10-31T17:53:07.925+0000] {logging_mixin.py:190} INFO - Posts extracted: 201
[2024-10-31T17:53:07.926+0000] {logging_mixin.py:190} INFO - Posts extracted: 202
[2024-10-31T17:53:07.927+0000] {logging_mixin.py:190} INFO - Posts extracted: 203
[2024-10-31T17:53:07.927+0000] {logging_mixin.py:190} INFO - Posts extracted: 204
[2024-10-31T17:53:07.928+0000] {logging_mixin.py:190} INFO - Posts extracted: 205
[2024-10-31T17:53:07.928+0000] {logging_mixin.py:190} INFO - Posts extracted: 206
[2024-10-31T17:53:07.929+0000] {logging_mixin.py:190} INFO - Posts extracted: 207
[2024-10-31T17:53:07.929+0000] {logging_mixin.py:190} INFO - Posts extracted: 208
[2024-10-31T17:53:07.930+0000] {logging_mixin.py:190} INFO - Posts extracted: 209
[2024-10-31T17:53:07.930+0000] {logging_mixin.py:190} INFO - Posts extracted: 210
[2024-10-31T17:53:07.931+0000] {logging_mixin.py:190} INFO - Posts extracted: 211
[2024-10-31T17:53:07.931+0000] {logging_mixin.py:190} INFO - Posts extracted: 212
[2024-10-31T17:53:07.932+0000] {logging_mixin.py:190} INFO - Posts extracted: 213
[2024-10-31T17:53:07.932+0000] {logging_mixin.py:190} INFO - Posts extracted: 214
[2024-10-31T17:53:07.933+0000] {logging_mixin.py:190} INFO - Posts extracted: 215
[2024-10-31T17:53:07.933+0000] {logging_mixin.py:190} INFO - Posts extracted: 216
[2024-10-31T17:53:07.934+0000] {logging_mixin.py:190} INFO - Posts extracted: 217
[2024-10-31T17:53:07.935+0000] {logging_mixin.py:190} INFO - Posts extracted: 218
[2024-10-31T17:53:07.935+0000] {logging_mixin.py:190} INFO - Posts extracted: 219
[2024-10-31T17:53:07.936+0000] {logging_mixin.py:190} INFO - Posts extracted: 220
[2024-10-31T17:53:07.936+0000] {logging_mixin.py:190} INFO - Posts extracted: 221
[2024-10-31T17:53:07.937+0000] {logging_mixin.py:190} INFO - Posts extracted: 222
[2024-10-31T17:53:07.937+0000] {logging_mixin.py:190} INFO - Posts extracted: 223
[2024-10-31T17:53:07.937+0000] {logging_mixin.py:190} INFO - Posts extracted: 224
[2024-10-31T17:53:07.938+0000] {logging_mixin.py:190} INFO - Posts extracted: 225
[2024-10-31T17:53:07.938+0000] {logging_mixin.py:190} INFO - Posts extracted: 226
[2024-10-31T17:53:07.939+0000] {logging_mixin.py:190} INFO - Posts extracted: 227
[2024-10-31T17:53:07.939+0000] {logging_mixin.py:190} INFO - Posts extracted: 228
[2024-10-31T17:53:07.940+0000] {logging_mixin.py:190} INFO - Posts extracted: 229
[2024-10-31T17:53:07.940+0000] {logging_mixin.py:190} INFO - Posts extracted: 230
[2024-10-31T17:53:07.941+0000] {logging_mixin.py:190} INFO - Posts extracted: 231
[2024-10-31T17:53:07.941+0000] {logging_mixin.py:190} INFO - Posts extracted: 232
[2024-10-31T17:53:07.941+0000] {logging_mixin.py:190} INFO - Posts extracted: 233
[2024-10-31T17:53:07.942+0000] {logging_mixin.py:190} INFO - Posts extracted: 234
[2024-10-31T17:53:07.942+0000] {logging_mixin.py:190} INFO - Posts extracted: 235
[2024-10-31T17:53:07.943+0000] {logging_mixin.py:190} INFO - Posts extracted: 236
[2024-10-31T17:53:07.943+0000] {logging_mixin.py:190} INFO - Posts extracted: 237
[2024-10-31T17:53:07.944+0000] {logging_mixin.py:190} INFO - Posts extracted: 238
[2024-10-31T17:53:07.944+0000] {logging_mixin.py:190} INFO - Posts extracted: 239
[2024-10-31T17:53:07.945+0000] {logging_mixin.py:190} INFO - Posts extracted: 240
[2024-10-31T17:53:07.945+0000] {logging_mixin.py:190} INFO - Posts extracted: 241
[2024-10-31T17:53:07.946+0000] {logging_mixin.py:190} INFO - Posts extracted: 242
[2024-10-31T17:53:07.946+0000] {logging_mixin.py:190} INFO - Posts extracted: 243
[2024-10-31T17:53:07.947+0000] {logging_mixin.py:190} INFO - Posts extracted: 244
[2024-10-31T17:53:07.947+0000] {logging_mixin.py:190} INFO - Posts extracted: 245
[2024-10-31T17:53:07.948+0000] {logging_mixin.py:190} INFO - Posts extracted: 246
[2024-10-31T17:53:07.948+0000] {logging_mixin.py:190} INFO - Posts extracted: 247
[2024-10-31T17:53:07.949+0000] {logging_mixin.py:190} INFO - Posts extracted: 248
[2024-10-31T17:53:07.949+0000] {logging_mixin.py:190} INFO - Posts extracted: 249
[2024-10-31T17:53:07.949+0000] {logging_mixin.py:190} INFO - Posts extracted: 250
[2024-10-31T17:53:07.950+0000] {logging_mixin.py:190} INFO - Posts extracted: 251
[2024-10-31T17:53:07.950+0000] {logging_mixin.py:190} INFO - Posts extracted: 252
[2024-10-31T17:53:07.951+0000] {logging_mixin.py:190} INFO - Posts extracted: 253
[2024-10-31T17:53:07.951+0000] {logging_mixin.py:190} INFO - Posts extracted: 254
[2024-10-31T17:53:07.952+0000] {logging_mixin.py:190} INFO - Posts extracted: 255
[2024-10-31T17:53:07.952+0000] {logging_mixin.py:190} INFO - Posts extracted: 256
[2024-10-31T17:53:07.953+0000] {logging_mixin.py:190} INFO - Posts extracted: 257
[2024-10-31T17:53:07.953+0000] {logging_mixin.py:190} INFO - Posts extracted: 258
[2024-10-31T17:53:07.954+0000] {logging_mixin.py:190} INFO - Posts extracted: 259
[2024-10-31T17:53:07.954+0000] {logging_mixin.py:190} INFO - Posts extracted: 260
[2024-10-31T17:53:07.954+0000] {logging_mixin.py:190} INFO - Posts extracted: 261
[2024-10-31T17:53:07.955+0000] {logging_mixin.py:190} INFO - Posts extracted: 262
[2024-10-31T17:53:07.955+0000] {logging_mixin.py:190} INFO - Posts extracted: 263
[2024-10-31T17:53:07.956+0000] {logging_mixin.py:190} INFO - Posts extracted: 264
[2024-10-31T17:53:07.956+0000] {logging_mixin.py:190} INFO - Posts extracted: 265
[2024-10-31T17:53:07.957+0000] {logging_mixin.py:190} INFO - Posts extracted: 266
[2024-10-31T17:53:07.957+0000] {logging_mixin.py:190} INFO - Posts extracted: 267
[2024-10-31T17:53:07.958+0000] {logging_mixin.py:190} INFO - Posts extracted: 268
[2024-10-31T17:53:07.958+0000] {logging_mixin.py:190} INFO - Posts extracted: 269
[2024-10-31T17:53:07.958+0000] {logging_mixin.py:190} INFO - Posts extracted: 270
[2024-10-31T17:53:07.959+0000] {logging_mixin.py:190} INFO - Posts extracted: 271
[2024-10-31T17:53:07.959+0000] {logging_mixin.py:190} INFO - Posts extracted: 272
[2024-10-31T17:53:07.960+0000] {logging_mixin.py:190} INFO - Posts extracted: 273
[2024-10-31T17:53:07.960+0000] {logging_mixin.py:190} INFO - Posts extracted: 274
[2024-10-31T17:53:07.961+0000] {logging_mixin.py:190} INFO - Posts extracted: 275
[2024-10-31T17:53:07.961+0000] {logging_mixin.py:190} INFO - Posts extracted: 276
[2024-10-31T17:53:07.962+0000] {logging_mixin.py:190} INFO - Posts extracted: 277
[2024-10-31T17:53:07.962+0000] {logging_mixin.py:190} INFO - Posts extracted: 278
[2024-10-31T17:53:07.963+0000] {logging_mixin.py:190} INFO - Posts extracted: 279
[2024-10-31T17:53:07.963+0000] {logging_mixin.py:190} INFO - Posts extracted: 280
[2024-10-31T17:53:07.964+0000] {logging_mixin.py:190} INFO - Posts extracted: 281
[2024-10-31T17:53:07.964+0000] {logging_mixin.py:190} INFO - Posts extracted: 282
[2024-10-31T17:53:07.965+0000] {logging_mixin.py:190} INFO - Posts extracted: 283
[2024-10-31T17:53:07.965+0000] {logging_mixin.py:190} INFO - Posts extracted: 284
[2024-10-31T17:53:07.966+0000] {logging_mixin.py:190} INFO - Posts extracted: 285
[2024-10-31T17:53:07.966+0000] {logging_mixin.py:190} INFO - Posts extracted: 286
[2024-10-31T17:53:07.967+0000] {logging_mixin.py:190} INFO - Posts extracted: 287
[2024-10-31T17:53:07.967+0000] {logging_mixin.py:190} INFO - Posts extracted: 288
[2024-10-31T17:53:07.968+0000] {logging_mixin.py:190} INFO - Posts extracted: 289
[2024-10-31T17:53:07.968+0000] {logging_mixin.py:190} INFO - Posts extracted: 290
[2024-10-31T17:53:07.969+0000] {logging_mixin.py:190} INFO - Posts extracted: 291
[2024-10-31T17:53:07.969+0000] {logging_mixin.py:190} INFO - Posts extracted: 292
[2024-10-31T17:53:07.969+0000] {logging_mixin.py:190} INFO - Posts extracted: 293
[2024-10-31T17:53:07.970+0000] {logging_mixin.py:190} INFO - Posts extracted: 294
[2024-10-31T17:53:07.970+0000] {logging_mixin.py:190} INFO - Posts extracted: 295
[2024-10-31T17:53:07.971+0000] {logging_mixin.py:190} INFO - Posts extracted: 296
[2024-10-31T17:53:07.971+0000] {logging_mixin.py:190} INFO - Posts extracted: 297
[2024-10-31T17:53:07.972+0000] {logging_mixin.py:190} INFO - Posts extracted: 298
[2024-10-31T17:53:07.972+0000] {logging_mixin.py:190} INFO - Posts extracted: 299
[2024-10-31T17:53:07.973+0000] {logging_mixin.py:190} INFO - Posts extracted: 300
[2024-10-31T17:53:09.681+0000] {logging_mixin.py:190} INFO - Posts extracted: 301
[2024-10-31T17:53:09.682+0000] {logging_mixin.py:190} INFO - Posts extracted: 302
[2024-10-31T17:53:09.683+0000] {logging_mixin.py:190} INFO - Posts extracted: 303
[2024-10-31T17:53:09.684+0000] {logging_mixin.py:190} INFO - Posts extracted: 304
[2024-10-31T17:53:09.684+0000] {logging_mixin.py:190} INFO - Posts extracted: 305
[2024-10-31T17:53:09.685+0000] {logging_mixin.py:190} INFO - Posts extracted: 306
[2024-10-31T17:53:09.685+0000] {logging_mixin.py:190} INFO - Posts extracted: 307
[2024-10-31T17:53:09.686+0000] {logging_mixin.py:190} INFO - Posts extracted: 308
[2024-10-31T17:53:09.686+0000] {logging_mixin.py:190} INFO - Posts extracted: 309
[2024-10-31T17:53:09.687+0000] {logging_mixin.py:190} INFO - Posts extracted: 310
[2024-10-31T17:53:09.687+0000] {logging_mixin.py:190} INFO - Posts extracted: 311
[2024-10-31T17:53:09.688+0000] {logging_mixin.py:190} INFO - Posts extracted: 312
[2024-10-31T17:53:09.688+0000] {logging_mixin.py:190} INFO - Posts extracted: 313
[2024-10-31T17:53:09.689+0000] {logging_mixin.py:190} INFO - Posts extracted: 314
[2024-10-31T17:53:09.689+0000] {logging_mixin.py:190} INFO - Posts extracted: 315
[2024-10-31T17:53:09.690+0000] {logging_mixin.py:190} INFO - Posts extracted: 316
[2024-10-31T17:53:09.690+0000] {logging_mixin.py:190} INFO - Posts extracted: 317
[2024-10-31T17:53:09.691+0000] {logging_mixin.py:190} INFO - Posts extracted: 318
[2024-10-31T17:53:09.691+0000] {logging_mixin.py:190} INFO - Posts extracted: 319
[2024-10-31T17:53:09.692+0000] {logging_mixin.py:190} INFO - Posts extracted: 320
[2024-10-31T17:53:09.692+0000] {logging_mixin.py:190} INFO - Posts extracted: 321
[2024-10-31T17:53:09.692+0000] {logging_mixin.py:190} INFO - Posts extracted: 322
[2024-10-31T17:53:09.693+0000] {logging_mixin.py:190} INFO - Posts extracted: 323
[2024-10-31T17:53:09.693+0000] {logging_mixin.py:190} INFO - Posts extracted: 324
[2024-10-31T17:53:09.694+0000] {logging_mixin.py:190} INFO - Posts extracted: 325
[2024-10-31T17:53:09.694+0000] {logging_mixin.py:190} INFO - Posts extracted: 326
[2024-10-31T17:53:09.695+0000] {logging_mixin.py:190} INFO - Posts extracted: 327
[2024-10-31T17:53:09.695+0000] {logging_mixin.py:190} INFO - Posts extracted: 328
[2024-10-31T17:53:09.696+0000] {logging_mixin.py:190} INFO - Posts extracted: 329
[2024-10-31T17:53:09.696+0000] {logging_mixin.py:190} INFO - Posts extracted: 330
[2024-10-31T17:53:09.697+0000] {logging_mixin.py:190} INFO - Posts extracted: 331
[2024-10-31T17:53:09.697+0000] {logging_mixin.py:190} INFO - Posts extracted: 332
[2024-10-31T17:53:09.698+0000] {logging_mixin.py:190} INFO - Posts extracted: 333
[2024-10-31T17:53:09.698+0000] {logging_mixin.py:190} INFO - Posts extracted: 334
[2024-10-31T17:53:09.699+0000] {logging_mixin.py:190} INFO - Posts extracted: 335
[2024-10-31T17:53:09.699+0000] {logging_mixin.py:190} INFO - Posts extracted: 336
[2024-10-31T17:53:09.700+0000] {logging_mixin.py:190} INFO - Posts extracted: 337
[2024-10-31T17:53:09.700+0000] {logging_mixin.py:190} INFO - Posts extracted: 338
[2024-10-31T17:53:09.701+0000] {logging_mixin.py:190} INFO - Posts extracted: 339
[2024-10-31T17:53:09.701+0000] {logging_mixin.py:190} INFO - Posts extracted: 340
[2024-10-31T17:53:09.701+0000] {logging_mixin.py:190} INFO - Posts extracted: 341
[2024-10-31T17:53:09.702+0000] {logging_mixin.py:190} INFO - Posts extracted: 342
[2024-10-31T17:53:09.702+0000] {logging_mixin.py:190} INFO - Posts extracted: 343
[2024-10-31T17:53:09.703+0000] {logging_mixin.py:190} INFO - Posts extracted: 344
[2024-10-31T17:53:09.703+0000] {logging_mixin.py:190} INFO - Posts extracted: 345
[2024-10-31T17:53:09.704+0000] {logging_mixin.py:190} INFO - Posts extracted: 346
[2024-10-31T17:53:09.704+0000] {logging_mixin.py:190} INFO - Posts extracted: 347
[2024-10-31T17:53:09.705+0000] {logging_mixin.py:190} INFO - Posts extracted: 348
[2024-10-31T17:53:09.705+0000] {logging_mixin.py:190} INFO - Posts extracted: 349
[2024-10-31T17:53:09.705+0000] {logging_mixin.py:190} INFO - Posts extracted: 350
[2024-10-31T17:53:09.706+0000] {logging_mixin.py:190} INFO - Posts extracted: 351
[2024-10-31T17:53:09.706+0000] {logging_mixin.py:190} INFO - Posts extracted: 352
[2024-10-31T17:53:09.707+0000] {logging_mixin.py:190} INFO - Posts extracted: 353
[2024-10-31T17:53:09.707+0000] {logging_mixin.py:190} INFO - Posts extracted: 354
[2024-10-31T17:53:09.708+0000] {logging_mixin.py:190} INFO - Posts extracted: 355
[2024-10-31T17:53:09.708+0000] {logging_mixin.py:190} INFO - Posts extracted: 356
[2024-10-31T17:53:09.709+0000] {logging_mixin.py:190} INFO - Posts extracted: 357
[2024-10-31T17:53:09.709+0000] {logging_mixin.py:190} INFO - Posts extracted: 358
[2024-10-31T17:53:09.710+0000] {logging_mixin.py:190} INFO - Posts extracted: 359
[2024-10-31T17:53:09.710+0000] {logging_mixin.py:190} INFO - Posts extracted: 360
[2024-10-31T17:53:09.710+0000] {logging_mixin.py:190} INFO - Posts extracted: 361
[2024-10-31T17:53:09.711+0000] {logging_mixin.py:190} INFO - Posts extracted: 362
[2024-10-31T17:53:09.711+0000] {logging_mixin.py:190} INFO - Posts extracted: 363
[2024-10-31T17:53:09.712+0000] {logging_mixin.py:190} INFO - Posts extracted: 364
[2024-10-31T17:53:09.712+0000] {logging_mixin.py:190} INFO - Posts extracted: 365
[2024-10-31T17:53:09.713+0000] {logging_mixin.py:190} INFO - Posts extracted: 366
[2024-10-31T17:53:09.713+0000] {logging_mixin.py:190} INFO - Posts extracted: 367
[2024-10-31T17:53:09.714+0000] {logging_mixin.py:190} INFO - Posts extracted: 368
[2024-10-31T17:53:09.714+0000] {logging_mixin.py:190} INFO - Posts extracted: 369
[2024-10-31T17:53:09.715+0000] {logging_mixin.py:190} INFO - Posts extracted: 370
[2024-10-31T17:53:09.715+0000] {logging_mixin.py:190} INFO - Posts extracted: 371
[2024-10-31T17:53:09.716+0000] {logging_mixin.py:190} INFO - Posts extracted: 372
[2024-10-31T17:53:09.716+0000] {logging_mixin.py:190} INFO - Posts extracted: 373
[2024-10-31T17:53:09.717+0000] {logging_mixin.py:190} INFO - Posts extracted: 374
[2024-10-31T17:53:09.718+0000] {logging_mixin.py:190} INFO - Posts extracted: 375
[2024-10-31T17:53:09.718+0000] {logging_mixin.py:190} INFO - Posts extracted: 376
[2024-10-31T17:53:09.719+0000] {logging_mixin.py:190} INFO - Posts extracted: 377
[2024-10-31T17:53:09.719+0000] {logging_mixin.py:190} INFO - Posts extracted: 378
[2024-10-31T17:53:09.720+0000] {logging_mixin.py:190} INFO - Posts extracted: 379
[2024-10-31T17:53:09.720+0000] {logging_mixin.py:190} INFO - Posts extracted: 380
[2024-10-31T17:53:09.721+0000] {logging_mixin.py:190} INFO - Posts extracted: 381
[2024-10-31T17:53:09.721+0000] {logging_mixin.py:190} INFO - Posts extracted: 382
[2024-10-31T17:53:09.722+0000] {logging_mixin.py:190} INFO - Posts extracted: 383
[2024-10-31T17:53:09.722+0000] {logging_mixin.py:190} INFO - Posts extracted: 384
[2024-10-31T17:53:09.723+0000] {logging_mixin.py:190} INFO - Posts extracted: 385
[2024-10-31T17:53:09.723+0000] {logging_mixin.py:190} INFO - Posts extracted: 386
[2024-10-31T17:53:09.724+0000] {logging_mixin.py:190} INFO - Posts extracted: 387
[2024-10-31T17:53:09.724+0000] {logging_mixin.py:190} INFO - Posts extracted: 388
[2024-10-31T17:53:09.725+0000] {logging_mixin.py:190} INFO - Posts extracted: 389
[2024-10-31T17:53:09.725+0000] {logging_mixin.py:190} INFO - Posts extracted: 390
[2024-10-31T17:53:09.726+0000] {logging_mixin.py:190} INFO - Posts extracted: 391
[2024-10-31T17:53:09.726+0000] {logging_mixin.py:190} INFO - Posts extracted: 392
[2024-10-31T17:53:09.726+0000] {logging_mixin.py:190} INFO - Posts extracted: 393
[2024-10-31T17:53:09.727+0000] {logging_mixin.py:190} INFO - Posts extracted: 394
[2024-10-31T17:53:09.727+0000] {logging_mixin.py:190} INFO - Posts extracted: 395
[2024-10-31T17:53:09.728+0000] {logging_mixin.py:190} INFO - Posts extracted: 396
[2024-10-31T17:53:09.728+0000] {logging_mixin.py:190} INFO - Posts extracted: 397
[2024-10-31T17:53:09.729+0000] {logging_mixin.py:190} INFO - Posts extracted: 398
[2024-10-31T17:53:09.729+0000] {logging_mixin.py:190} INFO - Posts extracted: 399
[2024-10-31T17:53:09.730+0000] {logging_mixin.py:190} INFO - Posts extracted: 400
[2024-10-31T17:53:11.570+0000] {logging_mixin.py:190} INFO - Posts extracted: 401
[2024-10-31T17:53:11.571+0000] {logging_mixin.py:190} INFO - Posts extracted: 402
[2024-10-31T17:53:11.572+0000] {logging_mixin.py:190} INFO - Posts extracted: 403
[2024-10-31T17:53:11.573+0000] {logging_mixin.py:190} INFO - Posts extracted: 404
[2024-10-31T17:53:11.574+0000] {logging_mixin.py:190} INFO - Posts extracted: 405
[2024-10-31T17:53:11.574+0000] {logging_mixin.py:190} INFO - Posts extracted: 406
[2024-10-31T17:53:11.575+0000] {logging_mixin.py:190} INFO - Posts extracted: 407
[2024-10-31T17:53:11.575+0000] {logging_mixin.py:190} INFO - Posts extracted: 408
[2024-10-31T17:53:11.576+0000] {logging_mixin.py:190} INFO - Posts extracted: 409
[2024-10-31T17:53:11.576+0000] {logging_mixin.py:190} INFO - Posts extracted: 410
[2024-10-31T17:53:11.577+0000] {logging_mixin.py:190} INFO - Posts extracted: 411
[2024-10-31T17:53:11.577+0000] {logging_mixin.py:190} INFO - Posts extracted: 412
[2024-10-31T17:53:11.577+0000] {logging_mixin.py:190} INFO - Posts extracted: 413
[2024-10-31T17:53:11.578+0000] {logging_mixin.py:190} INFO - Posts extracted: 414
[2024-10-31T17:53:11.578+0000] {logging_mixin.py:190} INFO - Posts extracted: 415
[2024-10-31T17:53:11.579+0000] {logging_mixin.py:190} INFO - Posts extracted: 416
[2024-10-31T17:53:11.579+0000] {logging_mixin.py:190} INFO - Posts extracted: 417
[2024-10-31T17:53:11.580+0000] {logging_mixin.py:190} INFO - Posts extracted: 418
[2024-10-31T17:53:11.580+0000] {logging_mixin.py:190} INFO - Posts extracted: 419
[2024-10-31T17:53:11.581+0000] {logging_mixin.py:190} INFO - Posts extracted: 420
[2024-10-31T17:53:11.581+0000] {logging_mixin.py:190} INFO - Posts extracted: 421
[2024-10-31T17:53:11.582+0000] {logging_mixin.py:190} INFO - Posts extracted: 422
[2024-10-31T17:53:11.582+0000] {logging_mixin.py:190} INFO - Posts extracted: 423
[2024-10-31T17:53:11.583+0000] {logging_mixin.py:190} INFO - Posts extracted: 424
[2024-10-31T17:53:11.583+0000] {logging_mixin.py:190} INFO - Posts extracted: 425
[2024-10-31T17:53:11.584+0000] {logging_mixin.py:190} INFO - Posts extracted: 426
[2024-10-31T17:53:11.584+0000] {logging_mixin.py:190} INFO - Posts extracted: 427
[2024-10-31T17:53:11.585+0000] {logging_mixin.py:190} INFO - Posts extracted: 428
[2024-10-31T17:53:11.585+0000] {logging_mixin.py:190} INFO - Posts extracted: 429
[2024-10-31T17:53:11.586+0000] {logging_mixin.py:190} INFO - Posts extracted: 430
[2024-10-31T17:53:11.586+0000] {logging_mixin.py:190} INFO - Posts extracted: 431
[2024-10-31T17:53:11.586+0000] {logging_mixin.py:190} INFO - Posts extracted: 432
[2024-10-31T17:53:11.587+0000] {logging_mixin.py:190} INFO - Posts extracted: 433
[2024-10-31T17:53:11.587+0000] {logging_mixin.py:190} INFO - Posts extracted: 434
[2024-10-31T17:53:11.588+0000] {logging_mixin.py:190} INFO - Posts extracted: 435
[2024-10-31T17:53:11.588+0000] {logging_mixin.py:190} INFO - Posts extracted: 436
[2024-10-31T17:53:11.589+0000] {logging_mixin.py:190} INFO - Posts extracted: 437
[2024-10-31T17:53:11.589+0000] {logging_mixin.py:190} INFO - Posts extracted: 438
[2024-10-31T17:53:11.590+0000] {logging_mixin.py:190} INFO - Posts extracted: 439
[2024-10-31T17:53:11.590+0000] {logging_mixin.py:190} INFO - Posts extracted: 440
[2024-10-31T17:53:11.591+0000] {logging_mixin.py:190} INFO - Posts extracted: 441
[2024-10-31T17:53:11.591+0000] {logging_mixin.py:190} INFO - Posts extracted: 442
[2024-10-31T17:53:11.591+0000] {logging_mixin.py:190} INFO - Posts extracted: 443
[2024-10-31T17:53:11.592+0000] {logging_mixin.py:190} INFO - Posts extracted: 444
[2024-10-31T17:53:11.592+0000] {logging_mixin.py:190} INFO - Posts extracted: 445
[2024-10-31T17:53:11.593+0000] {logging_mixin.py:190} INFO - Posts extracted: 446
[2024-10-31T17:53:11.593+0000] {logging_mixin.py:190} INFO - Posts extracted: 447
[2024-10-31T17:53:11.594+0000] {logging_mixin.py:190} INFO - Posts extracted: 448
[2024-10-31T17:53:11.594+0000] {logging_mixin.py:190} INFO - Posts extracted: 449
[2024-10-31T17:53:11.595+0000] {logging_mixin.py:190} INFO - Posts extracted: 450
[2024-10-31T17:53:11.595+0000] {logging_mixin.py:190} INFO - Posts extracted: 451
[2024-10-31T17:53:11.596+0000] {logging_mixin.py:190} INFO - Posts extracted: 452
[2024-10-31T17:53:11.596+0000] {logging_mixin.py:190} INFO - Posts extracted: 453
[2024-10-31T17:53:11.596+0000] {logging_mixin.py:190} INFO - Posts extracted: 454
[2024-10-31T17:53:11.597+0000] {logging_mixin.py:190} INFO - Posts extracted: 455
[2024-10-31T17:53:11.597+0000] {logging_mixin.py:190} INFO - Posts extracted: 456
[2024-10-31T17:53:11.598+0000] {logging_mixin.py:190} INFO - Posts extracted: 457
[2024-10-31T17:53:11.598+0000] {logging_mixin.py:190} INFO - Posts extracted: 458
[2024-10-31T17:53:11.599+0000] {logging_mixin.py:190} INFO - Posts extracted: 459
[2024-10-31T17:53:11.599+0000] {logging_mixin.py:190} INFO - Posts extracted: 460
[2024-10-31T17:53:11.600+0000] {logging_mixin.py:190} INFO - Posts extracted: 461
[2024-10-31T17:53:11.600+0000] {logging_mixin.py:190} INFO - Posts extracted: 462
[2024-10-31T17:53:11.601+0000] {logging_mixin.py:190} INFO - Posts extracted: 463
[2024-10-31T17:53:11.601+0000] {logging_mixin.py:190} INFO - Posts extracted: 464
[2024-10-31T17:53:11.602+0000] {logging_mixin.py:190} INFO - Posts extracted: 465
[2024-10-31T17:53:11.602+0000] {logging_mixin.py:190} INFO - Posts extracted: 466
[2024-10-31T17:53:11.603+0000] {logging_mixin.py:190} INFO - Posts extracted: 467
[2024-10-31T17:53:11.603+0000] {logging_mixin.py:190} INFO - Posts extracted: 468
[2024-10-31T17:53:11.604+0000] {logging_mixin.py:190} INFO - Posts extracted: 469
[2024-10-31T17:53:11.604+0000] {logging_mixin.py:190} INFO - Posts extracted: 470
[2024-10-31T17:53:11.605+0000] {logging_mixin.py:190} INFO - Posts extracted: 471
[2024-10-31T17:53:11.605+0000] {logging_mixin.py:190} INFO - Posts extracted: 472
[2024-10-31T17:53:11.606+0000] {logging_mixin.py:190} INFO - Posts extracted: 473
[2024-10-31T17:53:11.606+0000] {logging_mixin.py:190} INFO - Posts extracted: 474
[2024-10-31T17:53:11.606+0000] {logging_mixin.py:190} INFO - Posts extracted: 475
[2024-10-31T17:53:11.607+0000] {logging_mixin.py:190} INFO - Posts extracted: 476
[2024-10-31T17:53:11.607+0000] {logging_mixin.py:190} INFO - Posts extracted: 477
[2024-10-31T17:53:11.608+0000] {logging_mixin.py:190} INFO - Posts extracted: 478
[2024-10-31T17:53:11.608+0000] {logging_mixin.py:190} INFO - Posts extracted: 479
[2024-10-31T17:53:11.609+0000] {logging_mixin.py:190} INFO - Posts extracted: 480
[2024-10-31T17:53:11.609+0000] {logging_mixin.py:190} INFO - Posts extracted: 481
[2024-10-31T17:53:11.610+0000] {logging_mixin.py:190} INFO - Posts extracted: 482
[2024-10-31T17:53:11.610+0000] {logging_mixin.py:190} INFO - Posts extracted: 483
[2024-10-31T17:53:11.610+0000] {logging_mixin.py:190} INFO - Posts extracted: 484
[2024-10-31T17:53:11.611+0000] {logging_mixin.py:190} INFO - Posts extracted: 485
[2024-10-31T17:53:11.611+0000] {logging_mixin.py:190} INFO - Posts extracted: 486
[2024-10-31T17:53:11.612+0000] {logging_mixin.py:190} INFO - Posts extracted: 487
[2024-10-31T17:53:11.612+0000] {logging_mixin.py:190} INFO - Posts extracted: 488
[2024-10-31T17:53:11.613+0000] {logging_mixin.py:190} INFO - Posts extracted: 489
[2024-10-31T17:53:11.613+0000] {logging_mixin.py:190} INFO - Posts extracted: 490
[2024-10-31T17:53:11.614+0000] {logging_mixin.py:190} INFO - Posts extracted: 491
[2024-10-31T17:53:11.614+0000] {logging_mixin.py:190} INFO - Posts extracted: 492
[2024-10-31T17:53:11.615+0000] {logging_mixin.py:190} INFO - Posts extracted: 493
[2024-10-31T17:53:11.615+0000] {logging_mixin.py:190} INFO - Posts extracted: 494
[2024-10-31T17:53:11.616+0000] {logging_mixin.py:190} INFO - Posts extracted: 495
[2024-10-31T17:53:11.616+0000] {logging_mixin.py:190} INFO - Posts extracted: 496
[2024-10-31T17:53:11.617+0000] {logging_mixin.py:190} INFO - Posts extracted: 497
[2024-10-31T17:53:11.617+0000] {logging_mixin.py:190} INFO - Posts extracted: 498
[2024-10-31T17:53:11.618+0000] {logging_mixin.py:190} INFO - Posts extracted: 499
[2024-10-31T17:53:11.618+0000] {logging_mixin.py:190} INFO - Posts extracted: 500
[2024-10-31T17:53:13.148+0000] {logging_mixin.py:190} INFO - Posts extracted: 501
[2024-10-31T17:53:13.149+0000] {logging_mixin.py:190} INFO - Posts extracted: 502
[2024-10-31T17:53:13.150+0000] {logging_mixin.py:190} INFO - Posts extracted: 503
[2024-10-31T17:53:13.150+0000] {logging_mixin.py:190} INFO - Posts extracted: 504
[2024-10-31T17:53:13.151+0000] {logging_mixin.py:190} INFO - Posts extracted: 505
[2024-10-31T17:53:13.152+0000] {logging_mixin.py:190} INFO - Posts extracted: 506
[2024-10-31T17:53:13.152+0000] {logging_mixin.py:190} INFO - Posts extracted: 507
[2024-10-31T17:53:13.153+0000] {logging_mixin.py:190} INFO - Posts extracted: 508
[2024-10-31T17:53:13.153+0000] {logging_mixin.py:190} INFO - Posts extracted: 509
[2024-10-31T17:53:13.154+0000] {logging_mixin.py:190} INFO - Posts extracted: 510
[2024-10-31T17:53:13.154+0000] {logging_mixin.py:190} INFO - Posts extracted: 511
[2024-10-31T17:53:13.154+0000] {logging_mixin.py:190} INFO - Posts extracted: 512
[2024-10-31T17:53:13.155+0000] {logging_mixin.py:190} INFO - Posts extracted: 513
[2024-10-31T17:53:13.155+0000] {logging_mixin.py:190} INFO - Posts extracted: 514
[2024-10-31T17:53:13.156+0000] {logging_mixin.py:190} INFO - Posts extracted: 515
[2024-10-31T17:53:13.156+0000] {logging_mixin.py:190} INFO - Posts extracted: 516
[2024-10-31T17:53:13.157+0000] {logging_mixin.py:190} INFO - Posts extracted: 517
[2024-10-31T17:53:13.157+0000] {logging_mixin.py:190} INFO - Posts extracted: 518
[2024-10-31T17:53:13.158+0000] {logging_mixin.py:190} INFO - Posts extracted: 519
[2024-10-31T17:53:13.158+0000] {logging_mixin.py:190} INFO - Posts extracted: 520
[2024-10-31T17:53:13.159+0000] {logging_mixin.py:190} INFO - Posts extracted: 521
[2024-10-31T17:53:13.159+0000] {logging_mixin.py:190} INFO - Posts extracted: 522
[2024-10-31T17:53:13.159+0000] {logging_mixin.py:190} INFO - Posts extracted: 523
[2024-10-31T17:53:13.160+0000] {logging_mixin.py:190} INFO - Posts extracted: 524
[2024-10-31T17:53:13.160+0000] {logging_mixin.py:190} INFO - Posts extracted: 525
[2024-10-31T17:53:13.161+0000] {logging_mixin.py:190} INFO - Posts extracted: 526
[2024-10-31T17:53:13.161+0000] {logging_mixin.py:190} INFO - Posts extracted: 527
[2024-10-31T17:53:13.162+0000] {logging_mixin.py:190} INFO - Posts extracted: 528
[2024-10-31T17:53:13.162+0000] {logging_mixin.py:190} INFO - Posts extracted: 529
[2024-10-31T17:53:13.163+0000] {logging_mixin.py:190} INFO - Posts extracted: 530
[2024-10-31T17:53:13.163+0000] {logging_mixin.py:190} INFO - Posts extracted: 531
[2024-10-31T17:53:13.164+0000] {logging_mixin.py:190} INFO - Posts extracted: 532
[2024-10-31T17:53:13.164+0000] {logging_mixin.py:190} INFO - Posts extracted: 533
[2024-10-31T17:53:13.165+0000] {logging_mixin.py:190} INFO - Posts extracted: 534
[2024-10-31T17:53:13.165+0000] {logging_mixin.py:190} INFO - Posts extracted: 535
[2024-10-31T17:53:13.166+0000] {logging_mixin.py:190} INFO - Posts extracted: 536
[2024-10-31T17:53:13.166+0000] {logging_mixin.py:190} INFO - Posts extracted: 537
[2024-10-31T17:53:13.167+0000] {logging_mixin.py:190} INFO - Posts extracted: 538
[2024-10-31T17:53:13.167+0000] {logging_mixin.py:190} INFO - Posts extracted: 539
[2024-10-31T17:53:13.168+0000] {logging_mixin.py:190} INFO - Posts extracted: 540
[2024-10-31T17:53:13.168+0000] {logging_mixin.py:190} INFO - Posts extracted: 541
[2024-10-31T17:53:13.169+0000] {logging_mixin.py:190} INFO - Posts extracted: 542
[2024-10-31T17:53:13.169+0000] {logging_mixin.py:190} INFO - Posts extracted: 543
[2024-10-31T17:53:13.170+0000] {logging_mixin.py:190} INFO - Posts extracted: 544
[2024-10-31T17:53:13.170+0000] {logging_mixin.py:190} INFO - Posts extracted: 545
[2024-10-31T17:53:13.171+0000] {logging_mixin.py:190} INFO - Posts extracted: 546
[2024-10-31T17:53:13.171+0000] {logging_mixin.py:190} INFO - Posts extracted: 547
[2024-10-31T17:53:13.172+0000] {logging_mixin.py:190} INFO - Posts extracted: 548
[2024-10-31T17:53:13.172+0000] {logging_mixin.py:190} INFO - Posts extracted: 549
[2024-10-31T17:53:13.173+0000] {logging_mixin.py:190} INFO - Posts extracted: 550
[2024-10-31T17:53:13.173+0000] {logging_mixin.py:190} INFO - Posts extracted: 551
[2024-10-31T17:53:13.174+0000] {logging_mixin.py:190} INFO - Posts extracted: 552
[2024-10-31T17:53:13.174+0000] {logging_mixin.py:190} INFO - Posts extracted: 553
[2024-10-31T17:53:13.174+0000] {logging_mixin.py:190} INFO - Posts extracted: 554
[2024-10-31T17:53:13.175+0000] {logging_mixin.py:190} INFO - Posts extracted: 555
[2024-10-31T17:53:13.175+0000] {logging_mixin.py:190} INFO - Posts extracted: 556
[2024-10-31T17:53:13.176+0000] {logging_mixin.py:190} INFO - Posts extracted: 557
[2024-10-31T17:53:13.176+0000] {logging_mixin.py:190} INFO - Posts extracted: 558
[2024-10-31T17:53:13.177+0000] {logging_mixin.py:190} INFO - Posts extracted: 559
[2024-10-31T17:53:13.177+0000] {logging_mixin.py:190} INFO - Posts extracted: 560
[2024-10-31T17:53:13.178+0000] {logging_mixin.py:190} INFO - Posts extracted: 561
[2024-10-31T17:53:13.178+0000] {logging_mixin.py:190} INFO - Posts extracted: 562
[2024-10-31T17:53:13.179+0000] {logging_mixin.py:190} INFO - Posts extracted: 563
[2024-10-31T17:53:13.179+0000] {logging_mixin.py:190} INFO - Posts extracted: 564
[2024-10-31T17:53:13.180+0000] {logging_mixin.py:190} INFO - Posts extracted: 565
[2024-10-31T17:53:13.180+0000] {logging_mixin.py:190} INFO - Posts extracted: 566
[2024-10-31T17:53:13.181+0000] {logging_mixin.py:190} INFO - Posts extracted: 567
[2024-10-31T17:53:13.181+0000] {logging_mixin.py:190} INFO - Posts extracted: 568
[2024-10-31T17:53:13.181+0000] {logging_mixin.py:190} INFO - Posts extracted: 569
[2024-10-31T17:53:13.182+0000] {logging_mixin.py:190} INFO - Posts extracted: 570
[2024-10-31T17:53:13.182+0000] {logging_mixin.py:190} INFO - Posts extracted: 571
[2024-10-31T17:53:13.183+0000] {logging_mixin.py:190} INFO - Posts extracted: 572
[2024-10-31T17:53:13.183+0000] {logging_mixin.py:190} INFO - Posts extracted: 573
[2024-10-31T17:53:13.184+0000] {logging_mixin.py:190} INFO - Posts extracted: 574
[2024-10-31T17:53:13.184+0000] {logging_mixin.py:190} INFO - Posts extracted: 575
[2024-10-31T17:53:13.185+0000] {logging_mixin.py:190} INFO - Posts extracted: 576
[2024-10-31T17:53:13.185+0000] {logging_mixin.py:190} INFO - Posts extracted: 577
[2024-10-31T17:53:13.186+0000] {logging_mixin.py:190} INFO - Posts extracted: 578
[2024-10-31T17:53:13.186+0000] {logging_mixin.py:190} INFO - Posts extracted: 579
[2024-10-31T17:53:13.187+0000] {logging_mixin.py:190} INFO - Posts extracted: 580
[2024-10-31T17:53:13.187+0000] {logging_mixin.py:190} INFO - Posts extracted: 581
[2024-10-31T17:53:13.188+0000] {logging_mixin.py:190} INFO - Posts extracted: 582
[2024-10-31T17:53:13.188+0000] {logging_mixin.py:190} INFO - Posts extracted: 583
[2024-10-31T17:53:13.189+0000] {logging_mixin.py:190} INFO - Posts extracted: 584
[2024-10-31T17:53:13.189+0000] {logging_mixin.py:190} INFO - Posts extracted: 585
[2024-10-31T17:53:13.189+0000] {logging_mixin.py:190} INFO - Posts extracted: 586
[2024-10-31T17:53:13.190+0000] {logging_mixin.py:190} INFO - Posts extracted: 587
[2024-10-31T17:53:13.190+0000] {logging_mixin.py:190} INFO - Posts extracted: 588
[2024-10-31T17:53:13.191+0000] {logging_mixin.py:190} INFO - Posts extracted: 589
[2024-10-31T17:53:13.191+0000] {logging_mixin.py:190} INFO - Posts extracted: 590
[2024-10-31T17:53:13.192+0000] {logging_mixin.py:190} INFO - Posts extracted: 591
[2024-10-31T17:53:13.192+0000] {logging_mixin.py:190} INFO - Posts extracted: 592
[2024-10-31T17:53:13.193+0000] {logging_mixin.py:190} INFO - Posts extracted: 593
[2024-10-31T17:53:13.193+0000] {logging_mixin.py:190} INFO - Posts extracted: 594
[2024-10-31T17:53:13.194+0000] {logging_mixin.py:190} INFO - Posts extracted: 595
[2024-10-31T17:53:13.194+0000] {logging_mixin.py:190} INFO - Posts extracted: 596
[2024-10-31T17:53:13.194+0000] {logging_mixin.py:190} INFO - Posts extracted: 597
[2024-10-31T17:53:13.195+0000] {logging_mixin.py:190} INFO - Posts extracted: 598
[2024-10-31T17:53:13.195+0000] {logging_mixin.py:190} INFO - Posts extracted: 599
[2024-10-31T17:53:13.196+0000] {logging_mixin.py:190} INFO - Posts extracted: 600
[2024-10-31T17:53:14.930+0000] {logging_mixin.py:190} INFO - Posts extracted: 601
[2024-10-31T17:53:14.931+0000] {logging_mixin.py:190} INFO - Posts extracted: 602
[2024-10-31T17:53:14.932+0000] {logging_mixin.py:190} INFO - Posts extracted: 603
[2024-10-31T17:53:14.933+0000] {logging_mixin.py:190} INFO - Posts extracted: 604
[2024-10-31T17:53:14.933+0000] {logging_mixin.py:190} INFO - Posts extracted: 605
[2024-10-31T17:53:14.934+0000] {logging_mixin.py:190} INFO - Posts extracted: 606
[2024-10-31T17:53:14.935+0000] {logging_mixin.py:190} INFO - Posts extracted: 607
[2024-10-31T17:53:14.935+0000] {logging_mixin.py:190} INFO - Posts extracted: 608
[2024-10-31T17:53:14.936+0000] {logging_mixin.py:190} INFO - Posts extracted: 609
[2024-10-31T17:53:14.936+0000] {logging_mixin.py:190} INFO - Posts extracted: 610
[2024-10-31T17:53:14.937+0000] {logging_mixin.py:190} INFO - Posts extracted: 611
[2024-10-31T17:53:14.938+0000] {logging_mixin.py:190} INFO - Posts extracted: 612
[2024-10-31T17:53:14.938+0000] {logging_mixin.py:190} INFO - Posts extracted: 613
[2024-10-31T17:53:14.939+0000] {logging_mixin.py:190} INFO - Posts extracted: 614
[2024-10-31T17:53:14.939+0000] {logging_mixin.py:190} INFO - Posts extracted: 615
[2024-10-31T17:53:14.940+0000] {logging_mixin.py:190} INFO - Posts extracted: 616
[2024-10-31T17:53:14.940+0000] {logging_mixin.py:190} INFO - Posts extracted: 617
[2024-10-31T17:53:14.941+0000] {logging_mixin.py:190} INFO - Posts extracted: 618
[2024-10-31T17:53:14.941+0000] {logging_mixin.py:190} INFO - Posts extracted: 619
[2024-10-31T17:53:14.942+0000] {logging_mixin.py:190} INFO - Posts extracted: 620
[2024-10-31T17:53:14.942+0000] {logging_mixin.py:190} INFO - Posts extracted: 621
[2024-10-31T17:53:14.943+0000] {logging_mixin.py:190} INFO - Posts extracted: 622
[2024-10-31T17:53:14.944+0000] {logging_mixin.py:190} INFO - Posts extracted: 623
[2024-10-31T17:53:14.944+0000] {logging_mixin.py:190} INFO - Posts extracted: 624
[2024-10-31T17:53:14.945+0000] {logging_mixin.py:190} INFO - Posts extracted: 625
[2024-10-31T17:53:14.945+0000] {logging_mixin.py:190} INFO - Posts extracted: 626
[2024-10-31T17:53:14.946+0000] {logging_mixin.py:190} INFO - Posts extracted: 627
[2024-10-31T17:53:14.946+0000] {logging_mixin.py:190} INFO - Posts extracted: 628
[2024-10-31T17:53:14.947+0000] {logging_mixin.py:190} INFO - Posts extracted: 629
[2024-10-31T17:53:14.948+0000] {logging_mixin.py:190} INFO - Posts extracted: 630
[2024-10-31T17:53:14.949+0000] {logging_mixin.py:190} INFO - Posts extracted: 631
[2024-10-31T17:53:14.950+0000] {logging_mixin.py:190} INFO - Posts extracted: 632
[2024-10-31T17:53:14.951+0000] {logging_mixin.py:190} INFO - Posts extracted: 633
[2024-10-31T17:53:14.952+0000] {logging_mixin.py:190} INFO - Posts extracted: 634
[2024-10-31T17:53:14.953+0000] {logging_mixin.py:190} INFO - Posts extracted: 635
[2024-10-31T17:53:14.955+0000] {logging_mixin.py:190} INFO - Posts extracted: 636
[2024-10-31T17:53:14.956+0000] {logging_mixin.py:190} INFO - Posts extracted: 637
[2024-10-31T17:53:14.957+0000] {logging_mixin.py:190} INFO - Posts extracted: 638
[2024-10-31T17:53:14.957+0000] {logging_mixin.py:190} INFO - Posts extracted: 639
[2024-10-31T17:53:14.958+0000] {logging_mixin.py:190} INFO - Posts extracted: 640
[2024-10-31T17:53:14.958+0000] {logging_mixin.py:190} INFO - Posts extracted: 641
[2024-10-31T17:53:14.959+0000] {logging_mixin.py:190} INFO - Posts extracted: 642
[2024-10-31T17:53:14.960+0000] {logging_mixin.py:190} INFO - Posts extracted: 643
[2024-10-31T17:53:14.960+0000] {logging_mixin.py:190} INFO - Posts extracted: 644
[2024-10-31T17:53:14.961+0000] {logging_mixin.py:190} INFO - Posts extracted: 645
[2024-10-31T17:53:14.961+0000] {logging_mixin.py:190} INFO - Posts extracted: 646
[2024-10-31T17:53:14.962+0000] {logging_mixin.py:190} INFO - Posts extracted: 647
[2024-10-31T17:53:14.962+0000] {logging_mixin.py:190} INFO - Posts extracted: 648
[2024-10-31T17:53:14.963+0000] {logging_mixin.py:190} INFO - Posts extracted: 649
[2024-10-31T17:53:14.963+0000] {logging_mixin.py:190} INFO - Posts extracted: 650
[2024-10-31T17:53:14.964+0000] {logging_mixin.py:190} INFO - Posts extracted: 651
[2024-10-31T17:53:14.965+0000] {logging_mixin.py:190} INFO - Posts extracted: 652
[2024-10-31T17:53:14.965+0000] {logging_mixin.py:190} INFO - Posts extracted: 653
[2024-10-31T17:53:14.966+0000] {logging_mixin.py:190} INFO - Posts extracted: 654
[2024-10-31T17:53:14.966+0000] {logging_mixin.py:190} INFO - Posts extracted: 655
[2024-10-31T17:53:14.967+0000] {logging_mixin.py:190} INFO - Posts extracted: 656
[2024-10-31T17:53:14.968+0000] {logging_mixin.py:190} INFO - Posts extracted: 657
[2024-10-31T17:53:14.968+0000] {logging_mixin.py:190} INFO - Posts extracted: 658
[2024-10-31T17:53:14.969+0000] {logging_mixin.py:190} INFO - Posts extracted: 659
[2024-10-31T17:53:14.970+0000] {logging_mixin.py:190} INFO - Posts extracted: 660
[2024-10-31T17:53:14.972+0000] {logging_mixin.py:190} INFO - Posts extracted: 661
[2024-10-31T17:53:14.972+0000] {logging_mixin.py:190} INFO - Posts extracted: 662
[2024-10-31T17:53:14.973+0000] {logging_mixin.py:190} INFO - Posts extracted: 663
[2024-10-31T17:53:14.974+0000] {logging_mixin.py:190} INFO - Posts extracted: 664
[2024-10-31T17:53:14.974+0000] {logging_mixin.py:190} INFO - Posts extracted: 665
[2024-10-31T17:53:14.975+0000] {logging_mixin.py:190} INFO - Posts extracted: 666
[2024-10-31T17:53:14.976+0000] {logging_mixin.py:190} INFO - Posts extracted: 667
[2024-10-31T17:53:14.976+0000] {logging_mixin.py:190} INFO - Posts extracted: 668
[2024-10-31T17:53:14.977+0000] {logging_mixin.py:190} INFO - Posts extracted: 669
[2024-10-31T17:53:14.977+0000] {logging_mixin.py:190} INFO - Posts extracted: 670
[2024-10-31T17:53:14.978+0000] {logging_mixin.py:190} INFO - Posts extracted: 671
[2024-10-31T17:53:14.978+0000] {logging_mixin.py:190} INFO - Posts extracted: 672
[2024-10-31T17:53:14.979+0000] {logging_mixin.py:190} INFO - Posts extracted: 673
[2024-10-31T17:53:14.980+0000] {logging_mixin.py:190} INFO - Posts extracted: 674
[2024-10-31T17:53:14.980+0000] {logging_mixin.py:190} INFO - Posts extracted: 675
[2024-10-31T17:53:14.981+0000] {logging_mixin.py:190} INFO - Posts extracted: 676
[2024-10-31T17:53:14.982+0000] {logging_mixin.py:190} INFO - Posts extracted: 677
[2024-10-31T17:53:14.983+0000] {logging_mixin.py:190} INFO - Posts extracted: 678
[2024-10-31T17:53:14.984+0000] {logging_mixin.py:190} INFO - Posts extracted: 679
[2024-10-31T17:53:14.984+0000] {logging_mixin.py:190} INFO - Posts extracted: 680
[2024-10-31T17:53:14.985+0000] {logging_mixin.py:190} INFO - Posts extracted: 681
[2024-10-31T17:53:14.986+0000] {logging_mixin.py:190} INFO - Posts extracted: 682
[2024-10-31T17:53:14.987+0000] {logging_mixin.py:190} INFO - Posts extracted: 683
[2024-10-31T17:53:14.989+0000] {logging_mixin.py:190} INFO - Posts extracted: 684
[2024-10-31T17:53:14.989+0000] {logging_mixin.py:190} INFO - Posts extracted: 685
[2024-10-31T17:53:14.990+0000] {logging_mixin.py:190} INFO - Posts extracted: 686
[2024-10-31T17:53:14.990+0000] {logging_mixin.py:190} INFO - Posts extracted: 687
[2024-10-31T17:53:14.991+0000] {logging_mixin.py:190} INFO - Posts extracted: 688
[2024-10-31T17:53:14.991+0000] {logging_mixin.py:190} INFO - Posts extracted: 689
[2024-10-31T17:53:14.992+0000] {logging_mixin.py:190} INFO - Posts extracted: 690
[2024-10-31T17:53:14.992+0000] {logging_mixin.py:190} INFO - Posts extracted: 691
[2024-10-31T17:53:14.993+0000] {logging_mixin.py:190} INFO - Posts extracted: 692
[2024-10-31T17:53:14.993+0000] {logging_mixin.py:190} INFO - Posts extracted: 693
[2024-10-31T17:53:14.994+0000] {logging_mixin.py:190} INFO - Posts extracted: 694
[2024-10-31T17:53:14.994+0000] {logging_mixin.py:190} INFO - Posts extracted: 695
[2024-10-31T17:53:14.995+0000] {logging_mixin.py:190} INFO - Posts extracted: 696
[2024-10-31T17:53:14.996+0000] {logging_mixin.py:190} INFO - Posts extracted: 697
[2024-10-31T17:53:14.996+0000] {logging_mixin.py:190} INFO - Posts extracted: 698
[2024-10-31T17:53:14.997+0000] {logging_mixin.py:190} INFO - Posts extracted: 699
[2024-10-31T17:53:14.998+0000] {logging_mixin.py:190} INFO - Posts extracted: 700
[2024-10-31T17:53:16.628+0000] {logging_mixin.py:190} INFO - Posts extracted: 701
[2024-10-31T17:53:16.629+0000] {logging_mixin.py:190} INFO - Posts extracted: 702
[2024-10-31T17:53:16.629+0000] {logging_mixin.py:190} INFO - Posts extracted: 703
[2024-10-31T17:53:16.630+0000] {logging_mixin.py:190} INFO - Posts extracted: 704
[2024-10-31T17:53:16.630+0000] {logging_mixin.py:190} INFO - Posts extracted: 705
[2024-10-31T17:53:16.631+0000] {logging_mixin.py:190} INFO - Posts extracted: 706
[2024-10-31T17:53:16.631+0000] {logging_mixin.py:190} INFO - Posts extracted: 707
[2024-10-31T17:53:16.632+0000] {logging_mixin.py:190} INFO - Posts extracted: 708
[2024-10-31T17:53:16.632+0000] {logging_mixin.py:190} INFO - Posts extracted: 709
[2024-10-31T17:53:16.633+0000] {logging_mixin.py:190} INFO - Posts extracted: 710
[2024-10-31T17:53:16.633+0000] {logging_mixin.py:190} INFO - Posts extracted: 711
[2024-10-31T17:53:16.634+0000] {logging_mixin.py:190} INFO - Posts extracted: 712
[2024-10-31T17:53:16.634+0000] {logging_mixin.py:190} INFO - Posts extracted: 713
[2024-10-31T17:53:16.635+0000] {logging_mixin.py:190} INFO - Posts extracted: 714
[2024-10-31T17:53:16.635+0000] {logging_mixin.py:190} INFO - Posts extracted: 715
[2024-10-31T17:53:16.636+0000] {logging_mixin.py:190} INFO - Posts extracted: 716
[2024-10-31T17:53:16.636+0000] {logging_mixin.py:190} INFO - Posts extracted: 717
[2024-10-31T17:53:16.637+0000] {logging_mixin.py:190} INFO - Posts extracted: 718
[2024-10-31T17:53:16.637+0000] {logging_mixin.py:190} INFO - Posts extracted: 719
[2024-10-31T17:53:16.637+0000] {logging_mixin.py:190} INFO - Posts extracted: 720
[2024-10-31T17:53:16.638+0000] {logging_mixin.py:190} INFO - Posts extracted: 721
[2024-10-31T17:53:16.639+0000] {logging_mixin.py:190} INFO - Posts extracted: 722
[2024-10-31T17:53:16.639+0000] {logging_mixin.py:190} INFO - Posts extracted: 723
[2024-10-31T17:53:16.640+0000] {logging_mixin.py:190} INFO - Posts extracted: 724
[2024-10-31T17:53:16.640+0000] {logging_mixin.py:190} INFO - Posts extracted: 725
[2024-10-31T17:53:16.640+0000] {logging_mixin.py:190} INFO - Posts extracted: 726
[2024-10-31T17:53:16.641+0000] {logging_mixin.py:190} INFO - Posts extracted: 727
[2024-10-31T17:53:16.641+0000] {logging_mixin.py:190} INFO - Posts extracted: 728
[2024-10-31T17:53:16.642+0000] {logging_mixin.py:190} INFO - Posts extracted: 729
[2024-10-31T17:53:16.642+0000] {logging_mixin.py:190} INFO - Posts extracted: 730
[2024-10-31T17:53:16.643+0000] {logging_mixin.py:190} INFO - Posts extracted: 731
[2024-10-31T17:53:16.643+0000] {logging_mixin.py:190} INFO - Posts extracted: 732
[2024-10-31T17:53:16.644+0000] {logging_mixin.py:190} INFO - Posts extracted: 733
[2024-10-31T17:53:16.644+0000] {logging_mixin.py:190} INFO - Posts extracted: 734
[2024-10-31T17:53:16.645+0000] {logging_mixin.py:190} INFO - Posts extracted: 735
[2024-10-31T17:53:16.645+0000] {logging_mixin.py:190} INFO - Posts extracted: 736
[2024-10-31T17:53:16.645+0000] {logging_mixin.py:190} INFO - Posts extracted: 737
[2024-10-31T17:53:16.646+0000] {logging_mixin.py:190} INFO - Posts extracted: 738
[2024-10-31T17:53:16.646+0000] {logging_mixin.py:190} INFO - Posts extracted: 739
[2024-10-31T17:53:16.647+0000] {logging_mixin.py:190} INFO - Posts extracted: 740
[2024-10-31T17:53:16.647+0000] {logging_mixin.py:190} INFO - Posts extracted: 741
[2024-10-31T17:53:16.648+0000] {logging_mixin.py:190} INFO - Posts extracted: 742
[2024-10-31T17:53:16.648+0000] {logging_mixin.py:190} INFO - Posts extracted: 743
[2024-10-31T17:53:16.649+0000] {logging_mixin.py:190} INFO - Posts extracted: 744
[2024-10-31T17:53:16.649+0000] {logging_mixin.py:190} INFO - Posts extracted: 745
[2024-10-31T17:53:16.650+0000] {logging_mixin.py:190} INFO - Posts extracted: 746
[2024-10-31T17:53:16.650+0000] {logging_mixin.py:190} INFO - Posts extracted: 747
[2024-10-31T17:53:16.651+0000] {logging_mixin.py:190} INFO - Posts extracted: 748
[2024-10-31T17:53:16.651+0000] {logging_mixin.py:190} INFO - Posts extracted: 749
[2024-10-31T17:53:16.651+0000] {logging_mixin.py:190} INFO - Posts extracted: 750
[2024-10-31T17:53:16.652+0000] {logging_mixin.py:190} INFO - Posts extracted: 751
[2024-10-31T17:53:16.652+0000] {logging_mixin.py:190} INFO - Posts extracted: 752
[2024-10-31T17:53:16.653+0000] {logging_mixin.py:190} INFO - Posts extracted: 753
[2024-10-31T17:53:16.653+0000] {logging_mixin.py:190} INFO - Posts extracted: 754
[2024-10-31T17:53:16.654+0000] {logging_mixin.py:190} INFO - Posts extracted: 755
[2024-10-31T17:53:16.654+0000] {logging_mixin.py:190} INFO - Posts extracted: 756
[2024-10-31T17:53:16.655+0000] {logging_mixin.py:190} INFO - Posts extracted: 757
[2024-10-31T17:53:16.656+0000] {logging_mixin.py:190} INFO - Posts extracted: 758
[2024-10-31T17:53:16.656+0000] {logging_mixin.py:190} INFO - Posts extracted: 759
[2024-10-31T17:53:16.657+0000] {logging_mixin.py:190} INFO - Posts extracted: 760
[2024-10-31T17:53:16.657+0000] {logging_mixin.py:190} INFO - Posts extracted: 761
[2024-10-31T17:53:16.658+0000] {logging_mixin.py:190} INFO - Posts extracted: 762
[2024-10-31T17:53:16.658+0000] {logging_mixin.py:190} INFO - Posts extracted: 763
[2024-10-31T17:53:16.658+0000] {logging_mixin.py:190} INFO - Posts extracted: 764
[2024-10-31T17:53:16.659+0000] {logging_mixin.py:190} INFO - Posts extracted: 765
[2024-10-31T17:53:16.659+0000] {logging_mixin.py:190} INFO - Posts extracted: 766
[2024-10-31T17:53:16.660+0000] {logging_mixin.py:190} INFO - Posts extracted: 767
[2024-10-31T17:53:16.660+0000] {logging_mixin.py:190} INFO - Posts extracted: 768
[2024-10-31T17:53:16.661+0000] {logging_mixin.py:190} INFO - Posts extracted: 769
[2024-10-31T17:53:16.661+0000] {logging_mixin.py:190} INFO - Posts extracted: 770
[2024-10-31T17:53:16.662+0000] {logging_mixin.py:190} INFO - Posts extracted: 771
[2024-10-31T17:53:16.662+0000] {logging_mixin.py:190} INFO - Posts extracted: 772
[2024-10-31T17:53:16.662+0000] {logging_mixin.py:190} INFO - Posts extracted: 773
[2024-10-31T17:53:16.663+0000] {logging_mixin.py:190} INFO - Posts extracted: 774
[2024-10-31T17:53:16.663+0000] {logging_mixin.py:190} INFO - Posts extracted: 775
[2024-10-31T17:53:16.664+0000] {logging_mixin.py:190} INFO - Posts extracted: 776
[2024-10-31T17:53:16.664+0000] {logging_mixin.py:190} INFO - Posts extracted: 777
[2024-10-31T17:53:16.665+0000] {logging_mixin.py:190} INFO - Posts extracted: 778
[2024-10-31T17:53:16.665+0000] {logging_mixin.py:190} INFO - Posts extracted: 779
[2024-10-31T17:53:16.666+0000] {logging_mixin.py:190} INFO - Posts extracted: 780
[2024-10-31T17:53:16.666+0000] {logging_mixin.py:190} INFO - Posts extracted: 781
[2024-10-31T17:53:16.667+0000] {logging_mixin.py:190} INFO - Posts extracted: 782
[2024-10-31T17:53:16.667+0000] {logging_mixin.py:190} INFO - Posts extracted: 783
[2024-10-31T17:53:16.668+0000] {logging_mixin.py:190} INFO - Posts extracted: 784
[2024-10-31T17:53:16.668+0000] {logging_mixin.py:190} INFO - Posts extracted: 785
[2024-10-31T17:53:16.668+0000] {logging_mixin.py:190} INFO - Posts extracted: 786
[2024-10-31T17:53:16.669+0000] {logging_mixin.py:190} INFO - Posts extracted: 787
[2024-10-31T17:53:16.669+0000] {logging_mixin.py:190} INFO - Posts extracted: 788
[2024-10-31T17:53:16.670+0000] {logging_mixin.py:190} INFO - Posts extracted: 789
[2024-10-31T17:53:16.670+0000] {logging_mixin.py:190} INFO - Posts extracted: 790
[2024-10-31T17:53:16.671+0000] {logging_mixin.py:190} INFO - Posts extracted: 791
[2024-10-31T17:53:16.671+0000] {logging_mixin.py:190} INFO - Posts extracted: 792
[2024-10-31T17:53:16.672+0000] {logging_mixin.py:190} INFO - Posts extracted: 793
[2024-10-31T17:53:16.672+0000] {logging_mixin.py:190} INFO - Posts extracted: 794
[2024-10-31T17:53:16.673+0000] {logging_mixin.py:190} INFO - Posts extracted: 795
[2024-10-31T17:53:16.673+0000] {logging_mixin.py:190} INFO - Posts extracted: 796
[2024-10-31T17:53:16.674+0000] {logging_mixin.py:190} INFO - Posts extracted: 797
[2024-10-31T17:53:16.674+0000] {logging_mixin.py:190} INFO - Posts extracted: 798
[2024-10-31T17:53:16.675+0000] {logging_mixin.py:190} INFO - Posts extracted: 799
[2024-10-31T17:53:16.675+0000] {logging_mixin.py:190} INFO - Posts extracted: 800
[2024-10-31T17:53:18.365+0000] {logging_mixin.py:190} INFO - Posts extracted: 801
[2024-10-31T17:53:18.366+0000] {logging_mixin.py:190} INFO - Posts extracted: 802
[2024-10-31T17:53:18.366+0000] {logging_mixin.py:190} INFO - Posts extracted: 803
[2024-10-31T17:53:18.367+0000] {logging_mixin.py:190} INFO - Posts extracted: 804
[2024-10-31T17:53:18.367+0000] {logging_mixin.py:190} INFO - Posts extracted: 805
[2024-10-31T17:53:18.368+0000] {logging_mixin.py:190} INFO - Posts extracted: 806
[2024-10-31T17:53:18.368+0000] {logging_mixin.py:190} INFO - Posts extracted: 807
[2024-10-31T17:53:18.369+0000] {logging_mixin.py:190} INFO - Posts extracted: 808
[2024-10-31T17:53:18.369+0000] {logging_mixin.py:190} INFO - Posts extracted: 809
[2024-10-31T17:53:18.370+0000] {logging_mixin.py:190} INFO - Posts extracted: 810
[2024-10-31T17:53:18.370+0000] {logging_mixin.py:190} INFO - Posts extracted: 811
[2024-10-31T17:53:18.371+0000] {logging_mixin.py:190} INFO - Posts extracted: 812
[2024-10-31T17:53:18.371+0000] {logging_mixin.py:190} INFO - Posts extracted: 813
[2024-10-31T17:53:18.371+0000] {logging_mixin.py:190} INFO - Posts extracted: 814
[2024-10-31T17:53:18.372+0000] {logging_mixin.py:190} INFO - Posts extracted: 815
[2024-10-31T17:53:18.372+0000] {logging_mixin.py:190} INFO - Posts extracted: 816
[2024-10-31T17:53:18.373+0000] {logging_mixin.py:190} INFO - Posts extracted: 817
[2024-10-31T17:53:18.373+0000] {logging_mixin.py:190} INFO - Posts extracted: 818
[2024-10-31T17:53:18.374+0000] {logging_mixin.py:190} INFO - Posts extracted: 819
[2024-10-31T17:53:18.374+0000] {logging_mixin.py:190} INFO - Posts extracted: 820
[2024-10-31T17:53:18.375+0000] {logging_mixin.py:190} INFO - Posts extracted: 821
[2024-10-31T17:53:18.375+0000] {logging_mixin.py:190} INFO - Posts extracted: 822
[2024-10-31T17:53:18.376+0000] {logging_mixin.py:190} INFO - Posts extracted: 823
[2024-10-31T17:53:18.376+0000] {logging_mixin.py:190} INFO - Posts extracted: 824
[2024-10-31T17:53:18.377+0000] {logging_mixin.py:190} INFO - Posts extracted: 825
[2024-10-31T17:53:18.377+0000] {logging_mixin.py:190} INFO - Posts extracted: 826
[2024-10-31T17:53:18.378+0000] {logging_mixin.py:190} INFO - Posts extracted: 827
[2024-10-31T17:53:18.378+0000] {logging_mixin.py:190} INFO - Posts extracted: 828
[2024-10-31T17:53:18.379+0000] {logging_mixin.py:190} INFO - Posts extracted: 829
[2024-10-31T17:53:18.379+0000] {logging_mixin.py:190} INFO - Posts extracted: 830
[2024-10-31T17:53:18.380+0000] {logging_mixin.py:190} INFO - Posts extracted: 831
[2024-10-31T17:53:18.380+0000] {logging_mixin.py:190} INFO - Posts extracted: 832
[2024-10-31T17:53:18.380+0000] {logging_mixin.py:190} INFO - Posts extracted: 833
[2024-10-31T17:53:18.381+0000] {logging_mixin.py:190} INFO - Posts extracted: 834
[2024-10-31T17:53:18.381+0000] {logging_mixin.py:190} INFO - Posts extracted: 835
[2024-10-31T17:53:18.382+0000] {logging_mixin.py:190} INFO - Posts extracted: 836
[2024-10-31T17:53:18.382+0000] {logging_mixin.py:190} INFO - Posts extracted: 837
[2024-10-31T17:53:18.383+0000] {logging_mixin.py:190} INFO - Posts extracted: 838
[2024-10-31T17:53:18.383+0000] {logging_mixin.py:190} INFO - Posts extracted: 839
[2024-10-31T17:53:18.384+0000] {logging_mixin.py:190} INFO - Posts extracted: 840
[2024-10-31T17:53:18.384+0000] {logging_mixin.py:190} INFO - Posts extracted: 841
[2024-10-31T17:53:18.384+0000] {logging_mixin.py:190} INFO - Posts extracted: 842
[2024-10-31T17:53:18.385+0000] {logging_mixin.py:190} INFO - Posts extracted: 843
[2024-10-31T17:53:18.385+0000] {logging_mixin.py:190} INFO - Posts extracted: 844
[2024-10-31T17:53:18.386+0000] {logging_mixin.py:190} INFO - Posts extracted: 845
[2024-10-31T17:53:18.386+0000] {logging_mixin.py:190} INFO - Posts extracted: 846
[2024-10-31T17:53:18.387+0000] {logging_mixin.py:190} INFO - Posts extracted: 847
[2024-10-31T17:53:18.387+0000] {logging_mixin.py:190} INFO - Posts extracted: 848
[2024-10-31T17:53:18.388+0000] {logging_mixin.py:190} INFO - Posts extracted: 849
[2024-10-31T17:53:18.388+0000] {logging_mixin.py:190} INFO - Posts extracted: 850
[2024-10-31T17:53:18.388+0000] {logging_mixin.py:190} INFO - Posts extracted: 851
[2024-10-31T17:53:18.389+0000] {logging_mixin.py:190} INFO - Posts extracted: 852
[2024-10-31T17:53:18.389+0000] {logging_mixin.py:190} INFO - Posts extracted: 853
[2024-10-31T17:53:18.390+0000] {logging_mixin.py:190} INFO - Posts extracted: 854
[2024-10-31T17:53:18.391+0000] {logging_mixin.py:190} INFO - Posts extracted: 855
[2024-10-31T17:53:18.391+0000] {logging_mixin.py:190} INFO - Posts extracted: 856
[2024-10-31T17:53:18.392+0000] {logging_mixin.py:190} INFO - Posts extracted: 857
[2024-10-31T17:53:18.392+0000] {logging_mixin.py:190} INFO - Posts extracted: 858
[2024-10-31T17:53:18.393+0000] {logging_mixin.py:190} INFO - Posts extracted: 859
[2024-10-31T17:53:18.393+0000] {logging_mixin.py:190} INFO - Posts extracted: 860
[2024-10-31T17:53:18.394+0000] {logging_mixin.py:190} INFO - Posts extracted: 861
[2024-10-31T17:53:18.394+0000] {logging_mixin.py:190} INFO - Posts extracted: 862
[2024-10-31T17:53:18.395+0000] {logging_mixin.py:190} INFO - Posts extracted: 863
[2024-10-31T17:53:18.395+0000] {logging_mixin.py:190} INFO - Posts extracted: 864
[2024-10-31T17:53:18.396+0000] {logging_mixin.py:190} INFO - Posts extracted: 865
[2024-10-31T17:53:18.396+0000] {logging_mixin.py:190} INFO - Posts extracted: 866
[2024-10-31T17:53:18.397+0000] {logging_mixin.py:190} INFO - Posts extracted: 867
[2024-10-31T17:53:18.397+0000] {logging_mixin.py:190} INFO - Posts extracted: 868
[2024-10-31T17:53:18.397+0000] {logging_mixin.py:190} INFO - Posts extracted: 869
[2024-10-31T17:53:18.398+0000] {logging_mixin.py:190} INFO - Posts extracted: 870
[2024-10-31T17:53:18.398+0000] {logging_mixin.py:190} INFO - Posts extracted: 871
[2024-10-31T17:53:18.399+0000] {logging_mixin.py:190} INFO - Posts extracted: 872
[2024-10-31T17:53:18.399+0000] {logging_mixin.py:190} INFO - Posts extracted: 873
[2024-10-31T17:53:18.400+0000] {logging_mixin.py:190} INFO - Posts extracted: 874
[2024-10-31T17:53:18.401+0000] {logging_mixin.py:190} INFO - Posts extracted: 875
[2024-10-31T17:53:18.401+0000] {logging_mixin.py:190} INFO - Posts extracted: 876
[2024-10-31T17:53:18.402+0000] {logging_mixin.py:190} INFO - Posts extracted: 877
[2024-10-31T17:53:18.403+0000] {logging_mixin.py:190} INFO - Posts extracted: 878
[2024-10-31T17:53:18.403+0000] {logging_mixin.py:190} INFO - Posts extracted: 879
[2024-10-31T17:53:18.404+0000] {logging_mixin.py:190} INFO - Posts extracted: 880
[2024-10-31T17:53:18.404+0000] {logging_mixin.py:190} INFO - Posts extracted: 881
[2024-10-31T17:53:18.405+0000] {logging_mixin.py:190} INFO - Posts extracted: 882
[2024-10-31T17:53:18.406+0000] {logging_mixin.py:190} INFO - Posts extracted: 883
[2024-10-31T17:53:18.406+0000] {logging_mixin.py:190} INFO - Posts extracted: 884
[2024-10-31T17:53:18.407+0000] {logging_mixin.py:190} INFO - Posts extracted: 885
[2024-10-31T17:53:18.408+0000] {logging_mixin.py:190} INFO - Posts extracted: 886
[2024-10-31T17:53:18.408+0000] {logging_mixin.py:190} INFO - Posts extracted: 887
[2024-10-31T17:53:18.409+0000] {logging_mixin.py:190} INFO - Posts extracted: 888
[2024-10-31T17:53:18.410+0000] {logging_mixin.py:190} INFO - Posts extracted: 889
[2024-10-31T17:53:18.410+0000] {logging_mixin.py:190} INFO - Posts extracted: 890
[2024-10-31T17:53:18.411+0000] {logging_mixin.py:190} INFO - Posts extracted: 891
[2024-10-31T17:53:18.412+0000] {logging_mixin.py:190} INFO - Posts extracted: 892
[2024-10-31T17:53:18.412+0000] {logging_mixin.py:190} INFO - Posts extracted: 893
[2024-10-31T17:53:18.413+0000] {logging_mixin.py:190} INFO - Posts extracted: 894
[2024-10-31T17:53:18.413+0000] {logging_mixin.py:190} INFO - Posts extracted: 895
[2024-10-31T17:53:18.414+0000] {logging_mixin.py:190} INFO - Posts extracted: 896
[2024-10-31T17:53:18.414+0000] {logging_mixin.py:190} INFO - Posts extracted: 897
[2024-10-31T17:53:18.415+0000] {logging_mixin.py:190} INFO - Posts extracted: 898
[2024-10-31T17:53:18.415+0000] {logging_mixin.py:190} INFO - Posts extracted: 899
[2024-10-31T17:53:18.416+0000] {logging_mixin.py:190} INFO - Posts extracted: 900
[2024-10-31T17:53:19.888+0000] {logging_mixin.py:190} INFO - Posts extracted: 901
[2024-10-31T17:53:19.889+0000] {logging_mixin.py:190} INFO - Posts extracted: 902
[2024-10-31T17:53:19.890+0000] {logging_mixin.py:190} INFO - Posts extracted: 903
[2024-10-31T17:53:19.891+0000] {logging_mixin.py:190} INFO - Posts extracted: 904
[2024-10-31T17:53:19.892+0000] {logging_mixin.py:190} INFO - Posts extracted: 905
[2024-10-31T17:53:19.893+0000] {logging_mixin.py:190} INFO - Posts extracted: 906
[2024-10-31T17:53:19.894+0000] {logging_mixin.py:190} INFO - Posts extracted: 907
[2024-10-31T17:53:19.894+0000] {logging_mixin.py:190} INFO - Posts extracted: 908
[2024-10-31T17:53:19.895+0000] {logging_mixin.py:190} INFO - Posts extracted: 909
[2024-10-31T17:53:19.896+0000] {logging_mixin.py:190} INFO - Posts extracted: 910
[2024-10-31T17:53:19.897+0000] {logging_mixin.py:190} INFO - Posts extracted: 911
[2024-10-31T17:53:19.897+0000] {logging_mixin.py:190} INFO - Posts extracted: 912
[2024-10-31T17:53:19.898+0000] {logging_mixin.py:190} INFO - Posts extracted: 913
[2024-10-31T17:53:19.899+0000] {logging_mixin.py:190} INFO - Posts extracted: 914
[2024-10-31T17:53:19.899+0000] {logging_mixin.py:190} INFO - Posts extracted: 915
[2024-10-31T17:53:19.900+0000] {logging_mixin.py:190} INFO - Posts extracted: 916
[2024-10-31T17:53:19.900+0000] {logging_mixin.py:190} INFO - Posts extracted: 917
[2024-10-31T17:53:19.901+0000] {logging_mixin.py:190} INFO - Posts extracted: 918
[2024-10-31T17:53:19.901+0000] {logging_mixin.py:190} INFO - Posts extracted: 919
[2024-10-31T17:53:19.902+0000] {logging_mixin.py:190} INFO - Posts extracted: 920
[2024-10-31T17:53:19.902+0000] {logging_mixin.py:190} INFO - Posts extracted: 921
[2024-10-31T17:53:19.903+0000] {logging_mixin.py:190} INFO - Posts extracted: 922
[2024-10-31T17:53:19.903+0000] {logging_mixin.py:190} INFO - Posts extracted: 923
[2024-10-31T17:53:19.904+0000] {logging_mixin.py:190} INFO - Posts extracted: 924
[2024-10-31T17:53:19.904+0000] {logging_mixin.py:190} INFO - Posts extracted: 925
[2024-10-31T17:53:19.905+0000] {logging_mixin.py:190} INFO - Posts extracted: 926
[2024-10-31T17:53:19.905+0000] {logging_mixin.py:190} INFO - Posts extracted: 927
[2024-10-31T17:53:19.906+0000] {logging_mixin.py:190} INFO - Posts extracted: 928
[2024-10-31T17:53:19.906+0000] {logging_mixin.py:190} INFO - Posts extracted: 929
[2024-10-31T17:53:19.907+0000] {logging_mixin.py:190} INFO - Posts extracted: 930
[2024-10-31T17:53:19.907+0000] {logging_mixin.py:190} INFO - Posts extracted: 931
[2024-10-31T17:53:19.908+0000] {logging_mixin.py:190} INFO - Posts extracted: 932
[2024-10-31T17:53:19.909+0000] {logging_mixin.py:190} INFO - Posts extracted: 933
[2024-10-31T17:53:19.910+0000] {logging_mixin.py:190} INFO - Posts extracted: 934
[2024-10-31T17:53:19.910+0000] {logging_mixin.py:190} INFO - Posts extracted: 935
[2024-10-31T17:53:19.911+0000] {logging_mixin.py:190} INFO - Posts extracted: 936
[2024-10-31T17:53:19.911+0000] {logging_mixin.py:190} INFO - Posts extracted: 937
[2024-10-31T17:53:19.912+0000] {logging_mixin.py:190} INFO - Posts extracted: 938
[2024-10-31T17:53:19.912+0000] {logging_mixin.py:190} INFO - Posts extracted: 939
[2024-10-31T17:53:19.913+0000] {logging_mixin.py:190} INFO - Posts extracted: 940
[2024-10-31T17:53:19.913+0000] {logging_mixin.py:190} INFO - Posts extracted: 941
[2024-10-31T17:53:19.914+0000] {logging_mixin.py:190} INFO - Posts extracted: 942
[2024-10-31T17:53:19.914+0000] {logging_mixin.py:190} INFO - Posts extracted: 943
[2024-10-31T17:53:19.915+0000] {logging_mixin.py:190} INFO - Posts extracted: 944
[2024-10-31T17:53:19.915+0000] {logging_mixin.py:190} INFO - Posts extracted: 945
[2024-10-31T17:53:19.916+0000] {logging_mixin.py:190} INFO - Posts extracted: 946
[2024-10-31T17:53:19.916+0000] {logging_mixin.py:190} INFO - Posts extracted: 947
[2024-10-31T17:53:19.917+0000] {logging_mixin.py:190} INFO - Posts extracted: 948
[2024-10-31T17:53:19.917+0000] {logging_mixin.py:190} INFO - Posts extracted: 949
[2024-10-31T17:53:19.917+0000] {logging_mixin.py:190} INFO - Posts extracted: 950
[2024-10-31T17:53:19.918+0000] {logging_mixin.py:190} INFO - Posts extracted: 951
[2024-10-31T17:53:19.918+0000] {logging_mixin.py:190} INFO - Posts extracted: 952
[2024-10-31T17:53:19.919+0000] {logging_mixin.py:190} INFO - Posts extracted: 953
[2024-10-31T17:53:19.919+0000] {logging_mixin.py:190} INFO - Posts extracted: 954
[2024-10-31T17:53:19.920+0000] {logging_mixin.py:190} INFO - Posts extracted: 955
[2024-10-31T17:53:19.920+0000] {logging_mixin.py:190} INFO - Posts extracted: 956
[2024-10-31T17:53:19.922+0000] {logging_mixin.py:190} INFO - Posts extracted: 957
[2024-10-31T17:53:19.922+0000] {logging_mixin.py:190} INFO - Posts extracted: 958
[2024-10-31T17:53:19.923+0000] {logging_mixin.py:190} INFO - Posts extracted: 959
[2024-10-31T17:53:19.923+0000] {logging_mixin.py:190} INFO - Posts extracted: 960
[2024-10-31T17:53:19.924+0000] {logging_mixin.py:190} INFO - Posts extracted: 961
[2024-10-31T17:53:19.924+0000] {logging_mixin.py:190} INFO - Posts extracted: 962
[2024-10-31T17:53:19.925+0000] {logging_mixin.py:190} INFO - Posts extracted: 963
[2024-10-31T17:53:19.926+0000] {logging_mixin.py:190} INFO - Posts extracted: 964
[2024-10-31T17:53:19.926+0000] {logging_mixin.py:190} INFO - Posts extracted: 965
[2024-10-31T17:53:19.927+0000] {logging_mixin.py:190} INFO - Posts extracted: 966
[2024-10-31T17:53:19.927+0000] {logging_mixin.py:190} INFO - Posts extracted: 967
[2024-10-31T17:53:19.928+0000] {logging_mixin.py:190} INFO - Posts extracted: 968
[2024-10-31T17:53:19.928+0000] {logging_mixin.py:190} INFO - Posts extracted: 969
[2024-10-31T17:53:19.929+0000] {logging_mixin.py:190} INFO - Posts extracted: 970
[2024-10-31T17:53:19.930+0000] {logging_mixin.py:190} INFO - Posts extracted: 971
[2024-10-31T17:53:19.930+0000] {logging_mixin.py:190} INFO - Posts extracted: 972
[2024-10-31T17:53:19.931+0000] {logging_mixin.py:190} INFO - Posts extracted: 973
[2024-10-31T17:53:19.931+0000] {logging_mixin.py:190} INFO - Posts extracted: 974
[2024-10-31T17:53:19.932+0000] {logging_mixin.py:190} INFO - Posts extracted: 975
[2024-10-31T17:53:19.933+0000] {logging_mixin.py:190} INFO - Posts extracted: 976
[2024-10-31T17:53:19.934+0000] {logging_mixin.py:190} INFO - Posts extracted: 977
[2024-10-31T17:53:19.934+0000] {logging_mixin.py:190} INFO - Posts extracted: 978
[2024-10-31T17:53:19.935+0000] {logging_mixin.py:190} INFO - Posts extracted: 979
[2024-10-31T17:53:19.936+0000] {logging_mixin.py:190} INFO - Posts extracted: 980
[2024-10-31T17:53:19.936+0000] {logging_mixin.py:190} INFO - Posts extracted: 981
[2024-10-31T17:53:19.937+0000] {logging_mixin.py:190} INFO - Posts extracted: 982
[2024-10-31T17:53:19.937+0000] {logging_mixin.py:190} INFO - Posts extracted: 983
[2024-10-31T17:53:19.937+0000] {logging_mixin.py:190} INFO - Posts extracted: 984
[2024-10-31T17:53:19.938+0000] {logging_mixin.py:190} INFO - Posts extracted: 985
[2024-10-31T17:53:19.938+0000] {logging_mixin.py:190} INFO - Posts extracted: 986
[2024-10-31T17:53:19.939+0000] {logging_mixin.py:190} INFO - Posts extracted: 987
[2024-10-31T17:53:19.939+0000] {logging_mixin.py:190} INFO - Posts extracted: 988
[2024-10-31T17:53:19.940+0000] {logging_mixin.py:190} INFO - Posts extracted: 989
[2024-10-31T17:53:19.940+0000] {logging_mixin.py:190} INFO - Posts extracted: 990
[2024-10-31T17:53:19.941+0000] {logging_mixin.py:190} INFO - Posts extracted: 991
[2024-10-31T17:53:19.941+0000] {logging_mixin.py:190} INFO - Posts extracted: 992
[2024-10-31T17:53:19.985+0000] {python.py:240} INFO - Done. Returned value was: /opt/airflow/data/output/reddit_20241031.csv
[2024-10-31T17:53:20.003+0000] {taskinstance.py:340} INFO - ::group::Post task execution logs
[2024-10-31T17:53:20.004+0000] {taskinstance.py:352} INFO - Marking task as SUCCESS. dag_id=etl_reddit_pipeline, task_id=reddit_extraction, run_id=manual__2024-10-31T17:53:00.067318+00:00, execution_date=20241031T175300, start_date=20241031T175301, end_date=20241031T175320
[2024-10-31T17:53:20.028+0000] {local_task_job_runner.py:266} INFO - Task exited with return code 0
[2024-10-31T17:53:20.038+0000] {taskinstance.py:3900} INFO - 0 downstream tasks scheduled from follow-on schedule check
[2024-10-31T17:53:20.043+0000] {local_task_job_runner.py:245} INFO - ::endgroup::
