[2024-10-30T17:29:23.247+0000] {local_task_job_runner.py:123} INFO - ::group::Pre task execution logs
[2024-10-30T17:29:23.573+0000] {taskinstance.py:2612} INFO - Dependencies all met for dep_context=non-requeueable deps ti=<TaskInstance: etl_reddit_pipeline.reddit_extraction manual__2024-10-30T17:29:10.007141+00:00 [queued]>
[2024-10-30T17:29:23.773+0000] {taskinstance.py:2612} INFO - Dependencies all met for dep_context=requeueable deps ti=<TaskInstance: etl_reddit_pipeline.reddit_extraction manual__2024-10-30T17:29:10.007141+00:00 [queued]>
[2024-10-30T17:29:23.791+0000] {taskinstance.py:2865} INFO - Starting attempt 1 of 1
[2024-10-30T17:29:23.997+0000] {taskinstance.py:2888} INFO - Executing <Task(PythonOperator): reddit_extraction> on 2024-10-30 17:29:10.007141+00:00
[2024-10-30T17:29:24.356+0000] {standard_task_runner.py:72} INFO - Started process 97 to run task
[2024-10-30T17:29:24.374+0000] {standard_task_runner.py:104} INFO - Running: ['airflow', 'tasks', 'run', 'etl_reddit_pipeline', 'reddit_extraction', 'manual__2024-10-30T17:29:10.007141+00:00', '--job-id', '14', '--raw', '--subdir', 'DAGS_FOLDER/reddit_dag.py', '--cfg-path', '/tmp/tmphl8s7pqt']
[2024-10-30T17:29:24.387+0000] {standard_task_runner.py:105} INFO - Job 14: Subtask reddit_extraction
[2024-10-30T17:29:24.780+0000] {task_command.py:467} INFO - Running <TaskInstance: etl_reddit_pipeline.reddit_extraction manual__2024-10-30T17:29:10.007141+00:00 [running]> on host 7b24bd777bb7
[2024-10-30T17:29:25.482+0000] {taskinstance.py:3131} INFO - Exporting env vars: AIRFLOW_CTX_DAG_OWNER='Swapnil Deshpande' AIRFLOW_CTX_DAG_ID='etl_reddit_pipeline' AIRFLOW_CTX_TASK_ID='reddit_extraction' AIRFLOW_CTX_EXECUTION_DATE='2024-10-30T17:29:10.007141+00:00' AIRFLOW_CTX_TRY_NUMBER='1' AIRFLOW_CTX_DAG_RUN_ID='manual__2024-10-30T17:29:10.007141+00:00'
[2024-10-30T17:29:25.501+0000] {taskinstance.py:731} INFO - ::endgroup::
[2024-10-30T17:29:25.655+0000] {logging_mixin.py:190} WARNING - Version 7.8.0 of praw is outdated. Version 7.8.1 was released 4 days ago.
[2024-10-30T17:29:25.683+0000] {logging_mixin.py:190} INFO - connected to reddit!
[2024-10-30T17:29:25.691+0000] {logging_mixin.py:190} INFO - <praw.models.listing.generator.ListingGenerator object at 0x7f0150db37c0>
[2024-10-30T17:29:25.791+0000] {logging_mixin.py:190} INFO - Empty DataFrame
Columns: []
Index: []
[2024-10-30T17:29:25.793+0000] {python.py:240} INFO - Done. Returned value was: None
[2024-10-30T17:29:25.883+0000] {taskinstance.py:340} INFO - ::group::Post task execution logs
[2024-10-30T17:29:25.886+0000] {taskinstance.py:352} INFO - Marking task as SUCCESS. dag_id=etl_reddit_pipeline, task_id=reddit_extraction, run_id=manual__2024-10-30T17:29:10.007141+00:00, execution_date=20241030T172910, start_date=20241030T172923, end_date=20241030T172925
[2024-10-30T17:29:26.071+0000] {local_task_job_runner.py:266} INFO - Task exited with return code 0
[2024-10-30T17:29:26.188+0000] {taskinstance.py:3900} INFO - 0 downstream tasks scheduled from follow-on schedule check
[2024-10-30T17:29:26.198+0000] {local_task_job_runner.py:245} INFO - ::endgroup::
