[2024-10-28T20:12:56.177+0000] {local_task_job_runner.py:123} INFO - ::group::Pre task execution logs
[2024-10-28T20:12:56.191+0000] {taskinstance.py:2612} INFO - Dependencies all met for dep_context=non-requeueable deps ti=<TaskInstance: etl_reddit_pipeline.reddit_extraction manual__2024-10-28T20:12:53.755699+00:00 [queued]>
[2024-10-28T20:12:56.199+0000] {taskinstance.py:2612} INFO - Dependencies all met for dep_context=requeueable deps ti=<TaskInstance: etl_reddit_pipeline.reddit_extraction manual__2024-10-28T20:12:53.755699+00:00 [queued]>
[2024-10-28T20:12:56.200+0000] {taskinstance.py:2865} INFO - Starting attempt 1 of 1
[2024-10-28T20:12:56.213+0000] {taskinstance.py:2888} INFO - Executing <Task(PythonOperator): reddit_extraction> on 2024-10-28 20:12:53.755699+00:00
[2024-10-28T20:12:56.218+0000] {standard_task_runner.py:72} INFO - Started process 50 to run task
[2024-10-28T20:12:56.222+0000] {standard_task_runner.py:104} INFO - Running: ['airflow', 'tasks', 'run', 'etl_reddit_pipeline', 'reddit_extraction', 'manual__2024-10-28T20:12:53.755699+00:00', '--job-id', '3', '--raw', '--subdir', 'DAGS_FOLDER/reddit_dag.py', '--cfg-path', '/tmp/tmpcrxqa0o8']
[2024-10-28T20:12:56.225+0000] {standard_task_runner.py:105} INFO - Job 3: Subtask reddit_extraction
[2024-10-28T20:12:56.278+0000] {task_command.py:467} INFO - Running <TaskInstance: etl_reddit_pipeline.reddit_extraction manual__2024-10-28T20:12:53.755699+00:00 [running]> on host dccb6c3970fc
[2024-10-28T20:12:56.350+0000] {taskinstance.py:3131} INFO - Exporting env vars: AIRFLOW_CTX_DAG_OWNER='Swapnil Deshpande' AIRFLOW_CTX_DAG_ID='etl_reddit_pipeline' AIRFLOW_CTX_TASK_ID='reddit_extraction' AIRFLOW_CTX_EXECUTION_DATE='2024-10-28T20:12:53.755699+00:00' AIRFLOW_CTX_TRY_NUMBER='1' AIRFLOW_CTX_DAG_RUN_ID='manual__2024-10-28T20:12:53.755699+00:00'
[2024-10-28T20:12:56.353+0000] {taskinstance.py:731} INFO - ::endgroup::
[2024-10-28T20:12:56.499+0000] {logging_mixin.py:190} WARNING - Version 7.8.0 of praw is outdated. Version 7.8.1 was released 2 days ago.
[2024-10-28T20:12:56.501+0000] {logging_mixin.py:190} INFO - connected to reddit!
[2024-10-28T20:12:56.502+0000] {logging_mixin.py:190} INFO - <praw.models.listing.generator.ListingGenerator object at 0x7feab7c9cc70>
[2024-10-28T20:12:56.505+0000] {python.py:240} INFO - Done. Returned value was: None
[2024-10-28T20:12:56.514+0000] {taskinstance.py:340} INFO - ::group::Post task execution logs
[2024-10-28T20:12:56.515+0000] {taskinstance.py:352} INFO - Marking task as SUCCESS. dag_id=etl_reddit_pipeline, task_id=reddit_extraction, run_id=manual__2024-10-28T20:12:53.755699+00:00, execution_date=20241028T201253, start_date=20241028T201256, end_date=20241028T201256
[2024-10-28T20:12:56.557+0000] {local_task_job_runner.py:266} INFO - Task exited with return code 0
[2024-10-28T20:12:56.571+0000] {taskinstance.py:3900} INFO - 0 downstream tasks scheduled from follow-on schedule check
[2024-10-28T20:12:56.575+0000] {local_task_job_runner.py:245} INFO - ::endgroup::
