[2024-11-05T23:38:41.379+0000] {processor.py:186} INFO - Started process (PID=29) to work on /opt/airflow/dags/reddit_dag.py
[2024-11-05T23:38:41.380+0000] {processor.py:914} INFO - Processing file /opt/airflow/dags/reddit_dag.py for tasks to queue
[2024-11-05T23:38:41.382+0000] {logging_mixin.py:190} INFO - [2024-11-05T23:38:41.381+0000] {dagbag.py:588} INFO - Filling up the DagBag from /opt/airflow/dags/reddit_dag.py
[2024-11-05T23:38:42.273+0000] {processor.py:925} INFO - DAG(s) 'etl_reddit_pipeline' retrieved from /opt/airflow/dags/reddit_dag.py
[2024-11-05T23:38:42.494+0000] {logging_mixin.py:190} INFO - [2024-11-05T23:38:42.494+0000] {override.py:1907} INFO - Created Permission View: can delete on DAG:etl_reddit_pipeline
[2024-11-05T23:38:42.509+0000] {logging_mixin.py:190} INFO - [2024-11-05T23:38:42.509+0000] {override.py:1907} INFO - Created Permission View: can read on DAG:etl_reddit_pipeline
[2024-11-05T23:38:42.522+0000] {logging_mixin.py:190} INFO - [2024-11-05T23:38:42.522+0000] {override.py:1907} INFO - Created Permission View: can edit on DAG:etl_reddit_pipeline
[2024-11-05T23:38:42.533+0000] {logging_mixin.py:190} INFO - [2024-11-05T23:38:42.533+0000] {override.py:1907} INFO - Created Permission View: can delete on DAG Run:etl_reddit_pipeline
[2024-11-05T23:38:42.543+0000] {logging_mixin.py:190} INFO - [2024-11-05T23:38:42.542+0000] {override.py:1907} INFO - Created Permission View: can create on DAG Run:etl_reddit_pipeline
[2024-11-05T23:38:42.555+0000] {logging_mixin.py:190} INFO - [2024-11-05T23:38:42.555+0000] {override.py:1907} INFO - Created Permission View: menu access on DAG Run:etl_reddit_pipeline
[2024-11-05T23:38:42.565+0000] {logging_mixin.py:190} INFO - [2024-11-05T23:38:42.564+0000] {override.py:1907} INFO - Created Permission View: can read on DAG Run:etl_reddit_pipeline
[2024-11-05T23:38:42.566+0000] {logging_mixin.py:190} INFO - [2024-11-05T23:38:42.565+0000] {dag.py:3239} INFO - Sync 1 DAGs
[2024-11-05T23:38:42.579+0000] {logging_mixin.py:190} INFO - [2024-11-05T23:38:42.579+0000] {dag.py:3262} INFO - Creating ORM DAG for etl_reddit_pipeline
[2024-11-05T23:38:42.591+0000] {logging_mixin.py:190} INFO - [2024-11-05T23:38:42.591+0000] {dag.py:4180} INFO - Setting next_dagrun for etl_reddit_pipeline to 2024-11-04 00:00:00+00:00, run_after=2024-11-05 00:00:00+00:00
[2024-11-05T23:38:42.619+0000] {processor.py:208} INFO - Processing /opt/airflow/dags/reddit_dag.py took 1.246 seconds
[2024-11-05T23:39:12.842+0000] {processor.py:186} INFO - Started process (PID=31) to work on /opt/airflow/dags/reddit_dag.py
[2024-11-05T23:39:12.843+0000] {processor.py:914} INFO - Processing file /opt/airflow/dags/reddit_dag.py for tasks to queue
[2024-11-05T23:39:12.845+0000] {logging_mixin.py:190} INFO - [2024-11-05T23:39:12.845+0000] {dagbag.py:588} INFO - Filling up the DagBag from /opt/airflow/dags/reddit_dag.py
[2024-11-05T23:39:13.408+0000] {processor.py:925} INFO - DAG(s) 'etl_reddit_pipeline' retrieved from /opt/airflow/dags/reddit_dag.py
[2024-11-05T23:39:13.426+0000] {logging_mixin.py:190} INFO - [2024-11-05T23:39:13.425+0000] {dag.py:3239} INFO - Sync 1 DAGs
[2024-11-05T23:39:13.448+0000] {logging_mixin.py:190} INFO - [2024-11-05T23:39:13.448+0000] {dag.py:4180} INFO - Setting next_dagrun for etl_reddit_pipeline to 2024-11-04 00:00:00+00:00, run_after=2024-11-05 00:00:00+00:00
[2024-11-05T23:39:13.465+0000] {processor.py:208} INFO - Processing /opt/airflow/dags/reddit_dag.py took 0.629 seconds
[2024-11-05T23:39:43.768+0000] {processor.py:186} INFO - Started process (PID=33) to work on /opt/airflow/dags/reddit_dag.py
[2024-11-05T23:39:43.769+0000] {processor.py:914} INFO - Processing file /opt/airflow/dags/reddit_dag.py for tasks to queue
[2024-11-05T23:39:43.771+0000] {logging_mixin.py:190} INFO - [2024-11-05T23:39:43.771+0000] {dagbag.py:588} INFO - Filling up the DagBag from /opt/airflow/dags/reddit_dag.py
[2024-11-05T23:39:44.235+0000] {processor.py:925} INFO - DAG(s) 'etl_reddit_pipeline' retrieved from /opt/airflow/dags/reddit_dag.py
[2024-11-05T23:39:44.259+0000] {logging_mixin.py:190} INFO - [2024-11-05T23:39:44.258+0000] {dag.py:3239} INFO - Sync 1 DAGs
[2024-11-05T23:39:44.280+0000] {logging_mixin.py:190} INFO - [2024-11-05T23:39:44.280+0000] {dag.py:4180} INFO - Setting next_dagrun for etl_reddit_pipeline to 2024-11-04 00:00:00+00:00, run_after=2024-11-05 00:00:00+00:00
[2024-11-05T23:39:44.301+0000] {processor.py:208} INFO - Processing /opt/airflow/dags/reddit_dag.py took 0.538 seconds
[2024-11-05T23:40:14.340+0000] {processor.py:186} INFO - Started process (PID=35) to work on /opt/airflow/dags/reddit_dag.py
[2024-11-05T23:40:14.341+0000] {processor.py:914} INFO - Processing file /opt/airflow/dags/reddit_dag.py for tasks to queue
[2024-11-05T23:40:14.343+0000] {logging_mixin.py:190} INFO - [2024-11-05T23:40:14.342+0000] {dagbag.py:588} INFO - Filling up the DagBag from /opt/airflow/dags/reddit_dag.py
[2024-11-05T23:40:14.838+0000] {processor.py:925} INFO - DAG(s) 'etl_reddit_pipeline' retrieved from /opt/airflow/dags/reddit_dag.py
[2024-11-05T23:40:14.858+0000] {logging_mixin.py:190} INFO - [2024-11-05T23:40:14.858+0000] {dag.py:3239} INFO - Sync 1 DAGs
[2024-11-05T23:40:14.881+0000] {logging_mixin.py:190} INFO - [2024-11-05T23:40:14.880+0000] {dag.py:4180} INFO - Setting next_dagrun for etl_reddit_pipeline to 2024-11-04 00:00:00+00:00, run_after=2024-11-05 00:00:00+00:00
[2024-11-05T23:40:14.900+0000] {processor.py:208} INFO - Processing /opt/airflow/dags/reddit_dag.py took 0.565 seconds
[2024-11-05T23:40:45.133+0000] {processor.py:186} INFO - Started process (PID=37) to work on /opt/airflow/dags/reddit_dag.py
[2024-11-05T23:40:45.134+0000] {processor.py:914} INFO - Processing file /opt/airflow/dags/reddit_dag.py for tasks to queue
[2024-11-05T23:40:45.136+0000] {logging_mixin.py:190} INFO - [2024-11-05T23:40:45.136+0000] {dagbag.py:588} INFO - Filling up the DagBag from /opt/airflow/dags/reddit_dag.py
[2024-11-05T23:40:45.598+0000] {processor.py:925} INFO - DAG(s) 'etl_reddit_pipeline' retrieved from /opt/airflow/dags/reddit_dag.py
[2024-11-05T23:40:45.618+0000] {logging_mixin.py:190} INFO - [2024-11-05T23:40:45.617+0000] {dag.py:3239} INFO - Sync 1 DAGs
[2024-11-05T23:40:45.636+0000] {logging_mixin.py:190} INFO - [2024-11-05T23:40:45.636+0000] {dag.py:4180} INFO - Setting next_dagrun for etl_reddit_pipeline to 2024-11-04 00:00:00+00:00, run_after=2024-11-05 00:00:00+00:00
[2024-11-05T23:40:45.655+0000] {processor.py:208} INFO - Processing /opt/airflow/dags/reddit_dag.py took 0.526 seconds
[2024-11-05T23:41:15.907+0000] {processor.py:186} INFO - Started process (PID=39) to work on /opt/airflow/dags/reddit_dag.py
[2024-11-05T23:41:15.908+0000] {processor.py:914} INFO - Processing file /opt/airflow/dags/reddit_dag.py for tasks to queue
[2024-11-05T23:41:15.910+0000] {logging_mixin.py:190} INFO - [2024-11-05T23:41:15.910+0000] {dagbag.py:588} INFO - Filling up the DagBag from /opt/airflow/dags/reddit_dag.py
[2024-11-05T23:41:16.348+0000] {processor.py:925} INFO - DAG(s) 'etl_reddit_pipeline' retrieved from /opt/airflow/dags/reddit_dag.py
[2024-11-05T23:41:16.365+0000] {logging_mixin.py:190} INFO - [2024-11-05T23:41:16.364+0000] {dag.py:3239} INFO - Sync 1 DAGs
[2024-11-05T23:41:16.382+0000] {logging_mixin.py:190} INFO - [2024-11-05T23:41:16.382+0000] {dag.py:4180} INFO - Setting next_dagrun for etl_reddit_pipeline to 2024-11-04 00:00:00+00:00, run_after=2024-11-05 00:00:00+00:00
[2024-11-05T23:41:16.400+0000] {processor.py:208} INFO - Processing /opt/airflow/dags/reddit_dag.py took 0.498 seconds
[2024-11-05T23:41:46.644+0000] {processor.py:186} INFO - Started process (PID=41) to work on /opt/airflow/dags/reddit_dag.py
[2024-11-05T23:41:46.645+0000] {processor.py:914} INFO - Processing file /opt/airflow/dags/reddit_dag.py for tasks to queue
[2024-11-05T23:41:46.646+0000] {logging_mixin.py:190} INFO - [2024-11-05T23:41:46.646+0000] {dagbag.py:588} INFO - Filling up the DagBag from /opt/airflow/dags/reddit_dag.py
[2024-11-05T23:41:47.092+0000] {processor.py:925} INFO - DAG(s) 'etl_reddit_pipeline' retrieved from /opt/airflow/dags/reddit_dag.py
[2024-11-05T23:41:47.109+0000] {logging_mixin.py:190} INFO - [2024-11-05T23:41:47.108+0000] {dag.py:3239} INFO - Sync 1 DAGs
[2024-11-05T23:41:47.126+0000] {logging_mixin.py:190} INFO - [2024-11-05T23:41:47.126+0000] {dag.py:4180} INFO - Setting next_dagrun for etl_reddit_pipeline to 2024-11-04 00:00:00+00:00, run_after=2024-11-05 00:00:00+00:00
[2024-11-05T23:41:47.144+0000] {processor.py:208} INFO - Processing /opt/airflow/dags/reddit_dag.py took 0.505 seconds
[2024-11-05T23:42:17.455+0000] {processor.py:186} INFO - Started process (PID=43) to work on /opt/airflow/dags/reddit_dag.py
[2024-11-05T23:42:17.456+0000] {processor.py:914} INFO - Processing file /opt/airflow/dags/reddit_dag.py for tasks to queue
[2024-11-05T23:42:17.459+0000] {logging_mixin.py:190} INFO - [2024-11-05T23:42:17.459+0000] {dagbag.py:588} INFO - Filling up the DagBag from /opt/airflow/dags/reddit_dag.py
[2024-11-05T23:42:17.882+0000] {logging_mixin.py:190} INFO - [2024-11-05T23:42:17.875+0000] {dagbag.py:387} ERROR - Failed to import: /opt/airflow/dags/reddit_dag.py
Traceback (most recent call last):
  File "/home/airflow/.local/lib/python3.10/site-packages/airflow/models/dagbag.py", line 383, in parse
    loader.exec_module(new_module)
  File "<frozen importlib._bootstrap_external>", line 883, in exec_module
  File "<frozen importlib._bootstrap>", line 241, in _call_with_frames_removed
  File "/opt/airflow/dags/reddit_dag.py", line 11, in <module>
    from pipelines.aws_s3_pipeline import upload_s3_pipeline
  File "/opt/airflow/pipelines/aws_s3_pipeline.py", line 1, in <module>
    from etls.aws_etl import connect_to_s3, create_bucket_if_not_exist, upload_to_s3
  File "/opt/airflow/etls/aws_etl.py", line 1, in <module>
    import s3fs
ModuleNotFoundError: No module named 's3fs'
[2024-11-05T23:42:17.884+0000] {processor.py:927} WARNING - No viable dags retrieved from /opt/airflow/dags/reddit_dag.py
[2024-11-05T23:42:17.906+0000] {processor.py:208} INFO - Processing /opt/airflow/dags/reddit_dag.py took 0.455 seconds
[2024-11-05T23:42:48.191+0000] {processor.py:186} INFO - Started process (PID=45) to work on /opt/airflow/dags/reddit_dag.py
[2024-11-05T23:42:48.192+0000] {processor.py:914} INFO - Processing file /opt/airflow/dags/reddit_dag.py for tasks to queue
[2024-11-05T23:42:48.194+0000] {logging_mixin.py:190} INFO - [2024-11-05T23:42:48.193+0000] {dagbag.py:588} INFO - Filling up the DagBag from /opt/airflow/dags/reddit_dag.py
[2024-11-05T23:42:48.582+0000] {logging_mixin.py:190} INFO - [2024-11-05T23:42:48.576+0000] {dagbag.py:387} ERROR - Failed to import: /opt/airflow/dags/reddit_dag.py
Traceback (most recent call last):
  File "/home/airflow/.local/lib/python3.10/site-packages/airflow/models/dagbag.py", line 383, in parse
    loader.exec_module(new_module)
  File "<frozen importlib._bootstrap_external>", line 883, in exec_module
  File "<frozen importlib._bootstrap>", line 241, in _call_with_frames_removed
  File "/opt/airflow/dags/reddit_dag.py", line 11, in <module>
    from pipelines.aws_s3_pipeline import upload_s3_pipeline
  File "/opt/airflow/pipelines/aws_s3_pipeline.py", line 1, in <module>
    from etls.aws_etl import connect_to_s3, create_bucket_if_not_exist, upload_to_s3
  File "/opt/airflow/etls/aws_etl.py", line 1, in <module>
    import s3fs
ModuleNotFoundError: No module named 's3fs'
[2024-11-05T23:42:48.583+0000] {processor.py:927} WARNING - No viable dags retrieved from /opt/airflow/dags/reddit_dag.py
[2024-11-05T23:42:48.596+0000] {processor.py:208} INFO - Processing /opt/airflow/dags/reddit_dag.py took 0.409 seconds
[2024-11-05T23:43:18.817+0000] {processor.py:186} INFO - Started process (PID=47) to work on /opt/airflow/dags/reddit_dag.py
[2024-11-05T23:43:18.818+0000] {processor.py:914} INFO - Processing file /opt/airflow/dags/reddit_dag.py for tasks to queue
[2024-11-05T23:43:18.820+0000] {logging_mixin.py:190} INFO - [2024-11-05T23:43:18.820+0000] {dagbag.py:588} INFO - Filling up the DagBag from /opt/airflow/dags/reddit_dag.py
[2024-11-05T23:43:19.226+0000] {logging_mixin.py:190} INFO - [2024-11-05T23:43:19.221+0000] {dagbag.py:387} ERROR - Failed to import: /opt/airflow/dags/reddit_dag.py
Traceback (most recent call last):
  File "/home/airflow/.local/lib/python3.10/site-packages/airflow/models/dagbag.py", line 383, in parse
    loader.exec_module(new_module)
  File "<frozen importlib._bootstrap_external>", line 883, in exec_module
  File "<frozen importlib._bootstrap>", line 241, in _call_with_frames_removed
  File "/opt/airflow/dags/reddit_dag.py", line 11, in <module>
    from pipelines.aws_s3_pipeline import upload_s3_pipeline
  File "/opt/airflow/pipelines/aws_s3_pipeline.py", line 1, in <module>
    from etls.aws_etl import connect_to_s3, create_bucket_if_not_exist, upload_to_s3
  File "/opt/airflow/etls/aws_etl.py", line 56, in <module>
    import s3fs
ModuleNotFoundError: No module named 's3fs'
[2024-11-05T23:43:19.228+0000] {processor.py:927} WARNING - No viable dags retrieved from /opt/airflow/dags/reddit_dag.py
[2024-11-05T23:43:19.242+0000] {processor.py:208} INFO - Processing /opt/airflow/dags/reddit_dag.py took 0.430 seconds
[2024-11-05T23:43:49.509+0000] {processor.py:186} INFO - Started process (PID=49) to work on /opt/airflow/dags/reddit_dag.py
[2024-11-05T23:43:49.510+0000] {processor.py:914} INFO - Processing file /opt/airflow/dags/reddit_dag.py for tasks to queue
[2024-11-05T23:43:49.511+0000] {logging_mixin.py:190} INFO - [2024-11-05T23:43:49.511+0000] {dagbag.py:588} INFO - Filling up the DagBag from /opt/airflow/dags/reddit_dag.py
[2024-11-05T23:43:49.935+0000] {logging_mixin.py:190} INFO - [2024-11-05T23:43:49.929+0000] {dagbag.py:387} ERROR - Failed to import: /opt/airflow/dags/reddit_dag.py
Traceback (most recent call last):
  File "/home/airflow/.local/lib/python3.10/site-packages/airflow/models/dagbag.py", line 383, in parse
    loader.exec_module(new_module)
  File "<frozen importlib._bootstrap_external>", line 883, in exec_module
  File "<frozen importlib._bootstrap>", line 241, in _call_with_frames_removed
  File "/opt/airflow/dags/reddit_dag.py", line 11, in <module>
    from pipelines.aws_s3_pipeline import upload_s3_pipeline
  File "/opt/airflow/pipelines/aws_s3_pipeline.py", line 1, in <module>
    from etls.aws_etl import connect_to_s3, create_bucket_if_not_exist, upload_to_s3
  File "/opt/airflow/etls/aws_etl.py", line 56, in <module>
    import s3fs
ModuleNotFoundError: No module named 's3fs'
[2024-11-05T23:43:49.936+0000] {processor.py:927} WARNING - No viable dags retrieved from /opt/airflow/dags/reddit_dag.py
[2024-11-05T23:43:49.950+0000] {processor.py:208} INFO - Processing /opt/airflow/dags/reddit_dag.py took 0.447 seconds
[2024-11-05T23:44:20.243+0000] {processor.py:186} INFO - Started process (PID=51) to work on /opt/airflow/dags/reddit_dag.py
[2024-11-05T23:44:20.244+0000] {processor.py:914} INFO - Processing file /opt/airflow/dags/reddit_dag.py for tasks to queue
[2024-11-05T23:44:20.245+0000] {logging_mixin.py:190} INFO - [2024-11-05T23:44:20.244+0000] {dagbag.py:588} INFO - Filling up the DagBag from /opt/airflow/dags/reddit_dag.py
[2024-11-05T23:44:20.691+0000] {logging_mixin.py:190} INFO - [2024-11-05T23:44:20.684+0000] {dagbag.py:387} ERROR - Failed to import: /opt/airflow/dags/reddit_dag.py
Traceback (most recent call last):
  File "/home/airflow/.local/lib/python3.10/site-packages/airflow/models/dagbag.py", line 383, in parse
    loader.exec_module(new_module)
  File "<frozen importlib._bootstrap_external>", line 883, in exec_module
  File "<frozen importlib._bootstrap>", line 241, in _call_with_frames_removed
  File "/opt/airflow/dags/reddit_dag.py", line 11, in <module>
    from pipelines.aws_s3_pipeline import upload_s3_pipeline
  File "/opt/airflow/pipelines/aws_s3_pipeline.py", line 1, in <module>
    from etls.aws_etl import connect_to_s3, create_bucket_if_not_exist, upload_to_s3
  File "/opt/airflow/etls/aws_etl.py", line 56, in <module>
    import s3fs
ModuleNotFoundError: No module named 's3fs'
[2024-11-05T23:44:20.693+0000] {processor.py:927} WARNING - No viable dags retrieved from /opt/airflow/dags/reddit_dag.py
[2024-11-05T23:44:20.707+0000] {processor.py:208} INFO - Processing /opt/airflow/dags/reddit_dag.py took 0.472 seconds
[2024-11-05T23:44:50.982+0000] {processor.py:186} INFO - Started process (PID=53) to work on /opt/airflow/dags/reddit_dag.py
[2024-11-05T23:44:50.982+0000] {processor.py:914} INFO - Processing file /opt/airflow/dags/reddit_dag.py for tasks to queue
[2024-11-05T23:44:50.984+0000] {logging_mixin.py:190} INFO - [2024-11-05T23:44:50.983+0000] {dagbag.py:588} INFO - Filling up the DagBag from /opt/airflow/dags/reddit_dag.py
[2024-11-05T23:44:51.406+0000] {logging_mixin.py:190} INFO - [2024-11-05T23:44:51.399+0000] {dagbag.py:387} ERROR - Failed to import: /opt/airflow/dags/reddit_dag.py
Traceback (most recent call last):
  File "/home/airflow/.local/lib/python3.10/site-packages/airflow/models/dagbag.py", line 383, in parse
    loader.exec_module(new_module)
  File "<frozen importlib._bootstrap_external>", line 883, in exec_module
  File "<frozen importlib._bootstrap>", line 241, in _call_with_frames_removed
  File "/opt/airflow/dags/reddit_dag.py", line 11, in <module>
    from pipelines.aws_s3_pipeline import upload_s3_pipeline
  File "/opt/airflow/pipelines/aws_s3_pipeline.py", line 1, in <module>
    from etls.aws_etl import connect_to_s3, create_bucket_if_not_exist, upload_to_s3
  File "/opt/airflow/etls/aws_etl.py", line 1, in <module>
    import s3fs
ModuleNotFoundError: No module named 's3fs'
[2024-11-05T23:44:51.407+0000] {processor.py:927} WARNING - No viable dags retrieved from /opt/airflow/dags/reddit_dag.py
[2024-11-05T23:44:51.424+0000] {processor.py:208} INFO - Processing /opt/airflow/dags/reddit_dag.py took 0.447 seconds
[2024-11-05T23:45:21.754+0000] {processor.py:186} INFO - Started process (PID=55) to work on /opt/airflow/dags/reddit_dag.py
[2024-11-05T23:45:21.755+0000] {processor.py:914} INFO - Processing file /opt/airflow/dags/reddit_dag.py for tasks to queue
[2024-11-05T23:45:21.756+0000] {logging_mixin.py:190} INFO - [2024-11-05T23:45:21.756+0000] {dagbag.py:588} INFO - Filling up the DagBag from /opt/airflow/dags/reddit_dag.py
[2024-11-05T23:45:22.160+0000] {logging_mixin.py:190} INFO - [2024-11-05T23:45:22.154+0000] {dagbag.py:387} ERROR - Failed to import: /opt/airflow/dags/reddit_dag.py
Traceback (most recent call last):
  File "/home/airflow/.local/lib/python3.10/site-packages/airflow/models/dagbag.py", line 383, in parse
    loader.exec_module(new_module)
  File "<frozen importlib._bootstrap_external>", line 883, in exec_module
  File "<frozen importlib._bootstrap>", line 241, in _call_with_frames_removed
  File "/opt/airflow/dags/reddit_dag.py", line 11, in <module>
    from pipelines.aws_s3_pipeline import upload_s3_pipeline
  File "/opt/airflow/pipelines/aws_s3_pipeline.py", line 1, in <module>
    from etls.aws_etl import connect_to_s3, create_bucket_if_not_exist, upload_to_s3
  File "/opt/airflow/etls/aws_etl.py", line 1, in <module>
    import s3fs
ModuleNotFoundError: No module named 's3fs'
[2024-11-05T23:45:22.161+0000] {processor.py:927} WARNING - No viable dags retrieved from /opt/airflow/dags/reddit_dag.py
[2024-11-05T23:45:22.177+0000] {processor.py:208} INFO - Processing /opt/airflow/dags/reddit_dag.py took 0.428 seconds
[2024-11-05T23:45:52.404+0000] {processor.py:186} INFO - Started process (PID=57) to work on /opt/airflow/dags/reddit_dag.py
[2024-11-05T23:45:52.406+0000] {processor.py:914} INFO - Processing file /opt/airflow/dags/reddit_dag.py for tasks to queue
[2024-11-05T23:45:52.409+0000] {logging_mixin.py:190} INFO - [2024-11-05T23:45:52.408+0000] {dagbag.py:588} INFO - Filling up the DagBag from /opt/airflow/dags/reddit_dag.py
[2024-11-05T23:45:52.870+0000] {logging_mixin.py:190} INFO - [2024-11-05T23:45:52.863+0000] {dagbag.py:387} ERROR - Failed to import: /opt/airflow/dags/reddit_dag.py
Traceback (most recent call last):
  File "/home/airflow/.local/lib/python3.10/site-packages/airflow/models/dagbag.py", line 383, in parse
    loader.exec_module(new_module)
  File "<frozen importlib._bootstrap_external>", line 883, in exec_module
  File "<frozen importlib._bootstrap>", line 241, in _call_with_frames_removed
  File "/opt/airflow/dags/reddit_dag.py", line 11, in <module>
    from pipelines.aws_s3_pipeline import upload_s3_pipeline
  File "/opt/airflow/pipelines/aws_s3_pipeline.py", line 1, in <module>
    from etls.aws_etl import connect_to_s3, create_bucket_if_not_exist, upload_to_s3
  File "/opt/airflow/etls/aws_etl.py", line 1, in <module>
    import s3fs
ModuleNotFoundError: No module named 's3fs'
[2024-11-05T23:45:52.871+0000] {processor.py:927} WARNING - No viable dags retrieved from /opt/airflow/dags/reddit_dag.py
[2024-11-05T23:45:52.887+0000] {processor.py:208} INFO - Processing /opt/airflow/dags/reddit_dag.py took 0.488 seconds
[2024-11-05T23:46:23.157+0000] {processor.py:186} INFO - Started process (PID=59) to work on /opt/airflow/dags/reddit_dag.py
[2024-11-05T23:46:23.158+0000] {processor.py:914} INFO - Processing file /opt/airflow/dags/reddit_dag.py for tasks to queue
[2024-11-05T23:46:23.159+0000] {logging_mixin.py:190} INFO - [2024-11-05T23:46:23.159+0000] {dagbag.py:588} INFO - Filling up the DagBag from /opt/airflow/dags/reddit_dag.py
[2024-11-05T23:46:23.572+0000] {logging_mixin.py:190} INFO - [2024-11-05T23:46:23.567+0000] {dagbag.py:387} ERROR - Failed to import: /opt/airflow/dags/reddit_dag.py
Traceback (most recent call last):
  File "/home/airflow/.local/lib/python3.10/site-packages/airflow/models/dagbag.py", line 383, in parse
    loader.exec_module(new_module)
  File "<frozen importlib._bootstrap_external>", line 883, in exec_module
  File "<frozen importlib._bootstrap>", line 241, in _call_with_frames_removed
  File "/opt/airflow/dags/reddit_dag.py", line 11, in <module>
    from pipelines.aws_s3_pipeline import upload_s3_pipeline
  File "/opt/airflow/pipelines/aws_s3_pipeline.py", line 1, in <module>
    from etls.aws_etl import connect_to_s3, create_bucket_if_not_exist, upload_to_s3
  File "/opt/airflow/etls/aws_etl.py", line 1, in <module>
    import s3fs
ModuleNotFoundError: No module named 's3fs'
[2024-11-05T23:46:23.574+0000] {processor.py:927} WARNING - No viable dags retrieved from /opt/airflow/dags/reddit_dag.py
[2024-11-05T23:46:23.587+0000] {processor.py:208} INFO - Processing /opt/airflow/dags/reddit_dag.py took 0.435 seconds
[2024-11-05T23:49:35.858+0000] {processor.py:186} INFO - Started process (PID=29) to work on /opt/airflow/dags/reddit_dag.py
[2024-11-05T23:49:35.859+0000] {processor.py:914} INFO - Processing file /opt/airflow/dags/reddit_dag.py for tasks to queue
[2024-11-05T23:49:35.862+0000] {logging_mixin.py:190} INFO - [2024-11-05T23:49:35.862+0000] {dagbag.py:588} INFO - Filling up the DagBag from /opt/airflow/dags/reddit_dag.py
[2024-11-05T23:49:36.857+0000] {processor.py:925} INFO - DAG(s) 'etl_reddit_pipeline' retrieved from /opt/airflow/dags/reddit_dag.py
[2024-11-05T23:49:37.111+0000] {logging_mixin.py:190} INFO - [2024-11-05T23:49:37.110+0000] {override.py:1907} INFO - Created Permission View: can edit on DAG:etl_reddit_pipeline
[2024-11-05T23:49:37.126+0000] {logging_mixin.py:190} INFO - [2024-11-05T23:49:37.125+0000] {override.py:1907} INFO - Created Permission View: can read on DAG:etl_reddit_pipeline
[2024-11-05T23:49:37.144+0000] {logging_mixin.py:190} INFO - [2024-11-05T23:49:37.143+0000] {override.py:1907} INFO - Created Permission View: can delete on DAG:etl_reddit_pipeline
[2024-11-05T23:49:37.159+0000] {logging_mixin.py:190} INFO - [2024-11-05T23:49:37.158+0000] {override.py:1907} INFO - Created Permission View: can create on DAG Run:etl_reddit_pipeline
[2024-11-05T23:49:37.176+0000] {logging_mixin.py:190} INFO - [2024-11-05T23:49:37.175+0000] {override.py:1907} INFO - Created Permission View: can read on DAG Run:etl_reddit_pipeline
[2024-11-05T23:49:37.199+0000] {logging_mixin.py:190} INFO - [2024-11-05T23:49:37.199+0000] {override.py:1907} INFO - Created Permission View: menu access on DAG Run:etl_reddit_pipeline
[2024-11-05T23:49:37.209+0000] {logging_mixin.py:190} INFO - [2024-11-05T23:49:37.209+0000] {override.py:1907} INFO - Created Permission View: can delete on DAG Run:etl_reddit_pipeline
[2024-11-05T23:49:37.210+0000] {logging_mixin.py:190} INFO - [2024-11-05T23:49:37.210+0000] {dag.py:3239} INFO - Sync 1 DAGs
[2024-11-05T23:49:37.223+0000] {logging_mixin.py:190} INFO - [2024-11-05T23:49:37.223+0000] {dag.py:3262} INFO - Creating ORM DAG for etl_reddit_pipeline
[2024-11-05T23:49:37.241+0000] {logging_mixin.py:190} INFO - [2024-11-05T23:49:37.241+0000] {dag.py:4180} INFO - Setting next_dagrun for etl_reddit_pipeline to 2024-11-04 00:00:00+00:00, run_after=2024-11-05 00:00:00+00:00
[2024-11-05T23:49:37.291+0000] {processor.py:208} INFO - Processing /opt/airflow/dags/reddit_dag.py took 1.441 seconds
[2024-11-05T23:50:07.555+0000] {processor.py:186} INFO - Started process (PID=31) to work on /opt/airflow/dags/reddit_dag.py
[2024-11-05T23:50:07.556+0000] {processor.py:914} INFO - Processing file /opt/airflow/dags/reddit_dag.py for tasks to queue
[2024-11-05T23:50:07.558+0000] {logging_mixin.py:190} INFO - [2024-11-05T23:50:07.558+0000] {dagbag.py:588} INFO - Filling up the DagBag from /opt/airflow/dags/reddit_dag.py
[2024-11-05T23:50:08.121+0000] {processor.py:925} INFO - DAG(s) 'etl_reddit_pipeline' retrieved from /opt/airflow/dags/reddit_dag.py
[2024-11-05T23:50:08.137+0000] {logging_mixin.py:190} INFO - [2024-11-05T23:50:08.137+0000] {dag.py:3239} INFO - Sync 1 DAGs
[2024-11-05T23:50:08.154+0000] {logging_mixin.py:190} INFO - [2024-11-05T23:50:08.154+0000] {dag.py:4180} INFO - Setting next_dagrun for etl_reddit_pipeline to 2024-11-04 00:00:00+00:00, run_after=2024-11-05 00:00:00+00:00
[2024-11-05T23:50:08.170+0000] {processor.py:208} INFO - Processing /opt/airflow/dags/reddit_dag.py took 0.620 seconds
[2024-11-05T23:50:38.397+0000] {processor.py:186} INFO - Started process (PID=33) to work on /opt/airflow/dags/reddit_dag.py
[2024-11-05T23:50:38.398+0000] {processor.py:914} INFO - Processing file /opt/airflow/dags/reddit_dag.py for tasks to queue
[2024-11-05T23:50:38.400+0000] {logging_mixin.py:190} INFO - [2024-11-05T23:50:38.400+0000] {dagbag.py:588} INFO - Filling up the DagBag from /opt/airflow/dags/reddit_dag.py
[2024-11-05T23:50:38.839+0000] {processor.py:925} INFO - DAG(s) 'etl_reddit_pipeline' retrieved from /opt/airflow/dags/reddit_dag.py
[2024-11-05T23:50:38.855+0000] {logging_mixin.py:190} INFO - [2024-11-05T23:50:38.855+0000] {dag.py:3239} INFO - Sync 1 DAGs
[2024-11-05T23:50:38.874+0000] {logging_mixin.py:190} INFO - [2024-11-05T23:50:38.874+0000] {dag.py:4180} INFO - Setting next_dagrun for etl_reddit_pipeline to 2024-11-04 00:00:00+00:00, run_after=2024-11-05 00:00:00+00:00
[2024-11-05T23:50:38.890+0000] {processor.py:208} INFO - Processing /opt/airflow/dags/reddit_dag.py took 0.499 seconds
[2024-11-05T23:51:09.204+0000] {processor.py:186} INFO - Started process (PID=35) to work on /opt/airflow/dags/reddit_dag.py
[2024-11-05T23:51:09.205+0000] {processor.py:914} INFO - Processing file /opt/airflow/dags/reddit_dag.py for tasks to queue
[2024-11-05T23:51:09.206+0000] {logging_mixin.py:190} INFO - [2024-11-05T23:51:09.206+0000] {dagbag.py:588} INFO - Filling up the DagBag from /opt/airflow/dags/reddit_dag.py
[2024-11-05T23:51:09.659+0000] {processor.py:925} INFO - DAG(s) 'etl_reddit_pipeline' retrieved from /opt/airflow/dags/reddit_dag.py
[2024-11-05T23:51:09.679+0000] {logging_mixin.py:190} INFO - [2024-11-05T23:51:09.679+0000] {dag.py:3239} INFO - Sync 1 DAGs
[2024-11-05T23:51:09.697+0000] {logging_mixin.py:190} INFO - [2024-11-05T23:51:09.697+0000] {dag.py:4180} INFO - Setting next_dagrun for etl_reddit_pipeline to 2024-11-04 00:00:00+00:00, run_after=2024-11-05 00:00:00+00:00
[2024-11-05T23:51:09.716+0000] {processor.py:208} INFO - Processing /opt/airflow/dags/reddit_dag.py took 0.517 seconds
[2024-11-05T23:51:39.909+0000] {processor.py:186} INFO - Started process (PID=37) to work on /opt/airflow/dags/reddit_dag.py
[2024-11-05T23:51:39.909+0000] {processor.py:914} INFO - Processing file /opt/airflow/dags/reddit_dag.py for tasks to queue
[2024-11-05T23:51:39.912+0000] {logging_mixin.py:190} INFO - [2024-11-05T23:51:39.911+0000] {dagbag.py:588} INFO - Filling up the DagBag from /opt/airflow/dags/reddit_dag.py
[2024-11-05T23:51:40.340+0000] {processor.py:925} INFO - DAG(s) 'etl_reddit_pipeline' retrieved from /opt/airflow/dags/reddit_dag.py
[2024-11-05T23:51:40.357+0000] {logging_mixin.py:190} INFO - [2024-11-05T23:51:40.357+0000] {dag.py:3239} INFO - Sync 1 DAGs
[2024-11-05T23:51:40.375+0000] {logging_mixin.py:190} INFO - [2024-11-05T23:51:40.374+0000] {dag.py:4180} INFO - Setting next_dagrun for etl_reddit_pipeline to 2024-11-04 00:00:00+00:00, run_after=2024-11-05 00:00:00+00:00
[2024-11-05T23:51:40.395+0000] {processor.py:208} INFO - Processing /opt/airflow/dags/reddit_dag.py took 0.491 seconds
[2024-11-05T23:52:10.642+0000] {processor.py:186} INFO - Started process (PID=39) to work on /opt/airflow/dags/reddit_dag.py
[2024-11-05T23:52:10.643+0000] {processor.py:914} INFO - Processing file /opt/airflow/dags/reddit_dag.py for tasks to queue
[2024-11-05T23:52:10.645+0000] {logging_mixin.py:190} INFO - [2024-11-05T23:52:10.645+0000] {dagbag.py:588} INFO - Filling up the DagBag from /opt/airflow/dags/reddit_dag.py
[2024-11-05T23:52:11.088+0000] {processor.py:925} INFO - DAG(s) 'etl_reddit_pipeline' retrieved from /opt/airflow/dags/reddit_dag.py
[2024-11-05T23:52:11.106+0000] {logging_mixin.py:190} INFO - [2024-11-05T23:52:11.106+0000] {dag.py:3239} INFO - Sync 1 DAGs
[2024-11-05T23:52:11.124+0000] {logging_mixin.py:190} INFO - [2024-11-05T23:52:11.123+0000] {dag.py:4180} INFO - Setting next_dagrun for etl_reddit_pipeline to 2024-11-04 00:00:00+00:00, run_after=2024-11-05 00:00:00+00:00
[2024-11-05T23:52:11.151+0000] {processor.py:208} INFO - Processing /opt/airflow/dags/reddit_dag.py took 0.514 seconds
[2024-11-05T23:52:41.434+0000] {processor.py:186} INFO - Started process (PID=41) to work on /opt/airflow/dags/reddit_dag.py
[2024-11-05T23:52:41.435+0000] {processor.py:914} INFO - Processing file /opt/airflow/dags/reddit_dag.py for tasks to queue
[2024-11-05T23:52:41.438+0000] {logging_mixin.py:190} INFO - [2024-11-05T23:52:41.437+0000] {dagbag.py:588} INFO - Filling up the DagBag from /opt/airflow/dags/reddit_dag.py
[2024-11-05T23:52:41.879+0000] {processor.py:925} INFO - DAG(s) 'etl_reddit_pipeline' retrieved from /opt/airflow/dags/reddit_dag.py
[2024-11-05T23:52:41.897+0000] {logging_mixin.py:190} INFO - [2024-11-05T23:52:41.896+0000] {dag.py:3239} INFO - Sync 1 DAGs
[2024-11-05T23:52:41.915+0000] {logging_mixin.py:190} INFO - [2024-11-05T23:52:41.915+0000] {dag.py:4180} INFO - Setting next_dagrun for etl_reddit_pipeline to 2024-11-04 00:00:00+00:00, run_after=2024-11-05 00:00:00+00:00
[2024-11-05T23:52:41.934+0000] {processor.py:208} INFO - Processing /opt/airflow/dags/reddit_dag.py took 0.504 seconds
[2024-11-05T23:53:12.232+0000] {processor.py:186} INFO - Started process (PID=43) to work on /opt/airflow/dags/reddit_dag.py
[2024-11-05T23:53:12.233+0000] {processor.py:914} INFO - Processing file /opt/airflow/dags/reddit_dag.py for tasks to queue
[2024-11-05T23:53:12.235+0000] {logging_mixin.py:190} INFO - [2024-11-05T23:53:12.235+0000] {dagbag.py:588} INFO - Filling up the DagBag from /opt/airflow/dags/reddit_dag.py
[2024-11-05T23:53:12.705+0000] {processor.py:925} INFO - DAG(s) 'etl_reddit_pipeline' retrieved from /opt/airflow/dags/reddit_dag.py
[2024-11-05T23:53:12.723+0000] {logging_mixin.py:190} INFO - [2024-11-05T23:53:12.723+0000] {dag.py:3239} INFO - Sync 1 DAGs
[2024-11-05T23:53:12.742+0000] {logging_mixin.py:190} INFO - [2024-11-05T23:53:12.742+0000] {dag.py:4180} INFO - Setting next_dagrun for etl_reddit_pipeline to 2024-11-04 00:00:00+00:00, run_after=2024-11-05 00:00:00+00:00
[2024-11-05T23:53:12.769+0000] {processor.py:208} INFO - Processing /opt/airflow/dags/reddit_dag.py took 0.542 seconds
[2024-11-05T23:53:43.005+0000] {processor.py:186} INFO - Started process (PID=45) to work on /opt/airflow/dags/reddit_dag.py
[2024-11-05T23:53:43.006+0000] {processor.py:914} INFO - Processing file /opt/airflow/dags/reddit_dag.py for tasks to queue
[2024-11-05T23:53:43.008+0000] {logging_mixin.py:190} INFO - [2024-11-05T23:53:43.007+0000] {dagbag.py:588} INFO - Filling up the DagBag from /opt/airflow/dags/reddit_dag.py
[2024-11-05T23:53:43.575+0000] {processor.py:925} INFO - DAG(s) 'etl_reddit_pipeline' retrieved from /opt/airflow/dags/reddit_dag.py
[2024-11-05T23:53:43.591+0000] {logging_mixin.py:190} INFO - [2024-11-05T23:53:43.591+0000] {dag.py:3239} INFO - Sync 1 DAGs
[2024-11-05T23:53:43.607+0000] {logging_mixin.py:190} INFO - [2024-11-05T23:53:43.607+0000] {dag.py:4180} INFO - Setting next_dagrun for etl_reddit_pipeline to 2024-11-04 00:00:00+00:00, run_after=2024-11-05 00:00:00+00:00
[2024-11-05T23:53:43.624+0000] {processor.py:208} INFO - Processing /opt/airflow/dags/reddit_dag.py took 0.624 seconds
[2024-11-05T23:54:13.997+0000] {processor.py:186} INFO - Started process (PID=47) to work on /opt/airflow/dags/reddit_dag.py
[2024-11-05T23:54:13.998+0000] {processor.py:914} INFO - Processing file /opt/airflow/dags/reddit_dag.py for tasks to queue
[2024-11-05T23:54:13.999+0000] {logging_mixin.py:190} INFO - [2024-11-05T23:54:13.999+0000] {dagbag.py:588} INFO - Filling up the DagBag from /opt/airflow/dags/reddit_dag.py
[2024-11-05T23:54:14.441+0000] {processor.py:925} INFO - DAG(s) 'etl_reddit_pipeline' retrieved from /opt/airflow/dags/reddit_dag.py
[2024-11-05T23:54:14.458+0000] {logging_mixin.py:190} INFO - [2024-11-05T23:54:14.457+0000] {dag.py:3239} INFO - Sync 1 DAGs
[2024-11-05T23:54:14.475+0000] {logging_mixin.py:190} INFO - [2024-11-05T23:54:14.475+0000] {dag.py:4180} INFO - Setting next_dagrun for etl_reddit_pipeline to 2024-11-04 00:00:00+00:00, run_after=2024-11-05 00:00:00+00:00
[2024-11-05T23:54:14.494+0000] {processor.py:208} INFO - Processing /opt/airflow/dags/reddit_dag.py took 0.502 seconds
[2024-11-05T23:54:44.558+0000] {processor.py:186} INFO - Started process (PID=49) to work on /opt/airflow/dags/reddit_dag.py
[2024-11-05T23:54:44.559+0000] {processor.py:914} INFO - Processing file /opt/airflow/dags/reddit_dag.py for tasks to queue
[2024-11-05T23:54:44.561+0000] {logging_mixin.py:190} INFO - [2024-11-05T23:54:44.560+0000] {dagbag.py:588} INFO - Filling up the DagBag from /opt/airflow/dags/reddit_dag.py
[2024-11-05T23:54:44.983+0000] {processor.py:925} INFO - DAG(s) 'etl_reddit_pipeline' retrieved from /opt/airflow/dags/reddit_dag.py
[2024-11-05T23:54:44.999+0000] {logging_mixin.py:190} INFO - [2024-11-05T23:54:44.999+0000] {dag.py:3239} INFO - Sync 1 DAGs
[2024-11-05T23:54:45.016+0000] {logging_mixin.py:190} INFO - [2024-11-05T23:54:45.016+0000] {dag.py:4180} INFO - Setting next_dagrun for etl_reddit_pipeline to 2024-11-04 00:00:00+00:00, run_after=2024-11-05 00:00:00+00:00
[2024-11-05T23:54:45.037+0000] {processor.py:208} INFO - Processing /opt/airflow/dags/reddit_dag.py took 0.484 seconds
[2024-11-05T23:55:15.079+0000] {processor.py:186} INFO - Started process (PID=51) to work on /opt/airflow/dags/reddit_dag.py
[2024-11-05T23:55:15.080+0000] {processor.py:914} INFO - Processing file /opt/airflow/dags/reddit_dag.py for tasks to queue
[2024-11-05T23:55:15.082+0000] {logging_mixin.py:190} INFO - [2024-11-05T23:55:15.082+0000] {dagbag.py:588} INFO - Filling up the DagBag from /opt/airflow/dags/reddit_dag.py
[2024-11-05T23:55:15.515+0000] {processor.py:925} INFO - DAG(s) 'etl_reddit_pipeline' retrieved from /opt/airflow/dags/reddit_dag.py
[2024-11-05T23:55:15.533+0000] {logging_mixin.py:190} INFO - [2024-11-05T23:55:15.532+0000] {dag.py:3239} INFO - Sync 1 DAGs
[2024-11-05T23:55:15.552+0000] {logging_mixin.py:190} INFO - [2024-11-05T23:55:15.552+0000] {dag.py:4180} INFO - Setting next_dagrun for etl_reddit_pipeline to 2024-11-04 00:00:00+00:00, run_after=2024-11-05 00:00:00+00:00
[2024-11-05T23:55:15.570+0000] {processor.py:208} INFO - Processing /opt/airflow/dags/reddit_dag.py took 0.495 seconds
[2024-11-05T23:55:45.605+0000] {processor.py:186} INFO - Started process (PID=53) to work on /opt/airflow/dags/reddit_dag.py
[2024-11-05T23:55:45.606+0000] {processor.py:914} INFO - Processing file /opt/airflow/dags/reddit_dag.py for tasks to queue
[2024-11-05T23:55:45.608+0000] {logging_mixin.py:190} INFO - [2024-11-05T23:55:45.608+0000] {dagbag.py:588} INFO - Filling up the DagBag from /opt/airflow/dags/reddit_dag.py
[2024-11-05T23:55:46.073+0000] {processor.py:925} INFO - DAG(s) 'etl_reddit_pipeline' retrieved from /opt/airflow/dags/reddit_dag.py
[2024-11-05T23:55:46.090+0000] {logging_mixin.py:190} INFO - [2024-11-05T23:55:46.089+0000] {dag.py:3239} INFO - Sync 1 DAGs
[2024-11-05T23:55:46.108+0000] {logging_mixin.py:190} INFO - [2024-11-05T23:55:46.107+0000] {dag.py:4180} INFO - Setting next_dagrun for etl_reddit_pipeline to 2024-11-04 00:00:00+00:00, run_after=2024-11-05 00:00:00+00:00
[2024-11-05T23:55:46.126+0000] {processor.py:208} INFO - Processing /opt/airflow/dags/reddit_dag.py took 0.526 seconds
[2024-11-05T23:56:16.219+0000] {processor.py:186} INFO - Started process (PID=55) to work on /opt/airflow/dags/reddit_dag.py
[2024-11-05T23:56:16.220+0000] {processor.py:914} INFO - Processing file /opt/airflow/dags/reddit_dag.py for tasks to queue
[2024-11-05T23:56:16.221+0000] {logging_mixin.py:190} INFO - [2024-11-05T23:56:16.221+0000] {dagbag.py:588} INFO - Filling up the DagBag from /opt/airflow/dags/reddit_dag.py
[2024-11-05T23:56:16.667+0000] {processor.py:925} INFO - DAG(s) 'etl_reddit_pipeline' retrieved from /opt/airflow/dags/reddit_dag.py
[2024-11-05T23:56:16.684+0000] {logging_mixin.py:190} INFO - [2024-11-05T23:56:16.684+0000] {dag.py:3239} INFO - Sync 1 DAGs
[2024-11-05T23:56:16.703+0000] {logging_mixin.py:190} INFO - [2024-11-05T23:56:16.702+0000] {dag.py:4180} INFO - Setting next_dagrun for etl_reddit_pipeline to 2024-11-04 00:00:00+00:00, run_after=2024-11-05 00:00:00+00:00
[2024-11-05T23:56:16.719+0000] {processor.py:208} INFO - Processing /opt/airflow/dags/reddit_dag.py took 0.506 seconds
[2024-11-05T23:56:47.030+0000] {processor.py:186} INFO - Started process (PID=57) to work on /opt/airflow/dags/reddit_dag.py
[2024-11-05T23:56:47.031+0000] {processor.py:914} INFO - Processing file /opt/airflow/dags/reddit_dag.py for tasks to queue
[2024-11-05T23:56:47.033+0000] {logging_mixin.py:190} INFO - [2024-11-05T23:56:47.033+0000] {dagbag.py:588} INFO - Filling up the DagBag from /opt/airflow/dags/reddit_dag.py
[2024-11-05T23:56:47.481+0000] {processor.py:925} INFO - DAG(s) 'etl_reddit_pipeline' retrieved from /opt/airflow/dags/reddit_dag.py
[2024-11-05T23:56:47.499+0000] {logging_mixin.py:190} INFO - [2024-11-05T23:56:47.499+0000] {dag.py:3239} INFO - Sync 1 DAGs
[2024-11-05T23:56:47.517+0000] {logging_mixin.py:190} INFO - [2024-11-05T23:56:47.517+0000] {dag.py:4180} INFO - Setting next_dagrun for etl_reddit_pipeline to 2024-11-04 00:00:00+00:00, run_after=2024-11-05 00:00:00+00:00
[2024-11-05T23:56:47.536+0000] {processor.py:208} INFO - Processing /opt/airflow/dags/reddit_dag.py took 0.511 seconds
[2024-11-05T23:57:17.858+0000] {processor.py:186} INFO - Started process (PID=59) to work on /opt/airflow/dags/reddit_dag.py
[2024-11-05T23:57:17.859+0000] {processor.py:914} INFO - Processing file /opt/airflow/dags/reddit_dag.py for tasks to queue
[2024-11-05T23:57:17.862+0000] {logging_mixin.py:190} INFO - [2024-11-05T23:57:17.861+0000] {dagbag.py:588} INFO - Filling up the DagBag from /opt/airflow/dags/reddit_dag.py
[2024-11-05T23:57:18.296+0000] {processor.py:925} INFO - DAG(s) 'etl_reddit_pipeline' retrieved from /opt/airflow/dags/reddit_dag.py
[2024-11-05T23:57:18.313+0000] {logging_mixin.py:190} INFO - [2024-11-05T23:57:18.313+0000] {dag.py:3239} INFO - Sync 1 DAGs
[2024-11-05T23:57:18.333+0000] {logging_mixin.py:190} INFO - [2024-11-05T23:57:18.333+0000] {dag.py:4180} INFO - Setting next_dagrun for etl_reddit_pipeline to 2024-11-04 00:00:00+00:00, run_after=2024-11-05 00:00:00+00:00
[2024-11-05T23:57:18.353+0000] {processor.py:208} INFO - Processing /opt/airflow/dags/reddit_dag.py took 0.499 seconds
[2024-11-05T23:57:48.559+0000] {processor.py:186} INFO - Started process (PID=61) to work on /opt/airflow/dags/reddit_dag.py
[2024-11-05T23:57:48.560+0000] {processor.py:914} INFO - Processing file /opt/airflow/dags/reddit_dag.py for tasks to queue
[2024-11-05T23:57:48.561+0000] {logging_mixin.py:190} INFO - [2024-11-05T23:57:48.561+0000] {dagbag.py:588} INFO - Filling up the DagBag from /opt/airflow/dags/reddit_dag.py
[2024-11-05T23:57:49.023+0000] {processor.py:925} INFO - DAG(s) 'etl_reddit_pipeline' retrieved from /opt/airflow/dags/reddit_dag.py
[2024-11-05T23:57:49.039+0000] {logging_mixin.py:190} INFO - [2024-11-05T23:57:49.039+0000] {dag.py:3239} INFO - Sync 1 DAGs
[2024-11-05T23:57:49.057+0000] {logging_mixin.py:190} INFO - [2024-11-05T23:57:49.057+0000] {dag.py:4180} INFO - Setting next_dagrun for etl_reddit_pipeline to 2024-11-04 00:00:00+00:00, run_after=2024-11-05 00:00:00+00:00
[2024-11-05T23:57:49.077+0000] {processor.py:208} INFO - Processing /opt/airflow/dags/reddit_dag.py took 0.523 seconds
[2024-11-05T23:58:19.421+0000] {processor.py:186} INFO - Started process (PID=63) to work on /opt/airflow/dags/reddit_dag.py
[2024-11-05T23:58:19.422+0000] {processor.py:914} INFO - Processing file /opt/airflow/dags/reddit_dag.py for tasks to queue
[2024-11-05T23:58:19.424+0000] {logging_mixin.py:190} INFO - [2024-11-05T23:58:19.424+0000] {dagbag.py:588} INFO - Filling up the DagBag from /opt/airflow/dags/reddit_dag.py
[2024-11-05T23:58:19.903+0000] {processor.py:925} INFO - DAG(s) 'etl_reddit_pipeline' retrieved from /opt/airflow/dags/reddit_dag.py
[2024-11-05T23:58:19.921+0000] {logging_mixin.py:190} INFO - [2024-11-05T23:58:19.920+0000] {dag.py:3239} INFO - Sync 1 DAGs
[2024-11-05T23:58:19.940+0000] {logging_mixin.py:190} INFO - [2024-11-05T23:58:19.940+0000] {dag.py:4180} INFO - Setting next_dagrun for etl_reddit_pipeline to 2024-11-04 00:00:00+00:00, run_after=2024-11-05 00:00:00+00:00
[2024-11-05T23:58:19.959+0000] {processor.py:208} INFO - Processing /opt/airflow/dags/reddit_dag.py took 0.543 seconds
[2024-11-05T23:58:50.142+0000] {processor.py:186} INFO - Started process (PID=65) to work on /opt/airflow/dags/reddit_dag.py
[2024-11-05T23:58:50.143+0000] {processor.py:914} INFO - Processing file /opt/airflow/dags/reddit_dag.py for tasks to queue
[2024-11-05T23:58:50.146+0000] {logging_mixin.py:190} INFO - [2024-11-05T23:58:50.146+0000] {dagbag.py:588} INFO - Filling up the DagBag from /opt/airflow/dags/reddit_dag.py
[2024-11-05T23:58:50.621+0000] {processor.py:925} INFO - DAG(s) 'etl_reddit_pipeline' retrieved from /opt/airflow/dags/reddit_dag.py
[2024-11-05T23:58:50.639+0000] {logging_mixin.py:190} INFO - [2024-11-05T23:58:50.639+0000] {dag.py:3239} INFO - Sync 1 DAGs
[2024-11-05T23:58:50.657+0000] {logging_mixin.py:190} INFO - [2024-11-05T23:58:50.657+0000] {dag.py:4180} INFO - Setting next_dagrun for etl_reddit_pipeline to 2024-11-04 00:00:00+00:00, run_after=2024-11-05 00:00:00+00:00
[2024-11-05T23:58:50.677+0000] {processor.py:208} INFO - Processing /opt/airflow/dags/reddit_dag.py took 0.542 seconds
[2024-11-05T23:59:20.987+0000] {processor.py:186} INFO - Started process (PID=67) to work on /opt/airflow/dags/reddit_dag.py
[2024-11-05T23:59:20.988+0000] {processor.py:914} INFO - Processing file /opt/airflow/dags/reddit_dag.py for tasks to queue
[2024-11-05T23:59:20.990+0000] {logging_mixin.py:190} INFO - [2024-11-05T23:59:20.989+0000] {dagbag.py:588} INFO - Filling up the DagBag from /opt/airflow/dags/reddit_dag.py
[2024-11-05T23:59:21.443+0000] {processor.py:925} INFO - DAG(s) 'etl_reddit_pipeline' retrieved from /opt/airflow/dags/reddit_dag.py
[2024-11-05T23:59:21.463+0000] {logging_mixin.py:190} INFO - [2024-11-05T23:59:21.462+0000] {dag.py:3239} INFO - Sync 1 DAGs
[2024-11-05T23:59:21.481+0000] {logging_mixin.py:190} INFO - [2024-11-05T23:59:21.481+0000] {dag.py:4180} INFO - Setting next_dagrun for etl_reddit_pipeline to 2024-11-04 00:00:00+00:00, run_after=2024-11-05 00:00:00+00:00
[2024-11-05T23:59:21.500+0000] {processor.py:208} INFO - Processing /opt/airflow/dags/reddit_dag.py took 0.518 seconds
[2024-11-05T23:59:51.616+0000] {processor.py:186} INFO - Started process (PID=69) to work on /opt/airflow/dags/reddit_dag.py
[2024-11-05T23:59:51.617+0000] {processor.py:914} INFO - Processing file /opt/airflow/dags/reddit_dag.py for tasks to queue
[2024-11-05T23:59:51.619+0000] {logging_mixin.py:190} INFO - [2024-11-05T23:59:51.619+0000] {dagbag.py:588} INFO - Filling up the DagBag from /opt/airflow/dags/reddit_dag.py
[2024-11-05T23:59:52.087+0000] {processor.py:925} INFO - DAG(s) 'etl_reddit_pipeline' retrieved from /opt/airflow/dags/reddit_dag.py
[2024-11-05T23:59:52.106+0000] {logging_mixin.py:190} INFO - [2024-11-05T23:59:52.105+0000] {dag.py:3239} INFO - Sync 1 DAGs
[2024-11-05T23:59:52.124+0000] {logging_mixin.py:190} INFO - [2024-11-05T23:59:52.124+0000] {dag.py:4180} INFO - Setting next_dagrun for etl_reddit_pipeline to 2024-11-05 00:00:00+00:00, run_after=2024-11-06 00:00:00+00:00
[2024-11-05T23:59:52.141+0000] {processor.py:208} INFO - Processing /opt/airflow/dags/reddit_dag.py took 0.530 seconds
