[2024-11-06T00:51:19.841+0000] {local_task_job_runner.py:123} INFO - ::group::Pre task execution logs
[2024-11-06T00:51:19.858+0000] {taskinstance.py:2612} INFO - Dependencies all met for dep_context=non-requeueable deps ti=<TaskInstance: etl_reddit_pipeline.s3_upload manual__2024-11-06T00:50:58.236847+00:00 [queued]>
[2024-11-06T00:51:19.868+0000] {taskinstance.py:2612} INFO - Dependencies all met for dep_context=requeueable deps ti=<TaskInstance: etl_reddit_pipeline.s3_upload manual__2024-11-06T00:50:58.236847+00:00 [queued]>
[2024-11-06T00:51:19.870+0000] {taskinstance.py:2865} INFO - Starting attempt 1 of 1
[2024-11-06T00:51:19.887+0000] {taskinstance.py:2888} INFO - Executing <Task(PythonOperator): s3_upload> on 2024-11-06 00:50:58.236847+00:00
[2024-11-06T00:51:19.892+0000] {standard_task_runner.py:72} INFO - Started process 88 to run task
[2024-11-06T00:51:19.895+0000] {standard_task_runner.py:104} INFO - Running: ['airflow', 'tasks', 'run', 'etl_reddit_pipeline', 's3_upload', 'manual__2024-11-06T00:50:58.236847+00:00', '--job-id', '11', '--raw', '--subdir', 'DAGS_FOLDER/reddit_dag.py', '--cfg-path', '/tmp/tmpalph2dop']
[2024-11-06T00:51:19.898+0000] {standard_task_runner.py:105} INFO - Job 11: Subtask s3_upload
[2024-11-06T00:51:19.942+0000] {task_command.py:467} INFO - Running <TaskInstance: etl_reddit_pipeline.s3_upload manual__2024-11-06T00:50:58.236847+00:00 [running]> on host 3a2fdfeb3856
[2024-11-06T00:51:20.019+0000] {taskinstance.py:3131} INFO - Exporting env vars: AIRFLOW_CTX_DAG_OWNER='Swapnil Deshpande' AIRFLOW_CTX_DAG_ID='etl_reddit_pipeline' AIRFLOW_CTX_TASK_ID='s3_upload' AIRFLOW_CTX_EXECUTION_DATE='2024-11-06T00:50:58.236847+00:00' AIRFLOW_CTX_TRY_NUMBER='1' AIRFLOW_CTX_DAG_RUN_ID='manual__2024-11-06T00:50:58.236847+00:00'
[2024-11-06T00:51:20.021+0000] {taskinstance.py:731} INFO - ::endgroup::
[2024-11-06T00:51:20.040+0000] {logging_mixin.py:190} INFO - Connected to S3
[2024-11-06T00:51:20.321+0000] {logging_mixin.py:190} INFO - Bucket already exists
[2024-11-06T00:51:20.786+0000] {logging_mixin.py:190} INFO - File uploaded to s3://swapn1l-reddit-data-bucket/raw_data/reddit_20241106.csv
[2024-11-06T00:51:20.789+0000] {python.py:240} INFO - Done. Returned value was: None
[2024-11-06T00:51:20.797+0000] {taskinstance.py:340} INFO - ::group::Post task execution logs
[2024-11-06T00:51:20.798+0000] {taskinstance.py:352} INFO - Marking task as SUCCESS. dag_id=etl_reddit_pipeline, task_id=s3_upload, run_id=manual__2024-11-06T00:50:58.236847+00:00, execution_date=20241106T005058, start_date=20241106T005119, end_date=20241106T005120
[2024-11-06T00:51:20.833+0000] {local_task_job_runner.py:266} INFO - Task exited with return code 0
[2024-11-06T00:51:20.845+0000] {taskinstance.py:3900} INFO - 0 downstream tasks scheduled from follow-on schedule check
[2024-11-06T00:51:20.850+0000] {local_task_job_runner.py:245} INFO - ::endgroup::
